<!DOCTYPE html PUBLIC "-//W3C//DTD XHTML 1.1//EN" "https://www.w3.org/TR/xhtml11/DTD/xhtml11.dtd">
<html xmlns="https://www.w3.org/1999/xhtml">
<head>
    <meta charset='utf-8'>
    <title>TestNG Report</title>
    <style type="text/css">
table {margin-bottom:10px;border-collapse:collapse;empty-cells:show}
td,th {border:1px solid #009;padding:.25em .5em}
.result th {vertical-align:bottom}
.param th {padding-left:1em;padding-right:1em}
.param td {padding-left:.5em;padding-right:2em}
.stripe td,.stripe th {background-color: #E6EBF9}
.numi,.numi_attn {text-align:right}
.total td {font-weight:bold}
.passedodd td {background-color: #0A0}
.passedeven td {background-color: #3F3}
.skippedodd td {background-color: #CCC}
.skippedodd td {background-color: #DDD}
.failedodd td,.numi_attn {background-color: #F33}
.failedeven td,.stripe .numi_attn {background-color: #D00}
.stacktrace {white-space:pre;font-family:monospace}
.totop {font-size:85%;text-align:center;border-bottom:2px solid #000}

    </style>
</head>
<body>
<table cellspacing="0" cellpadding="0" class="testOverview">
    <tr>
        <th>Test</th>
        <th>Methods<br/>Passed</th>
        <th>Scenarios<br/>Passed</th>
        <th># skipped</th>
        <th># failed</th>
        <th>Total<br/>Time</th>
        <th>Included<br/>Groups</th>
        <th>Excluded<br/>Groups</th>
    </tr>
    <tr>
        <td style="text-align:left;padding-right:2em"><a href="#t1">D:/ATR -
            791/IdeaProjects/MavenProject2/src/test/java/AutoPack1</a></td>
        <td class="numi">8</td>
        <td class="numi">8</td>
        <td class="numi">0</td>
        <td class="numi_attn">27</td>
        <td class="numi">31.2 seconds</td>
        <td class="numi"></td>
        <td class="numi"></td>
    </tr>
</table>
<table cellspacing="0" cellpadding="0" class="methodOverview" id="summary">
    <tr>
        <th>Class</th>
        <th>Method</th>
        <th># of<br/>Scenarios</th>
        <th>Start</th>
        <th>Time<br/>(ms)</th>
    </tr>
    <tr id="t1">
        <th colspan="5">D:/ATR - 791/IdeaProjects/MavenProject2/src/test/java/AutoPack1 &#8212; failed</th>
    </tr>
    <tr class="failedodd">
        <td>AutoPack1.Test1912</td>
        <td><a href="#m1"><b>LoginButton</b> </a></td>
        <td class="numi">1</td>
        <td>1674640836530</td>
        <td class="numi">5</td>
    </tr>
    <tr class="failedeven">
        <td>AutoPack1.DropDownsPractice</td>
        <td><a href="#m2"><b>DropDowmsPractice</b> </a></td>
        <td class="numi">1</td>
        <td>1674640823638</td>
        <td class="numi">713</td>
    </tr>
    <tr class="failedodd">
        <td>AutoPack1.ExchangeExcelOrders</td>
        <td><a href="#m3"><b>Password</b> </a></td>
        <td class="numi">1</td>
        <td>1674640829370</td>
        <td class="numi">10</td>
    </tr>
    <tr class="failedeven">
        <td>AutoPack1.Test1912</td>
        <td><a href="#m4"><b>GetAvailableBalance</b> </a></td>
        <td class="numi">1</td>
        <td>1674640836570</td>
        <td class="numi">7</td>
    </tr>
    <tr class="failedodd">
        <td>AutoPack1.TestFire0901</td>
        <td><a href="#m5"><b>openChatBox</b> </a></td>
        <td class="numi">1</td>
        <td>1674640842026</td>
        <td class="numi">8</td>
    </tr>
    <tr class="failedeven">
        <td>AutoPack1.Test1912</td>
        <td><a href="#m6"><b>price</b> </a></td>
        <td class="numi">1</td>
        <td>1674640836541</td>
        <td class="numi">28</td>
    </tr>
    <tr class="failedodd">
        <td rowspan="2">AutoPack1.TestFire0901</td>
        <td><a href="#m7"><b>SendMessage</b> </a></td>
        <td class="numi">1</td>
        <td>1674640842047</td>
        <td class="numi">4</td>
    </tr>
    <tr class="failedodd">
        <td><a href="#m8"><b>clickOnButton</b> </a></td>
        <td class="numi">1</td>
        <td>1674640842040</td>
        <td class="numi">6</td>
    </tr>
    <tr class="failedeven">
        <td>AutoPack1.ExchangeExcelOrders</td>
        <td><a href="#m9"><b>price</b> </a></td>
        <td class="numi">1</td>
        <td>1674640829416</td>
        <td class="numi">496</td>
    </tr>
    <tr class="failedodd">
        <td>AutoPack1.test</td>
        <td><a href="#m10"><b>runIterator</b> </a></td>
        <td class="numi">1</td>
        <td>1674640842053</td>
        <td class="numi">1</td>
    </tr>
    <tr class="failedeven">
        <td rowspan="2">AutoPack1.ExchangeExcelOrders</td>
        <td><a href="#m11"><b>LoginButton</b> </a></td>
        <td class="numi">1</td>
        <td>1674640829396</td>
        <td class="numi">7</td>
    </tr>
    <tr class="failedeven">
        <td><a href="#m12"><b>Email</b> </a></td>
        <td class="numi">1</td>
        <td>1674640829354</td>
        <td class="numi">13</td>
    </tr>
    <tr class="failedodd">
        <td>AutoPack1.Test1912</td>
        <td><a href="#m13"><b>Email</b> </a></td>
        <td class="numi">1</td>
        <td>1674640836501</td>
        <td class="numi">11</td>
    </tr>
    <tr class="failedeven">
        <td>AutoPack1.TestFire0901</td>
        <td><a href="#m14"><b>OpenWebsite</b> </a></td>
        <td class="numi">1</td>
        <td>1674640837465</td>
        <td class="numi">4560</td>
    </tr>
    <tr class="failedodd">
        <td>AutoPack1.ExchangeExcelOrders</td>
        <td><a href="#m15"><b>NaviGateToExchange</b> </a></td>
        <td class="numi">1</td>
        <td>1674640829405</td>
        <td class="numi">9</td>
    </tr>
    <tr class="failedeven">
        <td>AutoPack1.Test1912</td>
        <td><a href="#m16"><b>Password</b> </a></td>
        <td class="numi">1</td>
        <td>1674640836515</td>
        <td class="numi">9</td>
    </tr>
    <tr class="failedodd">
        <td>AutoPack1.test0812</td>
        <td><a href="#m17"><b>inputEmail</b> </a></td>
        <td class="numi">1</td>
        <td>1674640847370</td>
        <td class="numi">7</td>
    </tr>
    <tr class="failedeven">
        <td>AutoPack1.CompareString</td>
        <td><a href="#m18"><b>launchBrowser</b> </a></td>
        <td class="numi">1</td>
        <td>1674640820760</td>
        <td class="numi">18</td>
    </tr>
    <tr class="failedodd">
        <td>AutoPack1.test0812</td>
        <td><a href="#m19"><b>openUrl</b> </a></td>
        <td class="numi">1</td>
        <td>1674640842872</td>
        <td class="numi">4496</td>
    </tr>
    <tr class="failedeven">
        <td>AutoPack1.ExchangeExcelOrders</td>
        <td><a href="#m20"><b>OpenWebsite</b> </a></td>
        <td class="numi">1</td>
        <td>1674640825356</td>
        <td class="numi">3996</td>
    </tr>
    <tr class="failedodd">
        <td>AutoPack1.MetaMask</td>
        <td><a href="#m21"><b>launchBrowser</b> </a></td>
        <td class="numi">1</td>
        <td>1674640829915</td>
        <td class="numi">16</td>
    </tr>
    <tr class="failedeven">
        <td>AutoPack1.AutoClass1</td>
        <td><a href="#m22"><b>getTitle</b> </a></td>
        <td class="numi">1</td>
        <td>1674640820735</td>
        <td class="numi">17</td>
    </tr>
    <tr class="failedodd">
        <td>AutoPack1.ExchangeExcelOrders</td>
        <td><a href="#m23"><b>Captcha</b> </a></td>
        <td class="numi">1</td>
        <td>1674640829383</td>
        <td class="numi">11</td>
    </tr>
    <tr class="failedeven">
        <td>AutoPack1.Test1912</td>
        <td><a href="#m24"><b>NaviGateToExchange</b> </a></td>
        <td class="numi">1</td>
        <td>1674640836536</td>
        <td class="numi">4</td>
    </tr>
    <tr class="failedodd">
        <td>AutoPack1.MetaMask</td>
        <td><a href="#m25"><b>getMnemonic</b> </a></td>
        <td class="numi">1</td>
        <td>1674640829932</td>
        <td class="numi">2014</td>
    </tr>
    <tr class="failedeven">
        <td>AutoPack1.Test1912</td>
        <td><a href="#m26"><b>Captcha</b> </a></td>
        <td class="numi">1</td>
        <td>1674640836525</td>
        <td class="numi">4</td>
    </tr>
    <tr class="failedodd">
        <td>AutoPack1.CompareString</td>
        <td><a href="#m27"><b>getMnemonic</b> </a></td>
        <td class="numi">1</td>
        <td>1674640820780</td>
        <td class="numi">2008</td>
    </tr>
    <tr>
        <th colspan="5">D:/ATR - 791/IdeaProjects/MavenProject2/src/test/java/AutoPack1 &#8212; passed</th>
    </tr>
    <tr class="passedodd">
        <td>AutoPack1.Test1912</td>
        <td><a href="#m28"><b>InvokeChrome</b> </a></td>
        <td class="numi">1</td>
        <td>1674640831949</td>
        <td class="numi">849</td>
    </tr>
    <tr class="passedeven">
        <td>AutoPack1.TestFire0901</td>
        <td><a href="#m29"><b>InvokeChrome</b> </a></td>
        <td class="numi">1</td>
        <td>1674640836578</td>
        <td class="numi">886</td>
    </tr>
    <tr class="passedodd">
        <td rowspan="2">AutoPack1.AutoClass1</td>
        <td><a href="#m30"><b>openBrowser</b> </a></td>
        <td class="numi">1</td>
        <td>1674640816249</td>
        <td class="numi">2337</td>
    </tr>
    <tr class="passedodd">
        <td><a href="#m31"><b>OpenLink</b> </a></td>
        <td class="numi">1</td>
        <td>1674640818598</td>
        <td class="numi">2136</td>
    </tr>
    <tr class="passedeven">
        <td>AutoPack1.test0812</td>
        <td><a href="#m32"><b>openBrowser</b> </a></td>
        <td class="numi">1</td>
        <td>1674640842055</td>
        <td class="numi">816</td>
    </tr>
    <tr class="passedodd">
        <td>AutoPack1.DropDownsPractice</td>
        <td><a href="#m33"><b>InvokeChrome</b> </a></td>
        <td class="numi">1</td>
        <td>1674640822791</td>
        <td class="numi">846</td>
    </tr>
    <tr class="passedeven">
        <td>AutoPack1.Test1912</td>
        <td><a href="#m34"><b>OpenWebsite</b> </a></td>
        <td class="numi">1</td>
        <td>1674640832799</td>
        <td class="numi">3701</td>
    </tr>
    <tr class="passedodd">
        <td>AutoPack1.ExchangeExcelOrders</td>
        <td><a href="#m35"><b>InvokeChrome</b> </a></td>
        <td class="numi">1</td>
        <td>1674640824354</td>
        <td class="numi">1001</td>
    </tr>
</table>
<h1>D:/ATR - 791/IdeaProjects/MavenProject2/src/test/java/AutoPack1</h1>
<h2 id="m1">AutoPack1.Test1912:LoginButton</h2>
<div>
    <div class="stacktrace">org.openqa.selenium.NoSuchWindowException: no such window: target window already closed
        from unknown error: web view not found
        (Session info: chrome=109.0.5414.119)
        Build info: version: &apos;4.4.0&apos;, revision: &apos;e5c75ed026a&apos;
        System info: host: &apos;ANT-SIMRANJIT-A&apos;, ip: &apos;10.1.8.104&apos;, os.name: &apos;Windows 11&apos;,
        os.arch: &apos;amd64&apos;, os.version: &apos;10.0&apos;, java.version: &apos;11.0.16.1&apos;
        Driver info: org.openqa.selenium.chrome.ChromeDriver
        Command: [fa88ed07302988cee2cfb065d8c82cbc, findElement {using=xpath, value=//button[@class = &apos;ui primary
        button loginUIButton&apos;]}]
        Capabilities {acceptInsecureCerts: false, browserName: chrome, browserVersion: 109.0.5414.119, chrome:
        {chromedriverVersion: 109.0.5414.74 (e7c5703604da..., userDataDir: C:\Users\user\AppData\Local...},
        goog:chromeOptions: {debuggerAddress: localhost:61999}, networkConnectionEnabled: false, pageLoadStrategy:
        normal, platformName: WINDOWS, proxy: Proxy(), se:cdp: ws://localhost:61999/devtoo..., se:cdpVersion:
        109.0.5414.119, setWindowRect: true, strictFileInteractability: false, timeouts: {implicit: 0, pageLoad: 300000,
        script: 30000}, unhandledPromptBehavior: dismiss and notify, webauthn:extension:credBlob: true,
        webauthn:extension:largeBlob: true, webauthn:virtualAuthenticators: true}
        Session ID: fa88ed07302988cee2cfb065d8c82cbc
        at java.base/jdk.internal.reflect.NativeConstructorAccessorImpl.newInstance0(Native Method)
        at
        java.base/jdk.internal.reflect.NativeConstructorAccessorImpl.newInstance(NativeConstructorAccessorImpl.java:62)
        at
        java.base/jdk.internal.reflect.DelegatingConstructorAccessorImpl.newInstance(DelegatingConstructorAccessorImpl.java:45)
        at java.base/java.lang.reflect.Constructor.newInstance(Constructor.java:490)
        at org.openqa.selenium.remote.codec.w3c.W3CHttpResponseCodec.createException(W3CHttpResponseCodec.java:200)
        at org.openqa.selenium.remote.codec.w3c.W3CHttpResponseCodec.decode(W3CHttpResponseCodec.java:133)
        at org.openqa.selenium.remote.codec.w3c.W3CHttpResponseCodec.decode(W3CHttpResponseCodec.java:53)
        at org.openqa.selenium.remote.HttpCommandExecutor.execute(HttpCommandExecutor.java:184)
        at org.openqa.selenium.remote.service.DriverCommandExecutor.invokeExecute(DriverCommandExecutor.java:167)
        at org.openqa.selenium.remote.service.DriverCommandExecutor.execute(DriverCommandExecutor.java:142)
        at org.openqa.selenium.remote.RemoteWebDriver.execute(RemoteWebDriver.java:547)
        at org.openqa.selenium.remote.ElementLocation$ElementFinder$2.findElement(ElementLocation.java:162)
        at org.openqa.selenium.remote.ElementLocation.findElement(ElementLocation.java:60)
        at org.openqa.selenium.remote.RemoteWebDriver.findElement(RemoteWebDriver.java:365)
        at org.openqa.selenium.remote.RemoteWebDriver.findElement(RemoteWebDriver.java:357)
        at AutoPack1.Test1912.LoginButton(Test1912.java:55)
        at java.base/jdk.internal.reflect.NativeMethodAccessorImpl.invoke0(Native Method)
        at java.base/jdk.internal.reflect.NativeMethodAccessorImpl.invoke(NativeMethodAccessorImpl.java:62)
        at java.base/jdk.internal.reflect.DelegatingMethodAccessorImpl.invoke(DelegatingMethodAccessorImpl.java:43)
        at java.base/java.lang.reflect.Method.invoke(Method.java:566)
        at org.testng.internal.MethodInvocationHelper.invokeMethod(MethodInvocationHelper.java:133)
        at org.testng.internal.TestInvoker.invokeMethod(TestInvoker.java:598)
        at org.testng.internal.TestInvoker.invokeTestMethod(TestInvoker.java:173)
        at org.testng.internal.MethodRunner.runInSequence(MethodRunner.java:46)
        at org.testng.internal.TestInvoker$MethodInvocationAgent.invoke(TestInvoker.java:824)
        at org.testng.internal.TestInvoker.invokeTestMethods(TestInvoker.java:146)
        at org.testng.internal.TestMethodWorker.invokeTestMethods(TestMethodWorker.java:146)
        at org.testng.internal.TestMethodWorker.run(TestMethodWorker.java:128)
        at java.base/java.util.ArrayList.forEach(ArrayList.java:1541)
        at org.testng.TestRunner.privateRun(TestRunner.java:794)
        at org.testng.TestRunner.run(TestRunner.java:596)
        at org.testng.SuiteRunner.runTest(SuiteRunner.java:377)
        at org.testng.SuiteRunner.runSequentially(SuiteRunner.java:371)
        at org.testng.SuiteRunner.privateRun(SuiteRunner.java:332)
        at org.testng.SuiteRunner.run(SuiteRunner.java:276)
        at org.testng.SuiteRunnerWorker.runSuite(SuiteRunnerWorker.java:53)
        at org.testng.SuiteRunnerWorker.run(SuiteRunnerWorker.java:96)
        at org.testng.TestNG.runSuitesSequentially(TestNG.java:1212)
        at org.testng.TestNG.runSuitesLocally(TestNG.java:1134)
        at org.testng.TestNG.runSuites(TestNG.java:1063)
        at org.testng.TestNG.run(TestNG.java:1031)
        at com.intellij.rt.testng.IDEARemoteTestNG.run(IDEARemoteTestNG.java:66)
        at com.intellij.rt.testng.RemoteTestNGStarter.main(RemoteTestNGStarter.java:109)
    </div>
</div>
<p class="totop"><a href="#summary">back to summary</a></p>
<h2 id="m2">AutoPack1.DropDownsPractice:DropDowmsPractice</h2>
<div>
    <div class="stacktrace">org.openqa.selenium.NoSuchWindowException: no such window: target window already closed
        from unknown error: web view not found
        (Session info: chrome=109.0.5414.119)
        Build info: version: &apos;4.4.0&apos;, revision: &apos;e5c75ed026a&apos;
        System info: host: &apos;ANT-SIMRANJIT-A&apos;, ip: &apos;10.1.8.104&apos;, os.name: &apos;Windows 11&apos;,
        os.arch: &apos;amd64&apos;, os.version: &apos;10.0&apos;, java.version: &apos;11.0.16.1&apos;
        Driver info: org.openqa.selenium.chrome.ChromeDriver
        Command: [491728f59934c71132a5704dec508494, findElement {using=id,
        value=ctl00_mainContent_DropDownListCurrency}]
        Capabilities {acceptInsecureCerts: false, browserName: chrome, browserVersion: 109.0.5414.119, chrome:
        {chromedriverVersion: 109.0.5414.74 (e7c5703604da..., userDataDir: C:\Users\user\AppData\Local...},
        goog:chromeOptions: {debuggerAddress: localhost:61934}, networkConnectionEnabled: false, pageLoadStrategy:
        normal, platformName: WINDOWS, proxy: Proxy(), se:cdp: ws://localhost:61934/devtoo..., se:cdpVersion:
        109.0.5414.119, setWindowRect: true, strictFileInteractability: false, timeouts: {implicit: 0, pageLoad: 300000,
        script: 30000}, unhandledPromptBehavior: dismiss and notify, webauthn:extension:credBlob: true,
        webauthn:extension:largeBlob: true, webauthn:virtualAuthenticators: true}
        Session ID: 491728f59934c71132a5704dec508494
        at java.base/jdk.internal.reflect.NativeConstructorAccessorImpl.newInstance0(Native Method)
        at
        java.base/jdk.internal.reflect.NativeConstructorAccessorImpl.newInstance(NativeConstructorAccessorImpl.java:62)
        at
        java.base/jdk.internal.reflect.DelegatingConstructorAccessorImpl.newInstance(DelegatingConstructorAccessorImpl.java:45)
        at java.base/java.lang.reflect.Constructor.newInstance(Constructor.java:490)
        at org.openqa.selenium.remote.codec.w3c.W3CHttpResponseCodec.createException(W3CHttpResponseCodec.java:200)
        at org.openqa.selenium.remote.codec.w3c.W3CHttpResponseCodec.decode(W3CHttpResponseCodec.java:133)
        at org.openqa.selenium.remote.codec.w3c.W3CHttpResponseCodec.decode(W3CHttpResponseCodec.java:53)
        at org.openqa.selenium.remote.HttpCommandExecutor.execute(HttpCommandExecutor.java:184)
        at org.openqa.selenium.remote.service.DriverCommandExecutor.invokeExecute(DriverCommandExecutor.java:167)
        at org.openqa.selenium.remote.service.DriverCommandExecutor.execute(DriverCommandExecutor.java:142)
        at org.openqa.selenium.remote.RemoteWebDriver.execute(RemoteWebDriver.java:547)
        at org.openqa.selenium.remote.ElementLocation$ElementFinder$2.findElement(ElementLocation.java:162)
        at org.openqa.selenium.remote.ElementLocation.findElement(ElementLocation.java:66)
        at org.openqa.selenium.remote.RemoteWebDriver.findElement(RemoteWebDriver.java:365)
        at org.openqa.selenium.remote.RemoteWebDriver.findElement(RemoteWebDriver.java:357)
        at AutoPack1.DropDownsPractice.DropDowmsPractice(DropDownsPractice.java:25)
        at java.base/jdk.internal.reflect.NativeMethodAccessorImpl.invoke0(Native Method)
        at java.base/jdk.internal.reflect.NativeMethodAccessorImpl.invoke(NativeMethodAccessorImpl.java:62)
        at java.base/jdk.internal.reflect.DelegatingMethodAccessorImpl.invoke(DelegatingMethodAccessorImpl.java:43)
        at java.base/java.lang.reflect.Method.invoke(Method.java:566)
        at org.testng.internal.MethodInvocationHelper.invokeMethod(MethodInvocationHelper.java:133)
        at org.testng.internal.TestInvoker.invokeMethod(TestInvoker.java:598)
        at org.testng.internal.TestInvoker.invokeTestMethod(TestInvoker.java:173)
        at org.testng.internal.MethodRunner.runInSequence(MethodRunner.java:46)
        at org.testng.internal.TestInvoker$MethodInvocationAgent.invoke(TestInvoker.java:824)
        at org.testng.internal.TestInvoker.invokeTestMethods(TestInvoker.java:146)
        at org.testng.internal.TestMethodWorker.invokeTestMethods(TestMethodWorker.java:146)
        at org.testng.internal.TestMethodWorker.run(TestMethodWorker.java:128)
        at java.base/java.util.ArrayList.forEach(ArrayList.java:1541)
        at org.testng.TestRunner.privateRun(TestRunner.java:794)
        at org.testng.TestRunner.run(TestRunner.java:596)
        at org.testng.SuiteRunner.runTest(SuiteRunner.java:377)
        at org.testng.SuiteRunner.runSequentially(SuiteRunner.java:371)
        at org.testng.SuiteRunner.privateRun(SuiteRunner.java:332)
        at org.testng.SuiteRunner.run(SuiteRunner.java:276)
        at org.testng.SuiteRunnerWorker.runSuite(SuiteRunnerWorker.java:53)
        at org.testng.SuiteRunnerWorker.run(SuiteRunnerWorker.java:96)
        at org.testng.TestNG.runSuitesSequentially(TestNG.java:1212)
        at org.testng.TestNG.runSuitesLocally(TestNG.java:1134)
        at org.testng.TestNG.runSuites(TestNG.java:1063)
        at org.testng.TestNG.run(TestNG.java:1031)
        at com.intellij.rt.testng.IDEARemoteTestNG.run(IDEARemoteTestNG.java:66)
        at com.intellij.rt.testng.RemoteTestNGStarter.main(RemoteTestNGStarter.java:109)
    </div>
</div>
<p class="totop"><a href="#summary">back to summary</a></p>
<h2 id="m3">AutoPack1.ExchangeExcelOrders:Password</h2>
<div>
    <div class="stacktrace">org.openqa.selenium.remote.UnreachableBrowserException: Error communicating with the remote
        browser. It may have died.
        Build info: version: &apos;4.4.0&apos;, revision: &apos;e5c75ed026a&apos;
        System info: host: &apos;ANT-SIMRANJIT-A&apos;, ip: &apos;10.1.8.104&apos;, os.name: &apos;Windows 11&apos;,
        os.arch: &apos;amd64&apos;, os.version: &apos;10.0&apos;, java.version: &apos;11.0.16.1&apos;
        Driver info: org.openqa.selenium.chrome.ChromeDriver
        Command: [bab3d1788d0e14dc9b11443cebd27413, findElement {using=xpath, value=//input[@placeholder = &apos;Password&apos;]}]
        Capabilities {acceptInsecureCerts: false, browserName: chrome, browserVersion: 109.0.5414.119, chrome:
        {chromedriverVersion: 109.0.5414.74 (e7c5703604da..., userDataDir: C:\Users\user\AppData\Local...},
        goog:chromeOptions: {debuggerAddress: localhost:61965}, networkConnectionEnabled: false, pageLoadStrategy:
        normal, platformName: WINDOWS, proxy: Proxy(), se:cdp: ws://localhost:61965/devtoo..., se:cdpVersion:
        109.0.5414.119, setWindowRect: true, strictFileInteractability: false, timeouts: {implicit: 0, pageLoad: 300000,
        script: 30000}, unhandledPromptBehavior: dismiss and notify, webauthn:extension:credBlob: true,
        webauthn:extension:largeBlob: true, webauthn:virtualAuthenticators: true}
        Session ID: bab3d1788d0e14dc9b11443cebd27413
        at org.openqa.selenium.remote.RemoteWebDriver.execute(RemoteWebDriver.java:571)
        at org.openqa.selenium.remote.ElementLocation$ElementFinder$2.findElement(ElementLocation.java:162)
        at org.openqa.selenium.remote.ElementLocation.findElement(ElementLocation.java:60)
        at org.openqa.selenium.remote.RemoteWebDriver.findElement(RemoteWebDriver.java:365)
        at org.openqa.selenium.remote.RemoteWebDriver.findElement(RemoteWebDriver.java:357)
        at AutoPack1.ExchangeExcelOrders.Password(ExchangeExcelOrders.java:40)
        at java.base/jdk.internal.reflect.NativeMethodAccessorImpl.invoke0(Native Method)
        at java.base/jdk.internal.reflect.NativeMethodAccessorImpl.invoke(NativeMethodAccessorImpl.java:62)
        at java.base/jdk.internal.reflect.DelegatingMethodAccessorImpl.invoke(DelegatingMethodAccessorImpl.java:43)
        at java.base/java.lang.reflect.Method.invoke(Method.java:566)
        at org.testng.internal.MethodInvocationHelper.invokeMethod(MethodInvocationHelper.java:133)
        at org.testng.internal.TestInvoker.invokeMethod(TestInvoker.java:598)
        at org.testng.internal.TestInvoker.invokeTestMethod(TestInvoker.java:173)
        at org.testng.internal.MethodRunner.runInSequence(MethodRunner.java:46)
        at org.testng.internal.TestInvoker$MethodInvocationAgent.invoke(TestInvoker.java:824)
        at org.testng.internal.TestInvoker.invokeTestMethods(TestInvoker.java:146)
        at org.testng.internal.TestMethodWorker.invokeTestMethods(TestMethodWorker.java:146)
        at org.testng.internal.TestMethodWorker.run(TestMethodWorker.java:128)
        at java.base/java.util.ArrayList.forEach(ArrayList.java:1541)
        at org.testng.TestRunner.privateRun(TestRunner.java:794)
        at org.testng.TestRunner.run(TestRunner.java:596)
        at org.testng.SuiteRunner.runTest(SuiteRunner.java:377)
        at org.testng.SuiteRunner.runSequentially(SuiteRunner.java:371)
        at org.testng.SuiteRunner.privateRun(SuiteRunner.java:332)
        at org.testng.SuiteRunner.run(SuiteRunner.java:276)
        at org.testng.SuiteRunnerWorker.runSuite(SuiteRunnerWorker.java:53)
        at org.testng.SuiteRunnerWorker.run(SuiteRunnerWorker.java:96)
        at org.testng.TestNG.runSuitesSequentially(TestNG.java:1212)
        at org.testng.TestNG.runSuitesLocally(TestNG.java:1134)
        at org.testng.TestNG.runSuites(TestNG.java:1063)
        at org.testng.TestNG.run(TestNG.java:1031)
        at com.intellij.rt.testng.IDEARemoteTestNG.run(IDEARemoteTestNG.java:66)
        at com.intellij.rt.testng.RemoteTestNGStarter.main(RemoteTestNGStarter.java:109)
        Caused by: java.io.UncheckedIOException: java.net.ConnectException: Connection refused: no further information:
        localhost/0:0:0:0:0:0:0:1:52579
        at org.openqa.selenium.remote.http.netty.NettyHttpHandler.makeCall(NettyHttpHandler.java:73)
        at org.openqa.selenium.remote.http.AddSeleniumUserAgent.lambda$apply$0(AddSeleniumUserAgent.java:42)
        at org.openqa.selenium.remote.http.Filter.lambda$andFinally$1(Filter.java:56)
        at org.openqa.selenium.remote.http.netty.NettyHttpHandler.execute(NettyHttpHandler.java:49)
        at org.openqa.selenium.remote.http.AddSeleniumUserAgent.lambda$apply$0(AddSeleniumUserAgent.java:42)
        at org.openqa.selenium.remote.http.Filter.lambda$andFinally$1(Filter.java:56)
        at org.openqa.selenium.remote.http.netty.NettyClient.execute(NettyClient.java:98)
        at org.openqa.selenium.remote.HttpCommandExecutor.execute(HttpCommandExecutor.java:181)
        at org.openqa.selenium.remote.service.DriverCommandExecutor.invokeExecute(DriverCommandExecutor.java:167)
        at org.openqa.selenium.remote.service.DriverCommandExecutor.execute(DriverCommandExecutor.java:142)
        at org.openqa.selenium.remote.RemoteWebDriver.execute(RemoteWebDriver.java:547)
        ... 32 more
        Caused by: java.net.ConnectException: Connection refused: no further information:
        localhost/0:0:0:0:0:0:0:1:52579
        at org.asynchttpclient.netty.channel.NettyConnectListener.onFailure(NettyConnectListener.java:179)
        at org.asynchttpclient.netty.channel.NettyChannelConnector$1.onFailure(NettyChannelConnector.java:108)
        at org.asynchttpclient.netty.SimpleChannelFutureListener.operationComplete(SimpleChannelFutureListener.java:28)
        at org.asynchttpclient.netty.SimpleChannelFutureListener.operationComplete(SimpleChannelFutureListener.java:20)
        at io.netty.util.concurrent.DefaultPromise.notifyListener0(DefaultPromise.java:578)
        at io.netty.util.concurrent.DefaultPromise.notifyListeners0(DefaultPromise.java:571)
        at io.netty.util.concurrent.DefaultPromise.notifyListenersNow(DefaultPromise.java:550)
        at io.netty.util.concurrent.DefaultPromise.notifyListeners(DefaultPromise.java:491)
        at io.netty.util.concurrent.DefaultPromise.setValue0(DefaultPromise.java:616)
        at io.netty.util.concurrent.DefaultPromise.setFailure0(DefaultPromise.java:609)
        at io.netty.util.concurrent.DefaultPromise.tryFailure(DefaultPromise.java:117)
        at io.netty.channel.nio.AbstractNioChannel$AbstractNioUnsafe.fulfillConnectPromise(AbstractNioChannel.java:321)
        at io.netty.channel.nio.AbstractNioChannel$AbstractNioUnsafe.finishConnect(AbstractNioChannel.java:337)
        at io.netty.channel.nio.NioEventLoop.processSelectedKey(NioEventLoop.java:710)
        at io.netty.channel.nio.NioEventLoop.processSelectedKeysOptimized(NioEventLoop.java:658)
        at io.netty.channel.nio.NioEventLoop.processSelectedKeys(NioEventLoop.java:584)
        at io.netty.channel.nio.NioEventLoop.run(NioEventLoop.java:496)
        at io.netty.util.concurrent.SingleThreadEventExecutor$4.run(SingleThreadEventExecutor.java:997)
        at io.netty.util.internal.ThreadExecutorMap$2.run(ThreadExecutorMap.java:74)
        at io.netty.util.concurrent.FastThreadLocalRunnable.run(FastThreadLocalRunnable.java:30)
        at java.base/java.lang.Thread.run(Thread.java:834)
        Caused by: io.netty.channel.AbstractChannel$AnnotatedConnectException: Connection refused: no further
        information: localhost/0:0:0:0:0:0:0:1:52579
        Caused by: java.net.ConnectException: Connection refused: no further information
        at java.base/sun.nio.ch.SocketChannelImpl.checkConnect(Native Method)
        at java.base/sun.nio.ch.SocketChannelImpl.finishConnect(SocketChannelImpl.java:779)
        at io.netty.channel.socket.nio.NioSocketChannel.doFinishConnect(NioSocketChannel.java:337)
        at io.netty.channel.nio.AbstractNioChannel$AbstractNioUnsafe.finishConnect(AbstractNioChannel.java:334)
        at io.netty.channel.nio.NioEventLoop.processSelectedKey(NioEventLoop.java:710)
        at io.netty.channel.nio.NioEventLoop.processSelectedKeysOptimized(NioEventLoop.java:658)
        at io.netty.channel.nio.NioEventLoop.processSelectedKeys(NioEventLoop.java:584)
        at io.netty.channel.nio.NioEventLoop.run(NioEventLoop.java:496)
        at io.netty.util.concurrent.SingleThreadEventExecutor$4.run(SingleThreadEventExecutor.java:997)
        at io.netty.util.internal.ThreadExecutorMap$2.run(ThreadExecutorMap.java:74)
        at io.netty.util.concurrent.FastThreadLocalRunnable.run(FastThreadLocalRunnable.java:30)
        at java.base/java.lang.Thread.run(Thread.java:834)
    </div>
</div>
<p class="totop"><a href="#summary">back to summary</a></p>
<h2 id="m4">AutoPack1.Test1912:GetAvailableBalance</h2>
<div>
    <div class="stacktrace">org.openqa.selenium.NoSuchWindowException: no such window: target window already closed
        from unknown error: web view not found
        (Session info: chrome=109.0.5414.119)
        Build info: version: &apos;4.4.0&apos;, revision: &apos;e5c75ed026a&apos;
        System info: host: &apos;ANT-SIMRANJIT-A&apos;, ip: &apos;10.1.8.104&apos;, os.name: &apos;Windows 11&apos;,
        os.arch: &apos;amd64&apos;, os.version: &apos;10.0&apos;, java.version: &apos;11.0.16.1&apos;
        Driver info: org.openqa.selenium.chrome.ChromeDriver
        Command: [fa88ed07302988cee2cfb065d8c82cbc, findElement {using=xpath, value=(//td[@data-th=&apos;Name&apos;])[1]}]
        Capabilities {acceptInsecureCerts: false, browserName: chrome, browserVersion: 109.0.5414.119, chrome:
        {chromedriverVersion: 109.0.5414.74 (e7c5703604da..., userDataDir: C:\Users\user\AppData\Local...},
        goog:chromeOptions: {debuggerAddress: localhost:61999}, networkConnectionEnabled: false, pageLoadStrategy:
        normal, platformName: WINDOWS, proxy: Proxy(), se:cdp: ws://localhost:61999/devtoo..., se:cdpVersion:
        109.0.5414.119, setWindowRect: true, strictFileInteractability: false, timeouts: {implicit: 0, pageLoad: 300000,
        script: 30000}, unhandledPromptBehavior: dismiss and notify, webauthn:extension:credBlob: true,
        webauthn:extension:largeBlob: true, webauthn:virtualAuthenticators: true}
        Session ID: fa88ed07302988cee2cfb065d8c82cbc
        at java.base/jdk.internal.reflect.NativeConstructorAccessorImpl.newInstance0(Native Method)
        at
        java.base/jdk.internal.reflect.NativeConstructorAccessorImpl.newInstance(NativeConstructorAccessorImpl.java:62)
        at
        java.base/jdk.internal.reflect.DelegatingConstructorAccessorImpl.newInstance(DelegatingConstructorAccessorImpl.java:45)
        at java.base/java.lang.reflect.Constructor.newInstance(Constructor.java:490)
        at org.openqa.selenium.remote.codec.w3c.W3CHttpResponseCodec.createException(W3CHttpResponseCodec.java:200)
        at org.openqa.selenium.remote.codec.w3c.W3CHttpResponseCodec.decode(W3CHttpResponseCodec.java:133)
        at org.openqa.selenium.remote.codec.w3c.W3CHttpResponseCodec.decode(W3CHttpResponseCodec.java:53)
        at org.openqa.selenium.remote.HttpCommandExecutor.execute(HttpCommandExecutor.java:184)
        at org.openqa.selenium.remote.service.DriverCommandExecutor.invokeExecute(DriverCommandExecutor.java:167)
        at org.openqa.selenium.remote.service.DriverCommandExecutor.execute(DriverCommandExecutor.java:142)
        at org.openqa.selenium.remote.RemoteWebDriver.execute(RemoteWebDriver.java:547)
        at org.openqa.selenium.remote.ElementLocation$ElementFinder$2.findElement(ElementLocation.java:162)
        at org.openqa.selenium.remote.ElementLocation.findElement(ElementLocation.java:60)
        at org.openqa.selenium.remote.RemoteWebDriver.findElement(RemoteWebDriver.java:365)
        at org.openqa.selenium.remote.RemoteWebDriver.findElement(RemoteWebDriver.java:357)
        at AutoPack1.Test1912.GetAvailableBalance(Test1912.java:129)
        at java.base/jdk.internal.reflect.NativeMethodAccessorImpl.invoke0(Native Method)
        at java.base/jdk.internal.reflect.NativeMethodAccessorImpl.invoke(NativeMethodAccessorImpl.java:62)
        at java.base/jdk.internal.reflect.DelegatingMethodAccessorImpl.invoke(DelegatingMethodAccessorImpl.java:43)
        at java.base/java.lang.reflect.Method.invoke(Method.java:566)
        at org.testng.internal.MethodInvocationHelper.invokeMethod(MethodInvocationHelper.java:133)
        at org.testng.internal.TestInvoker.invokeMethod(TestInvoker.java:598)
        at org.testng.internal.TestInvoker.invokeTestMethod(TestInvoker.java:173)
        at org.testng.internal.MethodRunner.runInSequence(MethodRunner.java:46)
        at org.testng.internal.TestInvoker$MethodInvocationAgent.invoke(TestInvoker.java:824)
        at org.testng.internal.TestInvoker.invokeTestMethods(TestInvoker.java:146)
        at org.testng.internal.TestMethodWorker.invokeTestMethods(TestMethodWorker.java:146)
        at org.testng.internal.TestMethodWorker.run(TestMethodWorker.java:128)
        at java.base/java.util.ArrayList.forEach(ArrayList.java:1541)
        at org.testng.TestRunner.privateRun(TestRunner.java:794)
        at org.testng.TestRunner.run(TestRunner.java:596)
        at org.testng.SuiteRunner.runTest(SuiteRunner.java:377)
        at org.testng.SuiteRunner.runSequentially(SuiteRunner.java:371)
        at org.testng.SuiteRunner.privateRun(SuiteRunner.java:332)
        at org.testng.SuiteRunner.run(SuiteRunner.java:276)
        at org.testng.SuiteRunnerWorker.runSuite(SuiteRunnerWorker.java:53)
        at org.testng.SuiteRunnerWorker.run(SuiteRunnerWorker.java:96)
        at org.testng.TestNG.runSuitesSequentially(TestNG.java:1212)
        at org.testng.TestNG.runSuitesLocally(TestNG.java:1134)
        at org.testng.TestNG.runSuites(TestNG.java:1063)
        at org.testng.TestNG.run(TestNG.java:1031)
        at com.intellij.rt.testng.IDEARemoteTestNG.run(IDEARemoteTestNG.java:66)
        at com.intellij.rt.testng.RemoteTestNGStarter.main(RemoteTestNGStarter.java:109)
    </div>
</div>
<p class="totop"><a href="#summary">back to summary</a></p>
<h2 id="m5">AutoPack1.TestFire0901:openChatBox</h2>
<div>
    <div class="stacktrace">org.openqa.selenium.remote.UnreachableBrowserException: Error communicating with the remote
        browser. It may have died.
        Build info: version: &apos;4.4.0&apos;, revision: &apos;e5c75ed026a&apos;
        System info: host: &apos;ANT-SIMRANJIT-A&apos;, ip: &apos;10.1.8.104&apos;, os.name: &apos;Windows 11&apos;,
        os.arch: &apos;amd64&apos;, os.version: &apos;10.0&apos;, java.version: &apos;11.0.16.1&apos;
        Driver info: org.openqa.selenium.chrome.ChromeDriver
        Command: [7072d153c0345a0529c6f16a74451589, findElement {using=xpath, value=//iframe[@title=&apos;Button to
        launch messaging window&apos;]}]
        Capabilities {acceptInsecureCerts: false, browserName: chrome, browserVersion: 109.0.5414.119, chrome:
        {chromedriverVersion: 109.0.5414.74 (e7c5703604da..., userDataDir: C:\Users\user\AppData\Local...},
        goog:chromeOptions: {debuggerAddress: localhost:62020}, networkConnectionEnabled: false, pageLoadStrategy:
        normal, platformName: WINDOWS, proxy: Proxy(), se:cdp: ws://localhost:62020/devtoo..., se:cdpVersion:
        109.0.5414.119, setWindowRect: true, strictFileInteractability: false, timeouts: {implicit: 0, pageLoad: 300000,
        script: 30000}, unhandledPromptBehavior: dismiss and notify, webauthn:extension:credBlob: true,
        webauthn:extension:largeBlob: true, webauthn:virtualAuthenticators: true}
        Session ID: 7072d153c0345a0529c6f16a74451589
        at org.openqa.selenium.remote.RemoteWebDriver.execute(RemoteWebDriver.java:571)
        at org.openqa.selenium.remote.ElementLocation$ElementFinder$2.findElement(ElementLocation.java:162)
        at org.openqa.selenium.remote.ElementLocation.findElement(ElementLocation.java:60)
        at org.openqa.selenium.remote.RemoteWebDriver.findElement(RemoteWebDriver.java:365)
        at org.openqa.selenium.remote.RemoteWebDriver.findElement(RemoteWebDriver.java:357)
        at AutoPack1.TestFire0901.openChatBox(TestFire0901.java:26)
        at java.base/jdk.internal.reflect.NativeMethodAccessorImpl.invoke0(Native Method)
        at java.base/jdk.internal.reflect.NativeMethodAccessorImpl.invoke(NativeMethodAccessorImpl.java:62)
        at java.base/jdk.internal.reflect.DelegatingMethodAccessorImpl.invoke(DelegatingMethodAccessorImpl.java:43)
        at java.base/java.lang.reflect.Method.invoke(Method.java:566)
        at org.testng.internal.MethodInvocationHelper.invokeMethod(MethodInvocationHelper.java:133)
        at org.testng.internal.TestInvoker.invokeMethod(TestInvoker.java:598)
        at org.testng.internal.TestInvoker.invokeTestMethod(TestInvoker.java:173)
        at org.testng.internal.MethodRunner.runInSequence(MethodRunner.java:46)
        at org.testng.internal.TestInvoker$MethodInvocationAgent.invoke(TestInvoker.java:824)
        at org.testng.internal.TestInvoker.invokeTestMethods(TestInvoker.java:146)
        at org.testng.internal.TestMethodWorker.invokeTestMethods(TestMethodWorker.java:146)
        at org.testng.internal.TestMethodWorker.run(TestMethodWorker.java:128)
        at java.base/java.util.ArrayList.forEach(ArrayList.java:1541)
        at org.testng.TestRunner.privateRun(TestRunner.java:794)
        at org.testng.TestRunner.run(TestRunner.java:596)
        at org.testng.SuiteRunner.runTest(SuiteRunner.java:377)
        at org.testng.SuiteRunner.runSequentially(SuiteRunner.java:371)
        at org.testng.SuiteRunner.privateRun(SuiteRunner.java:332)
        at org.testng.SuiteRunner.run(SuiteRunner.java:276)
        at org.testng.SuiteRunnerWorker.runSuite(SuiteRunnerWorker.java:53)
        at org.testng.SuiteRunnerWorker.run(SuiteRunnerWorker.java:96)
        at org.testng.TestNG.runSuitesSequentially(TestNG.java:1212)
        at org.testng.TestNG.runSuitesLocally(TestNG.java:1134)
        at org.testng.TestNG.runSuites(TestNG.java:1063)
        at org.testng.TestNG.run(TestNG.java:1031)
        at com.intellij.rt.testng.IDEARemoteTestNG.run(IDEARemoteTestNG.java:66)
        at com.intellij.rt.testng.RemoteTestNGStarter.main(RemoteTestNGStarter.java:109)
        Caused by: java.io.UncheckedIOException: java.net.ConnectException: Connection refused: no further information:
        localhost/0:0:0:0:0:0:0:1:51723
        at org.openqa.selenium.remote.http.netty.NettyHttpHandler.makeCall(NettyHttpHandler.java:73)
        at org.openqa.selenium.remote.http.AddSeleniumUserAgent.lambda$apply$0(AddSeleniumUserAgent.java:42)
        at org.openqa.selenium.remote.http.Filter.lambda$andFinally$1(Filter.java:56)
        at org.openqa.selenium.remote.http.netty.NettyHttpHandler.execute(NettyHttpHandler.java:49)
        at org.openqa.selenium.remote.http.AddSeleniumUserAgent.lambda$apply$0(AddSeleniumUserAgent.java:42)
        at org.openqa.selenium.remote.http.Filter.lambda$andFinally$1(Filter.java:56)
        at org.openqa.selenium.remote.http.netty.NettyClient.execute(NettyClient.java:98)
        at org.openqa.selenium.remote.HttpCommandExecutor.execute(HttpCommandExecutor.java:181)
        at org.openqa.selenium.remote.service.DriverCommandExecutor.invokeExecute(DriverCommandExecutor.java:167)
        at org.openqa.selenium.remote.service.DriverCommandExecutor.execute(DriverCommandExecutor.java:142)
        at org.openqa.selenium.remote.RemoteWebDriver.execute(RemoteWebDriver.java:547)
        ... 32 more
        Caused by: java.net.ConnectException: Connection refused: no further information:
        localhost/0:0:0:0:0:0:0:1:51723
        at org.asynchttpclient.netty.channel.NettyConnectListener.onFailure(NettyConnectListener.java:179)
        at org.asynchttpclient.netty.channel.NettyChannelConnector$1.onFailure(NettyChannelConnector.java:108)
        at org.asynchttpclient.netty.SimpleChannelFutureListener.operationComplete(SimpleChannelFutureListener.java:28)
        at org.asynchttpclient.netty.SimpleChannelFutureListener.operationComplete(SimpleChannelFutureListener.java:20)
        at io.netty.util.concurrent.DefaultPromise.notifyListener0(DefaultPromise.java:578)
        at io.netty.util.concurrent.DefaultPromise.notifyListeners0(DefaultPromise.java:571)
        at io.netty.util.concurrent.DefaultPromise.notifyListenersNow(DefaultPromise.java:550)
        at io.netty.util.concurrent.DefaultPromise.notifyListeners(DefaultPromise.java:491)
        at io.netty.util.concurrent.DefaultPromise.setValue0(DefaultPromise.java:616)
        at io.netty.util.concurrent.DefaultPromise.setFailure0(DefaultPromise.java:609)
        at io.netty.util.concurrent.DefaultPromise.tryFailure(DefaultPromise.java:117)
        at io.netty.channel.nio.AbstractNioChannel$AbstractNioUnsafe.fulfillConnectPromise(AbstractNioChannel.java:321)
        at io.netty.channel.nio.AbstractNioChannel$AbstractNioUnsafe.finishConnect(AbstractNioChannel.java:337)
        at io.netty.channel.nio.NioEventLoop.processSelectedKey(NioEventLoop.java:710)
        at io.netty.channel.nio.NioEventLoop.processSelectedKeysOptimized(NioEventLoop.java:658)
        at io.netty.channel.nio.NioEventLoop.processSelectedKeys(NioEventLoop.java:584)
        at io.netty.channel.nio.NioEventLoop.run(NioEventLoop.java:496)
        at io.netty.util.concurrent.SingleThreadEventExecutor$4.run(SingleThreadEventExecutor.java:997)
        at io.netty.util.internal.ThreadExecutorMap$2.run(ThreadExecutorMap.java:74)
        at io.netty.util.concurrent.FastThreadLocalRunnable.run(FastThreadLocalRunnable.java:30)
        at java.base/java.lang.Thread.run(Thread.java:834)
        Caused by: io.netty.channel.AbstractChannel$AnnotatedConnectException: Connection refused: no further
        information: localhost/0:0:0:0:0:0:0:1:51723
        Caused by: java.net.ConnectException: Connection refused: no further information
        at java.base/sun.nio.ch.SocketChannelImpl.checkConnect(Native Method)
        at java.base/sun.nio.ch.SocketChannelImpl.finishConnect(SocketChannelImpl.java:779)
        at io.netty.channel.socket.nio.NioSocketChannel.doFinishConnect(NioSocketChannel.java:337)
        at io.netty.channel.nio.AbstractNioChannel$AbstractNioUnsafe.finishConnect(AbstractNioChannel.java:334)
        at io.netty.channel.nio.NioEventLoop.processSelectedKey(NioEventLoop.java:710)
        at io.netty.channel.nio.NioEventLoop.processSelectedKeysOptimized(NioEventLoop.java:658)
        at io.netty.channel.nio.NioEventLoop.processSelectedKeys(NioEventLoop.java:584)
        at io.netty.channel.nio.NioEventLoop.run(NioEventLoop.java:496)
        at io.netty.util.concurrent.SingleThreadEventExecutor$4.run(SingleThreadEventExecutor.java:997)
        at io.netty.util.internal.ThreadExecutorMap$2.run(ThreadExecutorMap.java:74)
        at io.netty.util.concurrent.FastThreadLocalRunnable.run(FastThreadLocalRunnable.java:30)
        at java.base/java.lang.Thread.run(Thread.java:834)
    </div>
</div>
<p class="totop"><a href="#summary">back to summary</a></p>
<h2 id="m6">AutoPack1.Test1912:price</h2>
<div>
    <div class="stacktrace">org.openqa.selenium.NoSuchWindowException: no such window: target window already closed
        from unknown error: web view not found
        (Session info: chrome=109.0.5414.119)
        Build info: version: &apos;4.4.0&apos;, revision: &apos;e5c75ed026a&apos;
        System info: host: &apos;ANT-SIMRANJIT-A&apos;, ip: &apos;10.1.8.104&apos;, os.name: &apos;Windows 11&apos;,
        os.arch: &apos;amd64&apos;, os.version: &apos;10.0&apos;, java.version: &apos;11.0.16.1&apos;
        Driver info: org.openqa.selenium.chrome.ChromeDriver
        Command: [fa88ed07302988cee2cfb065d8c82cbc, findElement {using=xpath, value=//input[@name=&apos;price&apos;]}]
        Capabilities {acceptInsecureCerts: false, browserName: chrome, browserVersion: 109.0.5414.119, chrome:
        {chromedriverVersion: 109.0.5414.74 (e7c5703604da..., userDataDir: C:\Users\user\AppData\Local...},
        goog:chromeOptions: {debuggerAddress: localhost:61999}, networkConnectionEnabled: false, pageLoadStrategy:
        normal, platformName: WINDOWS, proxy: Proxy(), se:cdp: ws://localhost:61999/devtoo..., se:cdpVersion:
        109.0.5414.119, setWindowRect: true, strictFileInteractability: false, timeouts: {implicit: 0, pageLoad: 300000,
        script: 30000}, unhandledPromptBehavior: dismiss and notify, webauthn:extension:credBlob: true,
        webauthn:extension:largeBlob: true, webauthn:virtualAuthenticators: true}
        Session ID: fa88ed07302988cee2cfb065d8c82cbc
        at java.base/jdk.internal.reflect.NativeConstructorAccessorImpl.newInstance0(Native Method)
        at
        java.base/jdk.internal.reflect.NativeConstructorAccessorImpl.newInstance(NativeConstructorAccessorImpl.java:62)
        at
        java.base/jdk.internal.reflect.DelegatingConstructorAccessorImpl.newInstance(DelegatingConstructorAccessorImpl.java:45)
        at java.base/java.lang.reflect.Constructor.newInstance(Constructor.java:490)
        at org.openqa.selenium.remote.codec.w3c.W3CHttpResponseCodec.createException(W3CHttpResponseCodec.java:200)
        at org.openqa.selenium.remote.codec.w3c.W3CHttpResponseCodec.decode(W3CHttpResponseCodec.java:133)
        at org.openqa.selenium.remote.codec.w3c.W3CHttpResponseCodec.decode(W3CHttpResponseCodec.java:53)
        at org.openqa.selenium.remote.HttpCommandExecutor.execute(HttpCommandExecutor.java:184)
        at org.openqa.selenium.remote.service.DriverCommandExecutor.invokeExecute(DriverCommandExecutor.java:167)
        at org.openqa.selenium.remote.service.DriverCommandExecutor.execute(DriverCommandExecutor.java:142)
        at org.openqa.selenium.remote.RemoteWebDriver.execute(RemoteWebDriver.java:547)
        at org.openqa.selenium.remote.ElementLocation$ElementFinder$2.findElement(ElementLocation.java:162)
        at org.openqa.selenium.remote.ElementLocation.findElement(ElementLocation.java:60)
        at org.openqa.selenium.remote.RemoteWebDriver.findElement(RemoteWebDriver.java:365)
        at org.openqa.selenium.remote.RemoteWebDriver.findElement(RemoteWebDriver.java:357)
        at AutoPack1.Test1912.price(Test1912.java:107)
        at java.base/jdk.internal.reflect.NativeMethodAccessorImpl.invoke0(Native Method)
        at java.base/jdk.internal.reflect.NativeMethodAccessorImpl.invoke(NativeMethodAccessorImpl.java:62)
        at java.base/jdk.internal.reflect.DelegatingMethodAccessorImpl.invoke(DelegatingMethodAccessorImpl.java:43)
        at java.base/java.lang.reflect.Method.invoke(Method.java:566)
        at org.testng.internal.MethodInvocationHelper.invokeMethod(MethodInvocationHelper.java:133)
        at org.testng.internal.TestInvoker.invokeMethod(TestInvoker.java:598)
        at org.testng.internal.TestInvoker.invokeTestMethod(TestInvoker.java:173)
        at org.testng.internal.MethodRunner.runInSequence(MethodRunner.java:46)
        at org.testng.internal.TestInvoker$MethodInvocationAgent.invoke(TestInvoker.java:824)
        at org.testng.internal.TestInvoker.invokeTestMethods(TestInvoker.java:146)
        at org.testng.internal.TestMethodWorker.invokeTestMethods(TestMethodWorker.java:146)
        at org.testng.internal.TestMethodWorker.run(TestMethodWorker.java:128)
        at java.base/java.util.ArrayList.forEach(ArrayList.java:1541)
        at org.testng.TestRunner.privateRun(TestRunner.java:794)
        at org.testng.TestRunner.run(TestRunner.java:596)
        at org.testng.SuiteRunner.runTest(SuiteRunner.java:377)
        at org.testng.SuiteRunner.runSequentially(SuiteRunner.java:371)
        at org.testng.SuiteRunner.privateRun(SuiteRunner.java:332)
        at org.testng.SuiteRunner.run(SuiteRunner.java:276)
        at org.testng.SuiteRunnerWorker.runSuite(SuiteRunnerWorker.java:53)
        at org.testng.SuiteRunnerWorker.run(SuiteRunnerWorker.java:96)
        at org.testng.TestNG.runSuitesSequentially(TestNG.java:1212)
        at org.testng.TestNG.runSuitesLocally(TestNG.java:1134)
        at org.testng.TestNG.runSuites(TestNG.java:1063)
        at org.testng.TestNG.run(TestNG.java:1031)
        at com.intellij.rt.testng.IDEARemoteTestNG.run(IDEARemoteTestNG.java:66)
        at com.intellij.rt.testng.RemoteTestNGStarter.main(RemoteTestNGStarter.java:109)
    </div>
</div>
<p class="totop"><a href="#summary">back to summary</a></p>
<h2 id="m7">AutoPack1.TestFire0901:SendMessage</h2>
<div>
    <div class="stacktrace">org.openqa.selenium.remote.UnreachableBrowserException: Error communicating with the remote
        browser. It may have died.
        Build info: version: &apos;4.4.0&apos;, revision: &apos;e5c75ed026a&apos;
        System info: host: &apos;ANT-SIMRANJIT-A&apos;, ip: &apos;10.1.8.104&apos;, os.name: &apos;Windows 11&apos;,
        os.arch: &apos;amd64&apos;, os.version: &apos;10.0&apos;, java.version: &apos;11.0.16.1&apos;
        Driver info: org.openqa.selenium.chrome.ChromeDriver
        Command: [7072d153c0345a0529c6f16a74451589, findElement {using=xpath, value=//textarea[@class=&apos;StyledTextInput-sc-k12n8x-0
        sc-1vpqusk-2 dAjqOh StyledTextarea-sc-wxschl-0 zLLnd&apos;]}]
        Capabilities {acceptInsecureCerts: false, browserName: chrome, browserVersion: 109.0.5414.119, chrome:
        {chromedriverVersion: 109.0.5414.74 (e7c5703604da..., userDataDir: C:\Users\user\AppData\Local...},
        goog:chromeOptions: {debuggerAddress: localhost:62020}, networkConnectionEnabled: false, pageLoadStrategy:
        normal, platformName: WINDOWS, proxy: Proxy(), se:cdp: ws://localhost:62020/devtoo..., se:cdpVersion:
        109.0.5414.119, setWindowRect: true, strictFileInteractability: false, timeouts: {implicit: 0, pageLoad: 300000,
        script: 30000}, unhandledPromptBehavior: dismiss and notify, webauthn:extension:credBlob: true,
        webauthn:extension:largeBlob: true, webauthn:virtualAuthenticators: true}
        Session ID: 7072d153c0345a0529c6f16a74451589
        at org.openqa.selenium.remote.RemoteWebDriver.execute(RemoteWebDriver.java:571)
        at org.openqa.selenium.remote.ElementLocation$ElementFinder$2.findElement(ElementLocation.java:162)
        at org.openqa.selenium.remote.ElementLocation.findElement(ElementLocation.java:60)
        at org.openqa.selenium.remote.RemoteWebDriver.findElement(RemoteWebDriver.java:365)
        at org.openqa.selenium.remote.RemoteWebDriver.findElement(RemoteWebDriver.java:357)
        at AutoPack1.TestFire0901.SendMessage(TestFire0901.java:38)
        at java.base/jdk.internal.reflect.NativeMethodAccessorImpl.invoke0(Native Method)
        at java.base/jdk.internal.reflect.NativeMethodAccessorImpl.invoke(NativeMethodAccessorImpl.java:62)
        at java.base/jdk.internal.reflect.DelegatingMethodAccessorImpl.invoke(DelegatingMethodAccessorImpl.java:43)
        at java.base/java.lang.reflect.Method.invoke(Method.java:566)
        at org.testng.internal.MethodInvocationHelper.invokeMethod(MethodInvocationHelper.java:133)
        at org.testng.internal.TestInvoker.invokeMethod(TestInvoker.java:598)
        at org.testng.internal.TestInvoker.invokeTestMethod(TestInvoker.java:173)
        at org.testng.internal.MethodRunner.runInSequence(MethodRunner.java:46)
        at org.testng.internal.TestInvoker$MethodInvocationAgent.invoke(TestInvoker.java:824)
        at org.testng.internal.TestInvoker.invokeTestMethods(TestInvoker.java:146)
        at org.testng.internal.TestMethodWorker.invokeTestMethods(TestMethodWorker.java:146)
        at org.testng.internal.TestMethodWorker.run(TestMethodWorker.java:128)
        at java.base/java.util.ArrayList.forEach(ArrayList.java:1541)
        at org.testng.TestRunner.privateRun(TestRunner.java:794)
        at org.testng.TestRunner.run(TestRunner.java:596)
        at org.testng.SuiteRunner.runTest(SuiteRunner.java:377)
        at org.testng.SuiteRunner.runSequentially(SuiteRunner.java:371)
        at org.testng.SuiteRunner.privateRun(SuiteRunner.java:332)
        at org.testng.SuiteRunner.run(SuiteRunner.java:276)
        at org.testng.SuiteRunnerWorker.runSuite(SuiteRunnerWorker.java:53)
        at org.testng.SuiteRunnerWorker.run(SuiteRunnerWorker.java:96)
        at org.testng.TestNG.runSuitesSequentially(TestNG.java:1212)
        at org.testng.TestNG.runSuitesLocally(TestNG.java:1134)
        at org.testng.TestNG.runSuites(TestNG.java:1063)
        at org.testng.TestNG.run(TestNG.java:1031)
        at com.intellij.rt.testng.IDEARemoteTestNG.run(IDEARemoteTestNG.java:66)
        at com.intellij.rt.testng.RemoteTestNGStarter.main(RemoteTestNGStarter.java:109)
        Caused by: java.io.UncheckedIOException: java.net.ConnectException: Connection refused: no further information:
        localhost/0:0:0:0:0:0:0:1:51723
        at org.openqa.selenium.remote.http.netty.NettyHttpHandler.makeCall(NettyHttpHandler.java:73)
        at org.openqa.selenium.remote.http.AddSeleniumUserAgent.lambda$apply$0(AddSeleniumUserAgent.java:42)
        at org.openqa.selenium.remote.http.Filter.lambda$andFinally$1(Filter.java:56)
        at org.openqa.selenium.remote.http.netty.NettyHttpHandler.execute(NettyHttpHandler.java:49)
        at org.openqa.selenium.remote.http.AddSeleniumUserAgent.lambda$apply$0(AddSeleniumUserAgent.java:42)
        at org.openqa.selenium.remote.http.Filter.lambda$andFinally$1(Filter.java:56)
        at org.openqa.selenium.remote.http.netty.NettyClient.execute(NettyClient.java:98)
        at org.openqa.selenium.remote.HttpCommandExecutor.execute(HttpCommandExecutor.java:181)
        at org.openqa.selenium.remote.service.DriverCommandExecutor.invokeExecute(DriverCommandExecutor.java:167)
        at org.openqa.selenium.remote.service.DriverCommandExecutor.execute(DriverCommandExecutor.java:142)
        at org.openqa.selenium.remote.RemoteWebDriver.execute(RemoteWebDriver.java:547)
        ... 32 more
        Caused by: java.net.ConnectException: Connection refused: no further information:
        localhost/0:0:0:0:0:0:0:1:51723
        at org.asynchttpclient.netty.channel.NettyConnectListener.onFailure(NettyConnectListener.java:179)
        at org.asynchttpclient.netty.channel.NettyChannelConnector$1.onFailure(NettyChannelConnector.java:108)
        at org.asynchttpclient.netty.SimpleChannelFutureListener.operationComplete(SimpleChannelFutureListener.java:28)
        at org.asynchttpclient.netty.SimpleChannelFutureListener.operationComplete(SimpleChannelFutureListener.java:20)
        at io.netty.util.concurrent.DefaultPromise.notifyListener0(DefaultPromise.java:578)
        at io.netty.util.concurrent.DefaultPromise.notifyListeners0(DefaultPromise.java:571)
        at io.netty.util.concurrent.DefaultPromise.notifyListenersNow(DefaultPromise.java:550)
        at io.netty.util.concurrent.DefaultPromise.notifyListeners(DefaultPromise.java:491)
        at io.netty.util.concurrent.DefaultPromise.setValue0(DefaultPromise.java:616)
        at io.netty.util.concurrent.DefaultPromise.setFailure0(DefaultPromise.java:609)
        at io.netty.util.concurrent.DefaultPromise.tryFailure(DefaultPromise.java:117)
        at io.netty.channel.nio.AbstractNioChannel$AbstractNioUnsafe.fulfillConnectPromise(AbstractNioChannel.java:321)
        at io.netty.channel.nio.AbstractNioChannel$AbstractNioUnsafe.finishConnect(AbstractNioChannel.java:337)
        at io.netty.channel.nio.NioEventLoop.processSelectedKey(NioEventLoop.java:710)
        at io.netty.channel.nio.NioEventLoop.processSelectedKeysOptimized(NioEventLoop.java:658)
        at io.netty.channel.nio.NioEventLoop.processSelectedKeys(NioEventLoop.java:584)
        at io.netty.channel.nio.NioEventLoop.run(NioEventLoop.java:496)
        at io.netty.util.concurrent.SingleThreadEventExecutor$4.run(SingleThreadEventExecutor.java:997)
        at io.netty.util.internal.ThreadExecutorMap$2.run(ThreadExecutorMap.java:74)
        at io.netty.util.concurrent.FastThreadLocalRunnable.run(FastThreadLocalRunnable.java:30)
        at java.base/java.lang.Thread.run(Thread.java:834)
        Caused by: io.netty.channel.AbstractChannel$AnnotatedConnectException: Connection refused: no further
        information: localhost/0:0:0:0:0:0:0:1:51723
        Caused by: java.net.ConnectException: Connection refused: no further information
        at java.base/sun.nio.ch.SocketChannelImpl.checkConnect(Native Method)
        at java.base/sun.nio.ch.SocketChannelImpl.finishConnect(SocketChannelImpl.java:779)
        at io.netty.channel.socket.nio.NioSocketChannel.doFinishConnect(NioSocketChannel.java:337)
        at io.netty.channel.nio.AbstractNioChannel$AbstractNioUnsafe.finishConnect(AbstractNioChannel.java:334)
        at io.netty.channel.nio.NioEventLoop.processSelectedKey(NioEventLoop.java:710)
        at io.netty.channel.nio.NioEventLoop.processSelectedKeysOptimized(NioEventLoop.java:658)
        at io.netty.channel.nio.NioEventLoop.processSelectedKeys(NioEventLoop.java:584)
        at io.netty.channel.nio.NioEventLoop.run(NioEventLoop.java:496)
        at io.netty.util.concurrent.SingleThreadEventExecutor$4.run(SingleThreadEventExecutor.java:997)
        at io.netty.util.internal.ThreadExecutorMap$2.run(ThreadExecutorMap.java:74)
        at io.netty.util.concurrent.FastThreadLocalRunnable.run(FastThreadLocalRunnable.java:30)
        at java.base/java.lang.Thread.run(Thread.java:834)
    </div>
</div>
<p class="totop"><a href="#summary">back to summary</a></p>
<h2 id="m8">AutoPack1.TestFire0901:clickOnButton</h2>
<div>
    <div class="stacktrace">org.openqa.selenium.remote.UnreachableBrowserException: Error communicating with the remote
        browser. It may have died.
        Build info: version: &apos;4.4.0&apos;, revision: &apos;e5c75ed026a&apos;
        System info: host: &apos;ANT-SIMRANJIT-A&apos;, ip: &apos;10.1.8.104&apos;, os.name: &apos;Windows 11&apos;,
        os.arch: &apos;amd64&apos;, os.version: &apos;10.0&apos;, java.version: &apos;11.0.16.1&apos;
        Driver info: org.openqa.selenium.chrome.ChromeDriver
        Command: [7072d153c0345a0529c6f16a74451589, findElement {using=xpath, value=//iframe[@title=&apos;Messaging
        window&apos;]}]
        Capabilities {acceptInsecureCerts: false, browserName: chrome, browserVersion: 109.0.5414.119, chrome:
        {chromedriverVersion: 109.0.5414.74 (e7c5703604da..., userDataDir: C:\Users\user\AppData\Local...},
        goog:chromeOptions: {debuggerAddress: localhost:62020}, networkConnectionEnabled: false, pageLoadStrategy:
        normal, platformName: WINDOWS, proxy: Proxy(), se:cdp: ws://localhost:62020/devtoo..., se:cdpVersion:
        109.0.5414.119, setWindowRect: true, strictFileInteractability: false, timeouts: {implicit: 0, pageLoad: 300000,
        script: 30000}, unhandledPromptBehavior: dismiss and notify, webauthn:extension:credBlob: true,
        webauthn:extension:largeBlob: true, webauthn:virtualAuthenticators: true}
        Session ID: 7072d153c0345a0529c6f16a74451589
        at org.openqa.selenium.remote.RemoteWebDriver.execute(RemoteWebDriver.java:571)
        at org.openqa.selenium.remote.ElementLocation$ElementFinder$2.findElement(ElementLocation.java:162)
        at org.openqa.selenium.remote.ElementLocation.findElement(ElementLocation.java:60)
        at org.openqa.selenium.remote.RemoteWebDriver.findElement(RemoteWebDriver.java:365)
        at org.openqa.selenium.remote.RemoteWebDriver.findElement(RemoteWebDriver.java:357)
        at AutoPack1.TestFire0901.clickOnButton(TestFire0901.java:31)
        at java.base/jdk.internal.reflect.NativeMethodAccessorImpl.invoke0(Native Method)
        at java.base/jdk.internal.reflect.NativeMethodAccessorImpl.invoke(NativeMethodAccessorImpl.java:62)
        at java.base/jdk.internal.reflect.DelegatingMethodAccessorImpl.invoke(DelegatingMethodAccessorImpl.java:43)
        at java.base/java.lang.reflect.Method.invoke(Method.java:566)
        at org.testng.internal.MethodInvocationHelper.invokeMethod(MethodInvocationHelper.java:133)
        at org.testng.internal.TestInvoker.invokeMethod(TestInvoker.java:598)
        at org.testng.internal.TestInvoker.invokeTestMethod(TestInvoker.java:173)
        at org.testng.internal.MethodRunner.runInSequence(MethodRunner.java:46)
        at org.testng.internal.TestInvoker$MethodInvocationAgent.invoke(TestInvoker.java:824)
        at org.testng.internal.TestInvoker.invokeTestMethods(TestInvoker.java:146)
        at org.testng.internal.TestMethodWorker.invokeTestMethods(TestMethodWorker.java:146)
        at org.testng.internal.TestMethodWorker.run(TestMethodWorker.java:128)
        at java.base/java.util.ArrayList.forEach(ArrayList.java:1541)
        at org.testng.TestRunner.privateRun(TestRunner.java:794)
        at org.testng.TestRunner.run(TestRunner.java:596)
        at org.testng.SuiteRunner.runTest(SuiteRunner.java:377)
        at org.testng.SuiteRunner.runSequentially(SuiteRunner.java:371)
        at org.testng.SuiteRunner.privateRun(SuiteRunner.java:332)
        at org.testng.SuiteRunner.run(SuiteRunner.java:276)
        at org.testng.SuiteRunnerWorker.runSuite(SuiteRunnerWorker.java:53)
        at org.testng.SuiteRunnerWorker.run(SuiteRunnerWorker.java:96)
        at org.testng.TestNG.runSuitesSequentially(TestNG.java:1212)
        at org.testng.TestNG.runSuitesLocally(TestNG.java:1134)
        at org.testng.TestNG.runSuites(TestNG.java:1063)
        at org.testng.TestNG.run(TestNG.java:1031)
        at com.intellij.rt.testng.IDEARemoteTestNG.run(IDEARemoteTestNG.java:66)
        at com.intellij.rt.testng.RemoteTestNGStarter.main(RemoteTestNGStarter.java:109)
        Caused by: java.io.UncheckedIOException: java.net.ConnectException: Connection refused: no further information:
        localhost/0:0:0:0:0:0:0:1:51723
        at org.openqa.selenium.remote.http.netty.NettyHttpHandler.makeCall(NettyHttpHandler.java:73)
        at org.openqa.selenium.remote.http.AddSeleniumUserAgent.lambda$apply$0(AddSeleniumUserAgent.java:42)
        at org.openqa.selenium.remote.http.Filter.lambda$andFinally$1(Filter.java:56)
        at org.openqa.selenium.remote.http.netty.NettyHttpHandler.execute(NettyHttpHandler.java:49)
        at org.openqa.selenium.remote.http.AddSeleniumUserAgent.lambda$apply$0(AddSeleniumUserAgent.java:42)
        at org.openqa.selenium.remote.http.Filter.lambda$andFinally$1(Filter.java:56)
        at org.openqa.selenium.remote.http.netty.NettyClient.execute(NettyClient.java:98)
        at org.openqa.selenium.remote.HttpCommandExecutor.execute(HttpCommandExecutor.java:181)
        at org.openqa.selenium.remote.service.DriverCommandExecutor.invokeExecute(DriverCommandExecutor.java:167)
        at org.openqa.selenium.remote.service.DriverCommandExecutor.execute(DriverCommandExecutor.java:142)
        at org.openqa.selenium.remote.RemoteWebDriver.execute(RemoteWebDriver.java:547)
        ... 32 more
        Caused by: java.net.ConnectException: Connection refused: no further information:
        localhost/0:0:0:0:0:0:0:1:51723
        at org.asynchttpclient.netty.channel.NettyConnectListener.onFailure(NettyConnectListener.java:179)
        at org.asynchttpclient.netty.channel.NettyChannelConnector$1.onFailure(NettyChannelConnector.java:108)
        at org.asynchttpclient.netty.SimpleChannelFutureListener.operationComplete(SimpleChannelFutureListener.java:28)
        at org.asynchttpclient.netty.SimpleChannelFutureListener.operationComplete(SimpleChannelFutureListener.java:20)
        at io.netty.util.concurrent.DefaultPromise.notifyListener0(DefaultPromise.java:578)
        at io.netty.util.concurrent.DefaultPromise.notifyListeners0(DefaultPromise.java:571)
        at io.netty.util.concurrent.DefaultPromise.notifyListenersNow(DefaultPromise.java:550)
        at io.netty.util.concurrent.DefaultPromise.notifyListeners(DefaultPromise.java:491)
        at io.netty.util.concurrent.DefaultPromise.setValue0(DefaultPromise.java:616)
        at io.netty.util.concurrent.DefaultPromise.setFailure0(DefaultPromise.java:609)
        at io.netty.util.concurrent.DefaultPromise.tryFailure(DefaultPromise.java:117)
        at io.netty.channel.nio.AbstractNioChannel$AbstractNioUnsafe.fulfillConnectPromise(AbstractNioChannel.java:321)
        at io.netty.channel.nio.AbstractNioChannel$AbstractNioUnsafe.finishConnect(AbstractNioChannel.java:337)
        at io.netty.channel.nio.NioEventLoop.processSelectedKey(NioEventLoop.java:710)
        at io.netty.channel.nio.NioEventLoop.processSelectedKeysOptimized(NioEventLoop.java:658)
        at io.netty.channel.nio.NioEventLoop.processSelectedKeys(NioEventLoop.java:584)
        at io.netty.channel.nio.NioEventLoop.run(NioEventLoop.java:496)
        at io.netty.util.concurrent.SingleThreadEventExecutor$4.run(SingleThreadEventExecutor.java:997)
        at io.netty.util.internal.ThreadExecutorMap$2.run(ThreadExecutorMap.java:74)
        at io.netty.util.concurrent.FastThreadLocalRunnable.run(FastThreadLocalRunnable.java:30)
        at java.base/java.lang.Thread.run(Thread.java:834)
        Caused by: io.netty.channel.AbstractChannel$AnnotatedConnectException: Connection refused: no further
        information: localhost/0:0:0:0:0:0:0:1:51723
        Caused by: java.net.ConnectException: Connection refused: no further information
        at java.base/sun.nio.ch.SocketChannelImpl.checkConnect(Native Method)
        at java.base/sun.nio.ch.SocketChannelImpl.finishConnect(SocketChannelImpl.java:779)
        at io.netty.channel.socket.nio.NioSocketChannel.doFinishConnect(NioSocketChannel.java:337)
        at io.netty.channel.nio.AbstractNioChannel$AbstractNioUnsafe.finishConnect(AbstractNioChannel.java:334)
        at io.netty.channel.nio.NioEventLoop.processSelectedKey(NioEventLoop.java:710)
        at io.netty.channel.nio.NioEventLoop.processSelectedKeysOptimized(NioEventLoop.java:658)
        at io.netty.channel.nio.NioEventLoop.processSelectedKeys(NioEventLoop.java:584)
        at io.netty.channel.nio.NioEventLoop.run(NioEventLoop.java:496)
        at io.netty.util.concurrent.SingleThreadEventExecutor$4.run(SingleThreadEventExecutor.java:997)
        at io.netty.util.internal.ThreadExecutorMap$2.run(ThreadExecutorMap.java:74)
        at io.netty.util.concurrent.FastThreadLocalRunnable.run(FastThreadLocalRunnable.java:30)
        at java.base/java.lang.Thread.run(Thread.java:834)
    </div>
</div>
<p class="totop"><a href="#summary">back to summary</a></p>
<h2 id="m9">AutoPack1.ExchangeExcelOrders:price</h2>
<div>
    <div class="stacktrace">org.openqa.selenium.remote.UnreachableBrowserException: Error communicating with the remote
        browser. It may have died.
        Build info: version: &apos;4.4.0&apos;, revision: &apos;e5c75ed026a&apos;
        System info: host: &apos;ANT-SIMRANJIT-A&apos;, ip: &apos;10.1.8.104&apos;, os.name: &apos;Windows 11&apos;,
        os.arch: &apos;amd64&apos;, os.version: &apos;10.0&apos;, java.version: &apos;11.0.16.1&apos;
        Driver info: org.openqa.selenium.chrome.ChromeDriver
        Command: [bab3d1788d0e14dc9b11443cebd27413, findElement {using=xpath, value=//input[@name=&apos;price&apos;]}]
        Capabilities {acceptInsecureCerts: false, browserName: chrome, browserVersion: 109.0.5414.119, chrome:
        {chromedriverVersion: 109.0.5414.74 (e7c5703604da..., userDataDir: C:\Users\user\AppData\Local...},
        goog:chromeOptions: {debuggerAddress: localhost:61965}, networkConnectionEnabled: false, pageLoadStrategy:
        normal, platformName: WINDOWS, proxy: Proxy(), se:cdp: ws://localhost:61965/devtoo..., se:cdpVersion:
        109.0.5414.119, setWindowRect: true, strictFileInteractability: false, timeouts: {implicit: 0, pageLoad: 300000,
        script: 30000}, unhandledPromptBehavior: dismiss and notify, webauthn:extension:credBlob: true,
        webauthn:extension:largeBlob: true, webauthn:virtualAuthenticators: true}
        Session ID: bab3d1788d0e14dc9b11443cebd27413
        at org.openqa.selenium.remote.RemoteWebDriver.execute(RemoteWebDriver.java:571)
        at org.openqa.selenium.remote.ElementLocation$ElementFinder$2.findElement(ElementLocation.java:162)
        at org.openqa.selenium.remote.ElementLocation.findElement(ElementLocation.java:60)
        at org.openqa.selenium.remote.RemoteWebDriver.findElement(RemoteWebDriver.java:365)
        at org.openqa.selenium.remote.RemoteWebDriver.findElement(RemoteWebDriver.java:357)
        at AutoPack1.ExchangeExcelOrders.price(ExchangeExcelOrders.java:80)
        at java.base/jdk.internal.reflect.NativeMethodAccessorImpl.invoke0(Native Method)
        at java.base/jdk.internal.reflect.NativeMethodAccessorImpl.invoke(NativeMethodAccessorImpl.java:62)
        at java.base/jdk.internal.reflect.DelegatingMethodAccessorImpl.invoke(DelegatingMethodAccessorImpl.java:43)
        at java.base/java.lang.reflect.Method.invoke(Method.java:566)
        at org.testng.internal.MethodInvocationHelper.invokeMethod(MethodInvocationHelper.java:133)
        at org.testng.internal.TestInvoker.invokeMethod(TestInvoker.java:598)
        at org.testng.internal.TestInvoker.invokeTestMethod(TestInvoker.java:173)
        at org.testng.internal.MethodRunner.runInSequence(MethodRunner.java:46)
        at org.testng.internal.TestInvoker$MethodInvocationAgent.invoke(TestInvoker.java:824)
        at org.testng.internal.TestInvoker.invokeTestMethods(TestInvoker.java:146)
        at org.testng.internal.TestMethodWorker.invokeTestMethods(TestMethodWorker.java:146)
        at org.testng.internal.TestMethodWorker.run(TestMethodWorker.java:128)
        at java.base/java.util.ArrayList.forEach(ArrayList.java:1541)
        at org.testng.TestRunner.privateRun(TestRunner.java:794)
        at org.testng.TestRunner.run(TestRunner.java:596)
        at org.testng.SuiteRunner.runTest(SuiteRunner.java:377)
        at org.testng.SuiteRunner.runSequentially(SuiteRunner.java:371)
        at org.testng.SuiteRunner.privateRun(SuiteRunner.java:332)
        at org.testng.SuiteRunner.run(SuiteRunner.java:276)
        at org.testng.SuiteRunnerWorker.runSuite(SuiteRunnerWorker.java:53)
        at org.testng.SuiteRunnerWorker.run(SuiteRunnerWorker.java:96)
        at org.testng.TestNG.runSuitesSequentially(TestNG.java:1212)
        at org.testng.TestNG.runSuitesLocally(TestNG.java:1134)
        at org.testng.TestNG.runSuites(TestNG.java:1063)
        at org.testng.TestNG.run(TestNG.java:1031)
        at com.intellij.rt.testng.IDEARemoteTestNG.run(IDEARemoteTestNG.java:66)
        at com.intellij.rt.testng.RemoteTestNGStarter.main(RemoteTestNGStarter.java:109)
        Caused by: java.io.UncheckedIOException: java.net.ConnectException: Connection refused: no further information:
        localhost/0:0:0:0:0:0:0:1:52579
        at org.openqa.selenium.remote.http.netty.NettyHttpHandler.makeCall(NettyHttpHandler.java:73)
        at org.openqa.selenium.remote.http.AddSeleniumUserAgent.lambda$apply$0(AddSeleniumUserAgent.java:42)
        at org.openqa.selenium.remote.http.Filter.lambda$andFinally$1(Filter.java:56)
        at org.openqa.selenium.remote.http.netty.NettyHttpHandler.execute(NettyHttpHandler.java:49)
        at org.openqa.selenium.remote.http.AddSeleniumUserAgent.lambda$apply$0(AddSeleniumUserAgent.java:42)
        at org.openqa.selenium.remote.http.Filter.lambda$andFinally$1(Filter.java:56)
        at org.openqa.selenium.remote.http.netty.NettyClient.execute(NettyClient.java:98)
        at org.openqa.selenium.remote.HttpCommandExecutor.execute(HttpCommandExecutor.java:181)
        at org.openqa.selenium.remote.service.DriverCommandExecutor.invokeExecute(DriverCommandExecutor.java:167)
        at org.openqa.selenium.remote.service.DriverCommandExecutor.execute(DriverCommandExecutor.java:142)
        at org.openqa.selenium.remote.RemoteWebDriver.execute(RemoteWebDriver.java:547)
        ... 32 more
        Caused by: java.net.ConnectException: Connection refused: no further information:
        localhost/0:0:0:0:0:0:0:1:52579
        at org.asynchttpclient.netty.channel.NettyConnectListener.onFailure(NettyConnectListener.java:179)
        at org.asynchttpclient.netty.channel.NettyChannelConnector$1.onFailure(NettyChannelConnector.java:108)
        at org.asynchttpclient.netty.SimpleChannelFutureListener.operationComplete(SimpleChannelFutureListener.java:28)
        at org.asynchttpclient.netty.SimpleChannelFutureListener.operationComplete(SimpleChannelFutureListener.java:20)
        at io.netty.util.concurrent.DefaultPromise.notifyListener0(DefaultPromise.java:578)
        at io.netty.util.concurrent.DefaultPromise.notifyListeners0(DefaultPromise.java:571)
        at io.netty.util.concurrent.DefaultPromise.notifyListenersNow(DefaultPromise.java:550)
        at io.netty.util.concurrent.DefaultPromise.notifyListeners(DefaultPromise.java:491)
        at io.netty.util.concurrent.DefaultPromise.setValue0(DefaultPromise.java:616)
        at io.netty.util.concurrent.DefaultPromise.setFailure0(DefaultPromise.java:609)
        at io.netty.util.concurrent.DefaultPromise.tryFailure(DefaultPromise.java:117)
        at io.netty.channel.nio.AbstractNioChannel$AbstractNioUnsafe.fulfillConnectPromise(AbstractNioChannel.java:321)
        at io.netty.channel.nio.AbstractNioChannel$AbstractNioUnsafe.finishConnect(AbstractNioChannel.java:337)
        at io.netty.channel.nio.NioEventLoop.processSelectedKey(NioEventLoop.java:710)
        at io.netty.channel.nio.NioEventLoop.processSelectedKeysOptimized(NioEventLoop.java:658)
        at io.netty.channel.nio.NioEventLoop.processSelectedKeys(NioEventLoop.java:584)
        at io.netty.channel.nio.NioEventLoop.run(NioEventLoop.java:496)
        at io.netty.util.concurrent.SingleThreadEventExecutor$4.run(SingleThreadEventExecutor.java:997)
        at io.netty.util.internal.ThreadExecutorMap$2.run(ThreadExecutorMap.java:74)
        at io.netty.util.concurrent.FastThreadLocalRunnable.run(FastThreadLocalRunnable.java:30)
        at java.base/java.lang.Thread.run(Thread.java:834)
        Caused by: io.netty.channel.AbstractChannel$AnnotatedConnectException: Connection refused: no further
        information: localhost/0:0:0:0:0:0:0:1:52579
        Caused by: java.net.ConnectException: Connection refused: no further information
        at java.base/sun.nio.ch.SocketChannelImpl.checkConnect(Native Method)
        at java.base/sun.nio.ch.SocketChannelImpl.finishConnect(SocketChannelImpl.java:779)
        at io.netty.channel.socket.nio.NioSocketChannel.doFinishConnect(NioSocketChannel.java:337)
        at io.netty.channel.nio.AbstractNioChannel$AbstractNioUnsafe.finishConnect(AbstractNioChannel.java:334)
        at io.netty.channel.nio.NioEventLoop.processSelectedKey(NioEventLoop.java:710)
        at io.netty.channel.nio.NioEventLoop.processSelectedKeysOptimized(NioEventLoop.java:658)
        at io.netty.channel.nio.NioEventLoop.processSelectedKeys(NioEventLoop.java:584)
        at io.netty.channel.nio.NioEventLoop.run(NioEventLoop.java:496)
        at io.netty.util.concurrent.SingleThreadEventExecutor$4.run(SingleThreadEventExecutor.java:997)
        at io.netty.util.internal.ThreadExecutorMap$2.run(ThreadExecutorMap.java:74)
        at io.netty.util.concurrent.FastThreadLocalRunnable.run(FastThreadLocalRunnable.java:30)
        at java.base/java.lang.Thread.run(Thread.java:834)
    </div>
</div>
<p class="totop"><a href="#summary">back to summary</a></p>
<h2 id="m10">AutoPack1.test:runIterator</h2>
<div>
    <div class="stacktrace">java.lang.NullPointerException
        at AutoPack1.test.runIterator(test.java:44)
        at java.base/jdk.internal.reflect.NativeMethodAccessorImpl.invoke0(Native Method)
        at java.base/jdk.internal.reflect.NativeMethodAccessorImpl.invoke(NativeMethodAccessorImpl.java:62)
        at java.base/jdk.internal.reflect.DelegatingMethodAccessorImpl.invoke(DelegatingMethodAccessorImpl.java:43)
        at java.base/java.lang.reflect.Method.invoke(Method.java:566)
        at org.testng.internal.MethodInvocationHelper.invokeMethod(MethodInvocationHelper.java:133)
        at org.testng.internal.TestInvoker.invokeMethod(TestInvoker.java:598)
        at org.testng.internal.TestInvoker.invokeTestMethod(TestInvoker.java:173)
        at org.testng.internal.MethodRunner.runInSequence(MethodRunner.java:46)
        at org.testng.internal.TestInvoker$MethodInvocationAgent.invoke(TestInvoker.java:824)
        at org.testng.internal.TestInvoker.invokeTestMethods(TestInvoker.java:146)
        at org.testng.internal.TestMethodWorker.invokeTestMethods(TestMethodWorker.java:146)
        at org.testng.internal.TestMethodWorker.run(TestMethodWorker.java:128)
        at java.base/java.util.ArrayList.forEach(ArrayList.java:1541)
        at org.testng.TestRunner.privateRun(TestRunner.java:794)
        at org.testng.TestRunner.run(TestRunner.java:596)
        at org.testng.SuiteRunner.runTest(SuiteRunner.java:377)
        at org.testng.SuiteRunner.runSequentially(SuiteRunner.java:371)
        at org.testng.SuiteRunner.privateRun(SuiteRunner.java:332)
        at org.testng.SuiteRunner.run(SuiteRunner.java:276)
        at org.testng.SuiteRunnerWorker.runSuite(SuiteRunnerWorker.java:53)
        at org.testng.SuiteRunnerWorker.run(SuiteRunnerWorker.java:96)
        at org.testng.TestNG.runSuitesSequentially(TestNG.java:1212)
        at org.testng.TestNG.runSuitesLocally(TestNG.java:1134)
        at org.testng.TestNG.runSuites(TestNG.java:1063)
        at org.testng.TestNG.run(TestNG.java:1031)
        at com.intellij.rt.testng.IDEARemoteTestNG.run(IDEARemoteTestNG.java:66)
        at com.intellij.rt.testng.RemoteTestNGStarter.main(RemoteTestNGStarter.java:109)
    </div>
</div>
<p class="totop"><a href="#summary">back to summary</a></p>
<h2 id="m11">AutoPack1.ExchangeExcelOrders:LoginButton</h2>
<div>
    <div class="stacktrace">org.openqa.selenium.remote.UnreachableBrowserException: Error communicating with the remote
        browser. It may have died.
        Build info: version: &apos;4.4.0&apos;, revision: &apos;e5c75ed026a&apos;
        System info: host: &apos;ANT-SIMRANJIT-A&apos;, ip: &apos;10.1.8.104&apos;, os.name: &apos;Windows 11&apos;,
        os.arch: &apos;amd64&apos;, os.version: &apos;10.0&apos;, java.version: &apos;11.0.16.1&apos;
        Driver info: org.openqa.selenium.chrome.ChromeDriver
        Command: [bab3d1788d0e14dc9b11443cebd27413, findElement {using=xpath, value=//button[@class = &apos;ui primary
        button loginUIButton&apos;]}]
        Capabilities {acceptInsecureCerts: false, browserName: chrome, browserVersion: 109.0.5414.119, chrome:
        {chromedriverVersion: 109.0.5414.74 (e7c5703604da..., userDataDir: C:\Users\user\AppData\Local...},
        goog:chromeOptions: {debuggerAddress: localhost:61965}, networkConnectionEnabled: false, pageLoadStrategy:
        normal, platformName: WINDOWS, proxy: Proxy(), se:cdp: ws://localhost:61965/devtoo..., se:cdpVersion:
        109.0.5414.119, setWindowRect: true, strictFileInteractability: false, timeouts: {implicit: 0, pageLoad: 300000,
        script: 30000}, unhandledPromptBehavior: dismiss and notify, webauthn:extension:credBlob: true,
        webauthn:extension:largeBlob: true, webauthn:virtualAuthenticators: true}
        Session ID: bab3d1788d0e14dc9b11443cebd27413
        at org.openqa.selenium.remote.RemoteWebDriver.execute(RemoteWebDriver.java:571)
        at org.openqa.selenium.remote.ElementLocation$ElementFinder$2.findElement(ElementLocation.java:162)
        at org.openqa.selenium.remote.ElementLocation.findElement(ElementLocation.java:60)
        at org.openqa.selenium.remote.RemoteWebDriver.findElement(RemoteWebDriver.java:365)
        at org.openqa.selenium.remote.RemoteWebDriver.findElement(RemoteWebDriver.java:357)
        at AutoPack1.ExchangeExcelOrders.LoginButton(ExchangeExcelOrders.java:53)
        at java.base/jdk.internal.reflect.NativeMethodAccessorImpl.invoke0(Native Method)
        at java.base/jdk.internal.reflect.NativeMethodAccessorImpl.invoke(NativeMethodAccessorImpl.java:62)
        at java.base/jdk.internal.reflect.DelegatingMethodAccessorImpl.invoke(DelegatingMethodAccessorImpl.java:43)
        at java.base/java.lang.reflect.Method.invoke(Method.java:566)
        at org.testng.internal.MethodInvocationHelper.invokeMethod(MethodInvocationHelper.java:133)
        at org.testng.internal.TestInvoker.invokeMethod(TestInvoker.java:598)
        at org.testng.internal.TestInvoker.invokeTestMethod(TestInvoker.java:173)
        at org.testng.internal.MethodRunner.runInSequence(MethodRunner.java:46)
        at org.testng.internal.TestInvoker$MethodInvocationAgent.invoke(TestInvoker.java:824)
        at org.testng.internal.TestInvoker.invokeTestMethods(TestInvoker.java:146)
        at org.testng.internal.TestMethodWorker.invokeTestMethods(TestMethodWorker.java:146)
        at org.testng.internal.TestMethodWorker.run(TestMethodWorker.java:128)
        at java.base/java.util.ArrayList.forEach(ArrayList.java:1541)
        at org.testng.TestRunner.privateRun(TestRunner.java:794)
        at org.testng.TestRunner.run(TestRunner.java:596)
        at org.testng.SuiteRunner.runTest(SuiteRunner.java:377)
        at org.testng.SuiteRunner.runSequentially(SuiteRunner.java:371)
        at org.testng.SuiteRunner.privateRun(SuiteRunner.java:332)
        at org.testng.SuiteRunner.run(SuiteRunner.java:276)
        at org.testng.SuiteRunnerWorker.runSuite(SuiteRunnerWorker.java:53)
        at org.testng.SuiteRunnerWorker.run(SuiteRunnerWorker.java:96)
        at org.testng.TestNG.runSuitesSequentially(TestNG.java:1212)
        at org.testng.TestNG.runSuitesLocally(TestNG.java:1134)
        at org.testng.TestNG.runSuites(TestNG.java:1063)
        at org.testng.TestNG.run(TestNG.java:1031)
        at com.intellij.rt.testng.IDEARemoteTestNG.run(IDEARemoteTestNG.java:66)
        at com.intellij.rt.testng.RemoteTestNGStarter.main(RemoteTestNGStarter.java:109)
        Caused by: java.io.UncheckedIOException: java.net.ConnectException: Connection refused: no further information:
        localhost/0:0:0:0:0:0:0:1:52579
        at org.openqa.selenium.remote.http.netty.NettyHttpHandler.makeCall(NettyHttpHandler.java:73)
        at org.openqa.selenium.remote.http.AddSeleniumUserAgent.lambda$apply$0(AddSeleniumUserAgent.java:42)
        at org.openqa.selenium.remote.http.Filter.lambda$andFinally$1(Filter.java:56)
        at org.openqa.selenium.remote.http.netty.NettyHttpHandler.execute(NettyHttpHandler.java:49)
        at org.openqa.selenium.remote.http.AddSeleniumUserAgent.lambda$apply$0(AddSeleniumUserAgent.java:42)
        at org.openqa.selenium.remote.http.Filter.lambda$andFinally$1(Filter.java:56)
        at org.openqa.selenium.remote.http.netty.NettyClient.execute(NettyClient.java:98)
        at org.openqa.selenium.remote.HttpCommandExecutor.execute(HttpCommandExecutor.java:181)
        at org.openqa.selenium.remote.service.DriverCommandExecutor.invokeExecute(DriverCommandExecutor.java:167)
        at org.openqa.selenium.remote.service.DriverCommandExecutor.execute(DriverCommandExecutor.java:142)
        at org.openqa.selenium.remote.RemoteWebDriver.execute(RemoteWebDriver.java:547)
        ... 32 more
        Caused by: java.net.ConnectException: Connection refused: no further information:
        localhost/0:0:0:0:0:0:0:1:52579
        at org.asynchttpclient.netty.channel.NettyConnectListener.onFailure(NettyConnectListener.java:179)
        at org.asynchttpclient.netty.channel.NettyChannelConnector$1.onFailure(NettyChannelConnector.java:108)
        at org.asynchttpclient.netty.SimpleChannelFutureListener.operationComplete(SimpleChannelFutureListener.java:28)
        at org.asynchttpclient.netty.SimpleChannelFutureListener.operationComplete(SimpleChannelFutureListener.java:20)
        at io.netty.util.concurrent.DefaultPromise.notifyListener0(DefaultPromise.java:578)
        at io.netty.util.concurrent.DefaultPromise.notifyListeners0(DefaultPromise.java:571)
        at io.netty.util.concurrent.DefaultPromise.notifyListenersNow(DefaultPromise.java:550)
        at io.netty.util.concurrent.DefaultPromise.notifyListeners(DefaultPromise.java:491)
        at io.netty.util.concurrent.DefaultPromise.setValue0(DefaultPromise.java:616)
        at io.netty.util.concurrent.DefaultPromise.setFailure0(DefaultPromise.java:609)
        at io.netty.util.concurrent.DefaultPromise.tryFailure(DefaultPromise.java:117)
        at io.netty.channel.nio.AbstractNioChannel$AbstractNioUnsafe.fulfillConnectPromise(AbstractNioChannel.java:321)
        at io.netty.channel.nio.AbstractNioChannel$AbstractNioUnsafe.finishConnect(AbstractNioChannel.java:337)
        at io.netty.channel.nio.NioEventLoop.processSelectedKey(NioEventLoop.java:710)
        at io.netty.channel.nio.NioEventLoop.processSelectedKeysOptimized(NioEventLoop.java:658)
        at io.netty.channel.nio.NioEventLoop.processSelectedKeys(NioEventLoop.java:584)
        at io.netty.channel.nio.NioEventLoop.run(NioEventLoop.java:496)
        at io.netty.util.concurrent.SingleThreadEventExecutor$4.run(SingleThreadEventExecutor.java:997)
        at io.netty.util.internal.ThreadExecutorMap$2.run(ThreadExecutorMap.java:74)
        at io.netty.util.concurrent.FastThreadLocalRunnable.run(FastThreadLocalRunnable.java:30)
        at java.base/java.lang.Thread.run(Thread.java:834)
        Caused by: io.netty.channel.AbstractChannel$AnnotatedConnectException: Connection refused: no further
        information: localhost/0:0:0:0:0:0:0:1:52579
        Caused by: java.net.ConnectException: Connection refused: no further information
        at java.base/sun.nio.ch.SocketChannelImpl.checkConnect(Native Method)
        at java.base/sun.nio.ch.SocketChannelImpl.finishConnect(SocketChannelImpl.java:779)
        at io.netty.channel.socket.nio.NioSocketChannel.doFinishConnect(NioSocketChannel.java:337)
        at io.netty.channel.nio.AbstractNioChannel$AbstractNioUnsafe.finishConnect(AbstractNioChannel.java:334)
        at io.netty.channel.nio.NioEventLoop.processSelectedKey(NioEventLoop.java:710)
        at io.netty.channel.nio.NioEventLoop.processSelectedKeysOptimized(NioEventLoop.java:658)
        at io.netty.channel.nio.NioEventLoop.processSelectedKeys(NioEventLoop.java:584)
        at io.netty.channel.nio.NioEventLoop.run(NioEventLoop.java:496)
        at io.netty.util.concurrent.SingleThreadEventExecutor$4.run(SingleThreadEventExecutor.java:997)
        at io.netty.util.internal.ThreadExecutorMap$2.run(ThreadExecutorMap.java:74)
        at io.netty.util.concurrent.FastThreadLocalRunnable.run(FastThreadLocalRunnable.java:30)
        at java.base/java.lang.Thread.run(Thread.java:834)
    </div>
</div>
<p class="totop"><a href="#summary">back to summary</a></p>
<h2 id="m12">AutoPack1.ExchangeExcelOrders:Email</h2>
<div>
    <div class="stacktrace">org.openqa.selenium.remote.UnreachableBrowserException: Error communicating with the remote
        browser. It may have died.
        Build info: version: &apos;4.4.0&apos;, revision: &apos;e5c75ed026a&apos;
        System info: host: &apos;ANT-SIMRANJIT-A&apos;, ip: &apos;10.1.8.104&apos;, os.name: &apos;Windows 11&apos;,
        os.arch: &apos;amd64&apos;, os.version: &apos;10.0&apos;, java.version: &apos;11.0.16.1&apos;
        Driver info: org.openqa.selenium.chrome.ChromeDriver
        Command: [bab3d1788d0e14dc9b11443cebd27413, findElement {using=xpath, value=//input[@placeholder = &apos;Email&apos;]}]
        Capabilities {acceptInsecureCerts: false, browserName: chrome, browserVersion: 109.0.5414.119, chrome:
        {chromedriverVersion: 109.0.5414.74 (e7c5703604da..., userDataDir: C:\Users\user\AppData\Local...},
        goog:chromeOptions: {debuggerAddress: localhost:61965}, networkConnectionEnabled: false, pageLoadStrategy:
        normal, platformName: WINDOWS, proxy: Proxy(), se:cdp: ws://localhost:61965/devtoo..., se:cdpVersion:
        109.0.5414.119, setWindowRect: true, strictFileInteractability: false, timeouts: {implicit: 0, pageLoad: 300000,
        script: 30000}, unhandledPromptBehavior: dismiss and notify, webauthn:extension:credBlob: true,
        webauthn:extension:largeBlob: true, webauthn:virtualAuthenticators: true}
        Session ID: bab3d1788d0e14dc9b11443cebd27413
        at org.openqa.selenium.remote.RemoteWebDriver.execute(RemoteWebDriver.java:571)
        at org.openqa.selenium.remote.ElementLocation$ElementFinder$2.findElement(ElementLocation.java:162)
        at org.openqa.selenium.remote.ElementLocation.findElement(ElementLocation.java:60)
        at org.openqa.selenium.remote.RemoteWebDriver.findElement(RemoteWebDriver.java:365)
        at org.openqa.selenium.remote.RemoteWebDriver.findElement(RemoteWebDriver.java:357)
        at AutoPack1.ExchangeExcelOrders.Email(ExchangeExcelOrders.java:35)
        at java.base/jdk.internal.reflect.NativeMethodAccessorImpl.invoke0(Native Method)
        at java.base/jdk.internal.reflect.NativeMethodAccessorImpl.invoke(NativeMethodAccessorImpl.java:62)
        at java.base/jdk.internal.reflect.DelegatingMethodAccessorImpl.invoke(DelegatingMethodAccessorImpl.java:43)
        at java.base/java.lang.reflect.Method.invoke(Method.java:566)
        at org.testng.internal.MethodInvocationHelper.invokeMethod(MethodInvocationHelper.java:133)
        at org.testng.internal.TestInvoker.invokeMethod(TestInvoker.java:598)
        at org.testng.internal.TestInvoker.invokeTestMethod(TestInvoker.java:173)
        at org.testng.internal.MethodRunner.runInSequence(MethodRunner.java:46)
        at org.testng.internal.TestInvoker$MethodInvocationAgent.invoke(TestInvoker.java:824)
        at org.testng.internal.TestInvoker.invokeTestMethods(TestInvoker.java:146)
        at org.testng.internal.TestMethodWorker.invokeTestMethods(TestMethodWorker.java:146)
        at org.testng.internal.TestMethodWorker.run(TestMethodWorker.java:128)
        at java.base/java.util.ArrayList.forEach(ArrayList.java:1541)
        at org.testng.TestRunner.privateRun(TestRunner.java:794)
        at org.testng.TestRunner.run(TestRunner.java:596)
        at org.testng.SuiteRunner.runTest(SuiteRunner.java:377)
        at org.testng.SuiteRunner.runSequentially(SuiteRunner.java:371)
        at org.testng.SuiteRunner.privateRun(SuiteRunner.java:332)
        at org.testng.SuiteRunner.run(SuiteRunner.java:276)
        at org.testng.SuiteRunnerWorker.runSuite(SuiteRunnerWorker.java:53)
        at org.testng.SuiteRunnerWorker.run(SuiteRunnerWorker.java:96)
        at org.testng.TestNG.runSuitesSequentially(TestNG.java:1212)
        at org.testng.TestNG.runSuitesLocally(TestNG.java:1134)
        at org.testng.TestNG.runSuites(TestNG.java:1063)
        at org.testng.TestNG.run(TestNG.java:1031)
        at com.intellij.rt.testng.IDEARemoteTestNG.run(IDEARemoteTestNG.java:66)
        at com.intellij.rt.testng.RemoteTestNGStarter.main(RemoteTestNGStarter.java:109)
        Caused by: java.io.UncheckedIOException: java.net.ConnectException: Connection refused: no further information:
        localhost/0:0:0:0:0:0:0:1:52579
        at org.openqa.selenium.remote.http.netty.NettyHttpHandler.makeCall(NettyHttpHandler.java:73)
        at org.openqa.selenium.remote.http.AddSeleniumUserAgent.lambda$apply$0(AddSeleniumUserAgent.java:42)
        at org.openqa.selenium.remote.http.Filter.lambda$andFinally$1(Filter.java:56)
        at org.openqa.selenium.remote.http.netty.NettyHttpHandler.execute(NettyHttpHandler.java:49)
        at org.openqa.selenium.remote.http.AddSeleniumUserAgent.lambda$apply$0(AddSeleniumUserAgent.java:42)
        at org.openqa.selenium.remote.http.Filter.lambda$andFinally$1(Filter.java:56)
        at org.openqa.selenium.remote.http.netty.NettyClient.execute(NettyClient.java:98)
        at org.openqa.selenium.remote.HttpCommandExecutor.execute(HttpCommandExecutor.java:181)
        at org.openqa.selenium.remote.service.DriverCommandExecutor.invokeExecute(DriverCommandExecutor.java:167)
        at org.openqa.selenium.remote.service.DriverCommandExecutor.execute(DriverCommandExecutor.java:142)
        at org.openqa.selenium.remote.RemoteWebDriver.execute(RemoteWebDriver.java:547)
        ... 32 more
        Caused by: java.net.ConnectException: Connection refused: no further information:
        localhost/0:0:0:0:0:0:0:1:52579
        at org.asynchttpclient.netty.channel.NettyConnectListener.onFailure(NettyConnectListener.java:179)
        at org.asynchttpclient.netty.channel.NettyChannelConnector$1.onFailure(NettyChannelConnector.java:108)
        at org.asynchttpclient.netty.SimpleChannelFutureListener.operationComplete(SimpleChannelFutureListener.java:28)
        at org.asynchttpclient.netty.SimpleChannelFutureListener.operationComplete(SimpleChannelFutureListener.java:20)
        at io.netty.util.concurrent.DefaultPromise.notifyListener0(DefaultPromise.java:578)
        at io.netty.util.concurrent.DefaultPromise.notifyListeners0(DefaultPromise.java:571)
        at io.netty.util.concurrent.DefaultPromise.notifyListenersNow(DefaultPromise.java:550)
        at io.netty.util.concurrent.DefaultPromise.notifyListeners(DefaultPromise.java:491)
        at io.netty.util.concurrent.DefaultPromise.setValue0(DefaultPromise.java:616)
        at io.netty.util.concurrent.DefaultPromise.setFailure0(DefaultPromise.java:609)
        at io.netty.util.concurrent.DefaultPromise.tryFailure(DefaultPromise.java:117)
        at io.netty.channel.nio.AbstractNioChannel$AbstractNioUnsafe.fulfillConnectPromise(AbstractNioChannel.java:321)
        at io.netty.channel.nio.AbstractNioChannel$AbstractNioUnsafe.finishConnect(AbstractNioChannel.java:337)
        at io.netty.channel.nio.NioEventLoop.processSelectedKey(NioEventLoop.java:710)
        at io.netty.channel.nio.NioEventLoop.processSelectedKeysOptimized(NioEventLoop.java:658)
        at io.netty.channel.nio.NioEventLoop.processSelectedKeys(NioEventLoop.java:584)
        at io.netty.channel.nio.NioEventLoop.run(NioEventLoop.java:496)
        at io.netty.util.concurrent.SingleThreadEventExecutor$4.run(SingleThreadEventExecutor.java:997)
        at io.netty.util.internal.ThreadExecutorMap$2.run(ThreadExecutorMap.java:74)
        at io.netty.util.concurrent.FastThreadLocalRunnable.run(FastThreadLocalRunnable.java:30)
        at java.base/java.lang.Thread.run(Thread.java:834)
        Caused by: io.netty.channel.AbstractChannel$AnnotatedConnectException: Connection refused: no further
        information: localhost/0:0:0:0:0:0:0:1:52579
        Caused by: java.net.ConnectException: Connection refused: no further information
        at java.base/sun.nio.ch.SocketChannelImpl.checkConnect(Native Method)
        at java.base/sun.nio.ch.SocketChannelImpl.finishConnect(SocketChannelImpl.java:779)
        at io.netty.channel.socket.nio.NioSocketChannel.doFinishConnect(NioSocketChannel.java:337)
        at io.netty.channel.nio.AbstractNioChannel$AbstractNioUnsafe.finishConnect(AbstractNioChannel.java:334)
        at io.netty.channel.nio.NioEventLoop.processSelectedKey(NioEventLoop.java:710)
        at io.netty.channel.nio.NioEventLoop.processSelectedKeysOptimized(NioEventLoop.java:658)
        at io.netty.channel.nio.NioEventLoop.processSelectedKeys(NioEventLoop.java:584)
        at io.netty.channel.nio.NioEventLoop.run(NioEventLoop.java:496)
        at io.netty.util.concurrent.SingleThreadEventExecutor$4.run(SingleThreadEventExecutor.java:997)
        at io.netty.util.internal.ThreadExecutorMap$2.run(ThreadExecutorMap.java:74)
        at io.netty.util.concurrent.FastThreadLocalRunnable.run(FastThreadLocalRunnable.java:30)
        at java.base/java.lang.Thread.run(Thread.java:834)
    </div>
</div>
<p class="totop"><a href="#summary">back to summary</a></p>
<h2 id="m13">AutoPack1.Test1912:Email</h2>
<div>
    <div class="stacktrace">org.openqa.selenium.NoSuchWindowException: no such window: target window already closed
        from unknown error: web view not found
        (Session info: chrome=109.0.5414.119)
        Build info: version: &apos;4.4.0&apos;, revision: &apos;e5c75ed026a&apos;
        System info: host: &apos;ANT-SIMRANJIT-A&apos;, ip: &apos;10.1.8.104&apos;, os.name: &apos;Windows 11&apos;,
        os.arch: &apos;amd64&apos;, os.version: &apos;10.0&apos;, java.version: &apos;11.0.16.1&apos;
        Driver info: org.openqa.selenium.chrome.ChromeDriver
        Command: [fa88ed07302988cee2cfb065d8c82cbc, findElement {using=xpath, value=//input[@placeholder = &apos;Email&apos;]}]
        Capabilities {acceptInsecureCerts: false, browserName: chrome, browserVersion: 109.0.5414.119, chrome:
        {chromedriverVersion: 109.0.5414.74 (e7c5703604da..., userDataDir: C:\Users\user\AppData\Local...},
        goog:chromeOptions: {debuggerAddress: localhost:61999}, networkConnectionEnabled: false, pageLoadStrategy:
        normal, platformName: WINDOWS, proxy: Proxy(), se:cdp: ws://localhost:61999/devtoo..., se:cdpVersion:
        109.0.5414.119, setWindowRect: true, strictFileInteractability: false, timeouts: {implicit: 0, pageLoad: 300000,
        script: 30000}, unhandledPromptBehavior: dismiss and notify, webauthn:extension:credBlob: true,
        webauthn:extension:largeBlob: true, webauthn:virtualAuthenticators: true}
        Session ID: fa88ed07302988cee2cfb065d8c82cbc
        at java.base/jdk.internal.reflect.NativeConstructorAccessorImpl.newInstance0(Native Method)
        at
        java.base/jdk.internal.reflect.NativeConstructorAccessorImpl.newInstance(NativeConstructorAccessorImpl.java:62)
        at
        java.base/jdk.internal.reflect.DelegatingConstructorAccessorImpl.newInstance(DelegatingConstructorAccessorImpl.java:45)
        at java.base/java.lang.reflect.Constructor.newInstance(Constructor.java:490)
        at org.openqa.selenium.remote.codec.w3c.W3CHttpResponseCodec.createException(W3CHttpResponseCodec.java:200)
        at org.openqa.selenium.remote.codec.w3c.W3CHttpResponseCodec.decode(W3CHttpResponseCodec.java:133)
        at org.openqa.selenium.remote.codec.w3c.W3CHttpResponseCodec.decode(W3CHttpResponseCodec.java:53)
        at org.openqa.selenium.remote.HttpCommandExecutor.execute(HttpCommandExecutor.java:184)
        at org.openqa.selenium.remote.service.DriverCommandExecutor.invokeExecute(DriverCommandExecutor.java:167)
        at org.openqa.selenium.remote.service.DriverCommandExecutor.execute(DriverCommandExecutor.java:142)
        at org.openqa.selenium.remote.RemoteWebDriver.execute(RemoteWebDriver.java:547)
        at org.openqa.selenium.remote.ElementLocation$ElementFinder$2.findElement(ElementLocation.java:162)
        at org.openqa.selenium.remote.ElementLocation.findElement(ElementLocation.java:60)
        at org.openqa.selenium.remote.RemoteWebDriver.findElement(RemoteWebDriver.java:365)
        at org.openqa.selenium.remote.RemoteWebDriver.findElement(RemoteWebDriver.java:357)
        at AutoPack1.Test1912.Email(Test1912.java:37)
        at java.base/jdk.internal.reflect.NativeMethodAccessorImpl.invoke0(Native Method)
        at java.base/jdk.internal.reflect.NativeMethodAccessorImpl.invoke(NativeMethodAccessorImpl.java:62)
        at java.base/jdk.internal.reflect.DelegatingMethodAccessorImpl.invoke(DelegatingMethodAccessorImpl.java:43)
        at java.base/java.lang.reflect.Method.invoke(Method.java:566)
        at org.testng.internal.MethodInvocationHelper.invokeMethod(MethodInvocationHelper.java:133)
        at org.testng.internal.TestInvoker.invokeMethod(TestInvoker.java:598)
        at org.testng.internal.TestInvoker.invokeTestMethod(TestInvoker.java:173)
        at org.testng.internal.MethodRunner.runInSequence(MethodRunner.java:46)
        at org.testng.internal.TestInvoker$MethodInvocationAgent.invoke(TestInvoker.java:824)
        at org.testng.internal.TestInvoker.invokeTestMethods(TestInvoker.java:146)
        at org.testng.internal.TestMethodWorker.invokeTestMethods(TestMethodWorker.java:146)
        at org.testng.internal.TestMethodWorker.run(TestMethodWorker.java:128)
        at java.base/java.util.ArrayList.forEach(ArrayList.java:1541)
        at org.testng.TestRunner.privateRun(TestRunner.java:794)
        at org.testng.TestRunner.run(TestRunner.java:596)
        at org.testng.SuiteRunner.runTest(SuiteRunner.java:377)
        at org.testng.SuiteRunner.runSequentially(SuiteRunner.java:371)
        at org.testng.SuiteRunner.privateRun(SuiteRunner.java:332)
        at org.testng.SuiteRunner.run(SuiteRunner.java:276)
        at org.testng.SuiteRunnerWorker.runSuite(SuiteRunnerWorker.java:53)
        at org.testng.SuiteRunnerWorker.run(SuiteRunnerWorker.java:96)
        at org.testng.TestNG.runSuitesSequentially(TestNG.java:1212)
        at org.testng.TestNG.runSuitesLocally(TestNG.java:1134)
        at org.testng.TestNG.runSuites(TestNG.java:1063)
        at org.testng.TestNG.run(TestNG.java:1031)
        at com.intellij.rt.testng.IDEARemoteTestNG.run(IDEARemoteTestNG.java:66)
        at com.intellij.rt.testng.RemoteTestNGStarter.main(RemoteTestNGStarter.java:109)
    </div>
</div>
<p class="totop"><a href="#summary">back to summary</a></p>
<h2 id="m14">AutoPack1.TestFire0901:OpenWebsite</h2>
<div>
    <div class="stacktrace">org.openqa.selenium.remote.UnreachableBrowserException: Error communicating with the remote
        browser. It may have died.
        Build info: version: &apos;4.4.0&apos;, revision: &apos;e5c75ed026a&apos;
        System info: host: &apos;ANT-SIMRANJIT-A&apos;, ip: &apos;10.1.8.104&apos;, os.name: &apos;Windows 11&apos;,
        os.arch: &apos;amd64&apos;, os.version: &apos;10.0&apos;, java.version: &apos;11.0.16.1&apos;
        Driver info: org.openqa.selenium.chrome.ChromeDriver
        Command: [7072d153c0345a0529c6f16a74451589, get {url=https://explorer.5ire.network/}]
        Capabilities {acceptInsecureCerts: false, browserName: chrome, browserVersion: 109.0.5414.119, chrome:
        {chromedriverVersion: 109.0.5414.74 (e7c5703604da..., userDataDir: C:\Users\user\AppData\Local...},
        goog:chromeOptions: {debuggerAddress: localhost:62020}, networkConnectionEnabled: false, pageLoadStrategy:
        normal, platformName: WINDOWS, proxy: Proxy(), se:cdp: ws://localhost:62020/devtoo..., se:cdpVersion:
        109.0.5414.119, setWindowRect: true, strictFileInteractability: false, timeouts: {implicit: 0, pageLoad: 300000,
        script: 30000}, unhandledPromptBehavior: dismiss and notify, webauthn:extension:credBlob: true,
        webauthn:extension:largeBlob: true, webauthn:virtualAuthenticators: true}
        Session ID: 7072d153c0345a0529c6f16a74451589
        at org.openqa.selenium.remote.RemoteWebDriver.execute(RemoteWebDriver.java:571)
        at org.openqa.selenium.remote.RemoteWebDriver.get(RemoteWebDriver.java:310)
        at AutoPack1.TestFire0901.OpenWebsite(TestFire0901.java:20)
        at java.base/jdk.internal.reflect.NativeMethodAccessorImpl.invoke0(Native Method)
        at java.base/jdk.internal.reflect.NativeMethodAccessorImpl.invoke(NativeMethodAccessorImpl.java:62)
        at java.base/jdk.internal.reflect.DelegatingMethodAccessorImpl.invoke(DelegatingMethodAccessorImpl.java:43)
        at java.base/java.lang.reflect.Method.invoke(Method.java:566)
        at org.testng.internal.MethodInvocationHelper.invokeMethod(MethodInvocationHelper.java:133)
        at org.testng.internal.TestInvoker.invokeMethod(TestInvoker.java:598)
        at org.testng.internal.TestInvoker.invokeTestMethod(TestInvoker.java:173)
        at org.testng.internal.MethodRunner.runInSequence(MethodRunner.java:46)
        at org.testng.internal.TestInvoker$MethodInvocationAgent.invoke(TestInvoker.java:824)
        at org.testng.internal.TestInvoker.invokeTestMethods(TestInvoker.java:146)
        at org.testng.internal.TestMethodWorker.invokeTestMethods(TestMethodWorker.java:146)
        at org.testng.internal.TestMethodWorker.run(TestMethodWorker.java:128)
        at java.base/java.util.ArrayList.forEach(ArrayList.java:1541)
        at org.testng.TestRunner.privateRun(TestRunner.java:794)
        at org.testng.TestRunner.run(TestRunner.java:596)
        at org.testng.SuiteRunner.runTest(SuiteRunner.java:377)
        at org.testng.SuiteRunner.runSequentially(SuiteRunner.java:371)
        at org.testng.SuiteRunner.privateRun(SuiteRunner.java:332)
        at org.testng.SuiteRunner.run(SuiteRunner.java:276)
        at org.testng.SuiteRunnerWorker.runSuite(SuiteRunnerWorker.java:53)
        at org.testng.SuiteRunnerWorker.run(SuiteRunnerWorker.java:96)
        at org.testng.TestNG.runSuitesSequentially(TestNG.java:1212)
        at org.testng.TestNG.runSuitesLocally(TestNG.java:1134)
        at org.testng.TestNG.runSuites(TestNG.java:1063)
        at org.testng.TestNG.run(TestNG.java:1031)
        at com.intellij.rt.testng.IDEARemoteTestNG.run(IDEARemoteTestNG.java:66)
        at com.intellij.rt.testng.RemoteTestNGStarter.main(RemoteTestNGStarter.java:109)
        Caused by: java.io.UncheckedIOException: java.io.IOException: An existing connection was forcibly closed by the
        remote host
        at org.openqa.selenium.remote.http.netty.NettyHttpHandler.makeCall(NettyHttpHandler.java:73)
        at org.openqa.selenium.remote.http.AddSeleniumUserAgent.lambda$apply$0(AddSeleniumUserAgent.java:42)
        at org.openqa.selenium.remote.http.Filter.lambda$andFinally$1(Filter.java:56)
        at org.openqa.selenium.remote.http.netty.NettyHttpHandler.execute(NettyHttpHandler.java:49)
        at org.openqa.selenium.remote.http.AddSeleniumUserAgent.lambda$apply$0(AddSeleniumUserAgent.java:42)
        at org.openqa.selenium.remote.http.Filter.lambda$andFinally$1(Filter.java:56)
        at org.openqa.selenium.remote.http.netty.NettyClient.execute(NettyClient.java:98)
        at org.openqa.selenium.remote.HttpCommandExecutor.execute(HttpCommandExecutor.java:181)
        at org.openqa.selenium.remote.service.DriverCommandExecutor.invokeExecute(DriverCommandExecutor.java:167)
        at org.openqa.selenium.remote.service.DriverCommandExecutor.execute(DriverCommandExecutor.java:142)
        at org.openqa.selenium.remote.RemoteWebDriver.execute(RemoteWebDriver.java:547)
        ... 29 more
        Caused by: java.io.IOException: An existing connection was forcibly closed by the remote host
        at java.base/sun.nio.ch.SocketDispatcher.read0(Native Method)
        at java.base/sun.nio.ch.SocketDispatcher.read(SocketDispatcher.java:43)
        at java.base/sun.nio.ch.IOUtil.readIntoNativeBuffer(IOUtil.java:276)
        at java.base/sun.nio.ch.IOUtil.read(IOUtil.java:233)
        at java.base/sun.nio.ch.IOUtil.read(IOUtil.java:223)
        at java.base/sun.nio.ch.SocketChannelImpl.read(SocketChannelImpl.java:358)
        at io.netty.buffer.PooledByteBuf.setBytes(PooledByteBuf.java:258)
        at io.netty.buffer.AbstractByteBuf.writeBytes(AbstractByteBuf.java:1132)
        at io.netty.channel.socket.nio.NioSocketChannel.doReadBytes(NioSocketChannel.java:357)
        at io.netty.channel.nio.AbstractNioByteChannel$NioByteUnsafe.read(AbstractNioByteChannel.java:151)
        at io.netty.channel.nio.NioEventLoop.processSelectedKey(NioEventLoop.java:722)
        at io.netty.channel.nio.NioEventLoop.processSelectedKeysOptimized(NioEventLoop.java:658)
        at io.netty.channel.nio.NioEventLoop.processSelectedKeys(NioEventLoop.java:584)
        at io.netty.channel.nio.NioEventLoop.run(NioEventLoop.java:496)
        at io.netty.util.concurrent.SingleThreadEventExecutor$4.run(SingleThreadEventExecutor.java:997)
        at io.netty.util.internal.ThreadExecutorMap$2.run(ThreadExecutorMap.java:74)
        at io.netty.util.concurrent.FastThreadLocalRunnable.run(FastThreadLocalRunnable.java:30)
        at java.base/java.lang.Thread.run(Thread.java:834)
    </div>
</div>
<p class="totop"><a href="#summary">back to summary</a></p>
<h2 id="m15">AutoPack1.ExchangeExcelOrders:NaviGateToExchange</h2>
<div>
    <div class="stacktrace">org.openqa.selenium.remote.UnreachableBrowserException: Error communicating with the remote
        browser. It may have died.
        Build info: version: &apos;4.4.0&apos;, revision: &apos;e5c75ed026a&apos;
        System info: host: &apos;ANT-SIMRANJIT-A&apos;, ip: &apos;10.1.8.104&apos;, os.name: &apos;Windows 11&apos;,
        os.arch: &apos;amd64&apos;, os.version: &apos;10.0&apos;, java.version: &apos;11.0.16.1&apos;
        Driver info: org.openqa.selenium.chrome.ChromeDriver
        Command: [bab3d1788d0e14dc9b11443cebd27413, get {url=https://exchange.stage-coingeb.com/trading/sxpbtc}]
        Capabilities {acceptInsecureCerts: false, browserName: chrome, browserVersion: 109.0.5414.119, chrome:
        {chromedriverVersion: 109.0.5414.74 (e7c5703604da..., userDataDir: C:\Users\user\AppData\Local...},
        goog:chromeOptions: {debuggerAddress: localhost:61965}, networkConnectionEnabled: false, pageLoadStrategy:
        normal, platformName: WINDOWS, proxy: Proxy(), se:cdp: ws://localhost:61965/devtoo..., se:cdpVersion:
        109.0.5414.119, setWindowRect: true, strictFileInteractability: false, timeouts: {implicit: 0, pageLoad: 300000,
        script: 30000}, unhandledPromptBehavior: dismiss and notify, webauthn:extension:credBlob: true,
        webauthn:extension:largeBlob: true, webauthn:virtualAuthenticators: true}
        Session ID: bab3d1788d0e14dc9b11443cebd27413
        at org.openqa.selenium.remote.RemoteWebDriver.execute(RemoteWebDriver.java:571)
        at org.openqa.selenium.remote.RemoteWebDriver.get(RemoteWebDriver.java:310)
        at org.openqa.selenium.remote.RemoteWebDriver$RemoteNavigation.to(RemoteWebDriver.java:1031)
        at AutoPack1.ExchangeExcelOrders.NaviGateToExchange(ExchangeExcelOrders.java:59)
        at java.base/jdk.internal.reflect.NativeMethodAccessorImpl.invoke0(Native Method)
        at java.base/jdk.internal.reflect.NativeMethodAccessorImpl.invoke(NativeMethodAccessorImpl.java:62)
        at java.base/jdk.internal.reflect.DelegatingMethodAccessorImpl.invoke(DelegatingMethodAccessorImpl.java:43)
        at java.base/java.lang.reflect.Method.invoke(Method.java:566)
        at org.testng.internal.MethodInvocationHelper.invokeMethod(MethodInvocationHelper.java:133)
        at org.testng.internal.TestInvoker.invokeMethod(TestInvoker.java:598)
        at org.testng.internal.TestInvoker.invokeTestMethod(TestInvoker.java:173)
        at org.testng.internal.MethodRunner.runInSequence(MethodRunner.java:46)
        at org.testng.internal.TestInvoker$MethodInvocationAgent.invoke(TestInvoker.java:824)
        at org.testng.internal.TestInvoker.invokeTestMethods(TestInvoker.java:146)
        at org.testng.internal.TestMethodWorker.invokeTestMethods(TestMethodWorker.java:146)
        at org.testng.internal.TestMethodWorker.run(TestMethodWorker.java:128)
        at java.base/java.util.ArrayList.forEach(ArrayList.java:1541)
        at org.testng.TestRunner.privateRun(TestRunner.java:794)
        at org.testng.TestRunner.run(TestRunner.java:596)
        at org.testng.SuiteRunner.runTest(SuiteRunner.java:377)
        at org.testng.SuiteRunner.runSequentially(SuiteRunner.java:371)
        at org.testng.SuiteRunner.privateRun(SuiteRunner.java:332)
        at org.testng.SuiteRunner.run(SuiteRunner.java:276)
        at org.testng.SuiteRunnerWorker.runSuite(SuiteRunnerWorker.java:53)
        at org.testng.SuiteRunnerWorker.run(SuiteRunnerWorker.java:96)
        at org.testng.TestNG.runSuitesSequentially(TestNG.java:1212)
        at org.testng.TestNG.runSuitesLocally(TestNG.java:1134)
        at org.testng.TestNG.runSuites(TestNG.java:1063)
        at org.testng.TestNG.run(TestNG.java:1031)
        at com.intellij.rt.testng.IDEARemoteTestNG.run(IDEARemoteTestNG.java:66)
        at com.intellij.rt.testng.RemoteTestNGStarter.main(RemoteTestNGStarter.java:109)
        Caused by: java.io.UncheckedIOException: java.net.ConnectException: Connection refused: no further information:
        localhost/0:0:0:0:0:0:0:1:52579
        at org.openqa.selenium.remote.http.netty.NettyHttpHandler.makeCall(NettyHttpHandler.java:73)
        at org.openqa.selenium.remote.http.AddSeleniumUserAgent.lambda$apply$0(AddSeleniumUserAgent.java:42)
        at org.openqa.selenium.remote.http.Filter.lambda$andFinally$1(Filter.java:56)
        at org.openqa.selenium.remote.http.netty.NettyHttpHandler.execute(NettyHttpHandler.java:49)
        at org.openqa.selenium.remote.http.AddSeleniumUserAgent.lambda$apply$0(AddSeleniumUserAgent.java:42)
        at org.openqa.selenium.remote.http.Filter.lambda$andFinally$1(Filter.java:56)
        at org.openqa.selenium.remote.http.netty.NettyClient.execute(NettyClient.java:98)
        at org.openqa.selenium.remote.HttpCommandExecutor.execute(HttpCommandExecutor.java:181)
        at org.openqa.selenium.remote.service.DriverCommandExecutor.invokeExecute(DriverCommandExecutor.java:167)
        at org.openqa.selenium.remote.service.DriverCommandExecutor.execute(DriverCommandExecutor.java:142)
        at org.openqa.selenium.remote.RemoteWebDriver.execute(RemoteWebDriver.java:547)
        ... 30 more
        Caused by: java.net.ConnectException: Connection refused: no further information:
        localhost/0:0:0:0:0:0:0:1:52579
        at org.asynchttpclient.netty.channel.NettyConnectListener.onFailure(NettyConnectListener.java:179)
        at org.asynchttpclient.netty.channel.NettyChannelConnector$1.onFailure(NettyChannelConnector.java:108)
        at org.asynchttpclient.netty.SimpleChannelFutureListener.operationComplete(SimpleChannelFutureListener.java:28)
        at org.asynchttpclient.netty.SimpleChannelFutureListener.operationComplete(SimpleChannelFutureListener.java:20)
        at io.netty.util.concurrent.DefaultPromise.notifyListener0(DefaultPromise.java:578)
        at io.netty.util.concurrent.DefaultPromise.notifyListeners0(DefaultPromise.java:571)
        at io.netty.util.concurrent.DefaultPromise.notifyListenersNow(DefaultPromise.java:550)
        at io.netty.util.concurrent.DefaultPromise.notifyListeners(DefaultPromise.java:491)
        at io.netty.util.concurrent.DefaultPromise.setValue0(DefaultPromise.java:616)
        at io.netty.util.concurrent.DefaultPromise.setFailure0(DefaultPromise.java:609)
        at io.netty.util.concurrent.DefaultPromise.tryFailure(DefaultPromise.java:117)
        at io.netty.channel.nio.AbstractNioChannel$AbstractNioUnsafe.fulfillConnectPromise(AbstractNioChannel.java:321)
        at io.netty.channel.nio.AbstractNioChannel$AbstractNioUnsafe.finishConnect(AbstractNioChannel.java:337)
        at io.netty.channel.nio.NioEventLoop.processSelectedKey(NioEventLoop.java:710)
        at io.netty.channel.nio.NioEventLoop.processSelectedKeysOptimized(NioEventLoop.java:658)
        at io.netty.channel.nio.NioEventLoop.processSelectedKeys(NioEventLoop.java:584)
        at io.netty.channel.nio.NioEventLoop.run(NioEventLoop.java:496)
        at io.netty.util.concurrent.SingleThreadEventExecutor$4.run(SingleThreadEventExecutor.java:997)
        at io.netty.util.internal.ThreadExecutorMap$2.run(ThreadExecutorMap.java:74)
        at io.netty.util.concurrent.FastThreadLocalRunnable.run(FastThreadLocalRunnable.java:30)
        at java.base/java.lang.Thread.run(Thread.java:834)
        Caused by: io.netty.channel.AbstractChannel$AnnotatedConnectException: Connection refused: no further
        information: localhost/0:0:0:0:0:0:0:1:52579
        Caused by: java.net.ConnectException: Connection refused: no further information
        at java.base/sun.nio.ch.SocketChannelImpl.checkConnect(Native Method)
        at java.base/sun.nio.ch.SocketChannelImpl.finishConnect(SocketChannelImpl.java:779)
        at io.netty.channel.socket.nio.NioSocketChannel.doFinishConnect(NioSocketChannel.java:337)
        at io.netty.channel.nio.AbstractNioChannel$AbstractNioUnsafe.finishConnect(AbstractNioChannel.java:334)
        at io.netty.channel.nio.NioEventLoop.processSelectedKey(NioEventLoop.java:710)
        at io.netty.channel.nio.NioEventLoop.processSelectedKeysOptimized(NioEventLoop.java:658)
        at io.netty.channel.nio.NioEventLoop.processSelectedKeys(NioEventLoop.java:584)
        at io.netty.channel.nio.NioEventLoop.run(NioEventLoop.java:496)
        at io.netty.util.concurrent.SingleThreadEventExecutor$4.run(SingleThreadEventExecutor.java:997)
        at io.netty.util.internal.ThreadExecutorMap$2.run(ThreadExecutorMap.java:74)
        at io.netty.util.concurrent.FastThreadLocalRunnable.run(FastThreadLocalRunnable.java:30)
        at java.base/java.lang.Thread.run(Thread.java:834)
    </div>
</div>
<p class="totop"><a href="#summary">back to summary</a></p>
<h2 id="m16">AutoPack1.Test1912:Password</h2>
<div>
    <div class="stacktrace">org.openqa.selenium.NoSuchWindowException: no such window: target window already closed
        from unknown error: web view not found
        (Session info: chrome=109.0.5414.119)
        Build info: version: &apos;4.4.0&apos;, revision: &apos;e5c75ed026a&apos;
        System info: host: &apos;ANT-SIMRANJIT-A&apos;, ip: &apos;10.1.8.104&apos;, os.name: &apos;Windows 11&apos;,
        os.arch: &apos;amd64&apos;, os.version: &apos;10.0&apos;, java.version: &apos;11.0.16.1&apos;
        Driver info: org.openqa.selenium.chrome.ChromeDriver
        Command: [fa88ed07302988cee2cfb065d8c82cbc, findElement {using=xpath, value=//input[@placeholder = &apos;Password&apos;]}]
        Capabilities {acceptInsecureCerts: false, browserName: chrome, browserVersion: 109.0.5414.119, chrome:
        {chromedriverVersion: 109.0.5414.74 (e7c5703604da..., userDataDir: C:\Users\user\AppData\Local...},
        goog:chromeOptions: {debuggerAddress: localhost:61999}, networkConnectionEnabled: false, pageLoadStrategy:
        normal, platformName: WINDOWS, proxy: Proxy(), se:cdp: ws://localhost:61999/devtoo..., se:cdpVersion:
        109.0.5414.119, setWindowRect: true, strictFileInteractability: false, timeouts: {implicit: 0, pageLoad: 300000,
        script: 30000}, unhandledPromptBehavior: dismiss and notify, webauthn:extension:credBlob: true,
        webauthn:extension:largeBlob: true, webauthn:virtualAuthenticators: true}
        Session ID: fa88ed07302988cee2cfb065d8c82cbc
        at java.base/jdk.internal.reflect.NativeConstructorAccessorImpl.newInstance0(Native Method)
        at
        java.base/jdk.internal.reflect.NativeConstructorAccessorImpl.newInstance(NativeConstructorAccessorImpl.java:62)
        at
        java.base/jdk.internal.reflect.DelegatingConstructorAccessorImpl.newInstance(DelegatingConstructorAccessorImpl.java:45)
        at java.base/java.lang.reflect.Constructor.newInstance(Constructor.java:490)
        at org.openqa.selenium.remote.codec.w3c.W3CHttpResponseCodec.createException(W3CHttpResponseCodec.java:200)
        at org.openqa.selenium.remote.codec.w3c.W3CHttpResponseCodec.decode(W3CHttpResponseCodec.java:133)
        at org.openqa.selenium.remote.codec.w3c.W3CHttpResponseCodec.decode(W3CHttpResponseCodec.java:53)
        at org.openqa.selenium.remote.HttpCommandExecutor.execute(HttpCommandExecutor.java:184)
        at org.openqa.selenium.remote.service.DriverCommandExecutor.invokeExecute(DriverCommandExecutor.java:167)
        at org.openqa.selenium.remote.service.DriverCommandExecutor.execute(DriverCommandExecutor.java:142)
        at org.openqa.selenium.remote.RemoteWebDriver.execute(RemoteWebDriver.java:547)
        at org.openqa.selenium.remote.ElementLocation$ElementFinder$2.findElement(ElementLocation.java:162)
        at org.openqa.selenium.remote.ElementLocation.findElement(ElementLocation.java:60)
        at org.openqa.selenium.remote.RemoteWebDriver.findElement(RemoteWebDriver.java:365)
        at org.openqa.selenium.remote.RemoteWebDriver.findElement(RemoteWebDriver.java:357)
        at AutoPack1.Test1912.Password(Test1912.java:42)
        at java.base/jdk.internal.reflect.NativeMethodAccessorImpl.invoke0(Native Method)
        at java.base/jdk.internal.reflect.NativeMethodAccessorImpl.invoke(NativeMethodAccessorImpl.java:62)
        at java.base/jdk.internal.reflect.DelegatingMethodAccessorImpl.invoke(DelegatingMethodAccessorImpl.java:43)
        at java.base/java.lang.reflect.Method.invoke(Method.java:566)
        at org.testng.internal.MethodInvocationHelper.invokeMethod(MethodInvocationHelper.java:133)
        at org.testng.internal.TestInvoker.invokeMethod(TestInvoker.java:598)
        at org.testng.internal.TestInvoker.invokeTestMethod(TestInvoker.java:173)
        at org.testng.internal.MethodRunner.runInSequence(MethodRunner.java:46)
        at org.testng.internal.TestInvoker$MethodInvocationAgent.invoke(TestInvoker.java:824)
        at org.testng.internal.TestInvoker.invokeTestMethods(TestInvoker.java:146)
        at org.testng.internal.TestMethodWorker.invokeTestMethods(TestMethodWorker.java:146)
        at org.testng.internal.TestMethodWorker.run(TestMethodWorker.java:128)
        at java.base/java.util.ArrayList.forEach(ArrayList.java:1541)
        at org.testng.TestRunner.privateRun(TestRunner.java:794)
        at org.testng.TestRunner.run(TestRunner.java:596)
        at org.testng.SuiteRunner.runTest(SuiteRunner.java:377)
        at org.testng.SuiteRunner.runSequentially(SuiteRunner.java:371)
        at org.testng.SuiteRunner.privateRun(SuiteRunner.java:332)
        at org.testng.SuiteRunner.run(SuiteRunner.java:276)
        at org.testng.SuiteRunnerWorker.runSuite(SuiteRunnerWorker.java:53)
        at org.testng.SuiteRunnerWorker.run(SuiteRunnerWorker.java:96)
        at org.testng.TestNG.runSuitesSequentially(TestNG.java:1212)
        at org.testng.TestNG.runSuitesLocally(TestNG.java:1134)
        at org.testng.TestNG.runSuites(TestNG.java:1063)
        at org.testng.TestNG.run(TestNG.java:1031)
        at com.intellij.rt.testng.IDEARemoteTestNG.run(IDEARemoteTestNG.java:66)
        at com.intellij.rt.testng.RemoteTestNGStarter.main(RemoteTestNGStarter.java:109)
    </div>
</div>
<p class="totop"><a href="#summary">back to summary</a></p>
<h2 id="m17">AutoPack1.test0812:inputEmail</h2>
<div>
    <div class="stacktrace">org.openqa.selenium.remote.UnreachableBrowserException: Error communicating with the remote
        browser. It may have died.
        Build info: version: &apos;4.4.0&apos;, revision: &apos;e5c75ed026a&apos;
        System info: host: &apos;ANT-SIMRANJIT-A&apos;, ip: &apos;10.1.8.104&apos;, os.name: &apos;Windows 11&apos;,
        os.arch: &apos;amd64&apos;, os.version: &apos;10.0&apos;, java.version: &apos;11.0.16.1&apos;
        Driver info: org.openqa.selenium.chrome.ChromeDriver
        Command: [7d7448cd6ce317565429d7c334009ee4, findElement {using=name, value=username}]
        Capabilities {acceptInsecureCerts: false, browserName: chrome, browserVersion: 109.0.5414.119, chrome:
        {chromedriverVersion: 109.0.5414.74 (e7c5703604da..., userDataDir: C:\Users\user\AppData\Local...},
        goog:chromeOptions: {debuggerAddress: localhost:62048}, networkConnectionEnabled: false, pageLoadStrategy:
        normal, platformName: WINDOWS, proxy: Proxy(), se:cdp: ws://localhost:62048/devtoo..., se:cdpVersion:
        109.0.5414.119, setWindowRect: true, strictFileInteractability: false, timeouts: {implicit: 0, pageLoad: 300000,
        script: 30000}, unhandledPromptBehavior: dismiss and notify, webauthn:extension:credBlob: true,
        webauthn:extension:largeBlob: true, webauthn:virtualAuthenticators: true}
        Session ID: 7d7448cd6ce317565429d7c334009ee4
        at org.openqa.selenium.remote.RemoteWebDriver.execute(RemoteWebDriver.java:571)
        at org.openqa.selenium.remote.ElementLocation$ElementFinder$2.findElement(ElementLocation.java:162)
        at org.openqa.selenium.remote.ElementLocation.findElement(ElementLocation.java:66)
        at org.openqa.selenium.remote.RemoteWebDriver.findElement(RemoteWebDriver.java:365)
        at org.openqa.selenium.remote.RemoteWebDriver.findElement(RemoteWebDriver.java:357)
        at AutoPack1.test0812.inputEmail(test0812.java:26)
        at java.base/jdk.internal.reflect.NativeMethodAccessorImpl.invoke0(Native Method)
        at java.base/jdk.internal.reflect.NativeMethodAccessorImpl.invoke(NativeMethodAccessorImpl.java:62)
        at java.base/jdk.internal.reflect.DelegatingMethodAccessorImpl.invoke(DelegatingMethodAccessorImpl.java:43)
        at java.base/java.lang.reflect.Method.invoke(Method.java:566)
        at org.testng.internal.MethodInvocationHelper.invokeMethod(MethodInvocationHelper.java:133)
        at org.testng.internal.TestInvoker.invokeMethod(TestInvoker.java:598)
        at org.testng.internal.TestInvoker.invokeTestMethod(TestInvoker.java:173)
        at org.testng.internal.MethodRunner.runInSequence(MethodRunner.java:46)
        at org.testng.internal.TestInvoker$MethodInvocationAgent.invoke(TestInvoker.java:824)
        at org.testng.internal.TestInvoker.invokeTestMethods(TestInvoker.java:146)
        at org.testng.internal.TestMethodWorker.invokeTestMethods(TestMethodWorker.java:146)
        at org.testng.internal.TestMethodWorker.run(TestMethodWorker.java:128)
        at java.base/java.util.ArrayList.forEach(ArrayList.java:1541)
        at org.testng.TestRunner.privateRun(TestRunner.java:794)
        at org.testng.TestRunner.run(TestRunner.java:596)
        at org.testng.SuiteRunner.runTest(SuiteRunner.java:377)
        at org.testng.SuiteRunner.runSequentially(SuiteRunner.java:371)
        at org.testng.SuiteRunner.privateRun(SuiteRunner.java:332)
        at org.testng.SuiteRunner.run(SuiteRunner.java:276)
        at org.testng.SuiteRunnerWorker.runSuite(SuiteRunnerWorker.java:53)
        at org.testng.SuiteRunnerWorker.run(SuiteRunnerWorker.java:96)
        at org.testng.TestNG.runSuitesSequentially(TestNG.java:1212)
        at org.testng.TestNG.runSuitesLocally(TestNG.java:1134)
        at org.testng.TestNG.runSuites(TestNG.java:1063)
        at org.testng.TestNG.run(TestNG.java:1031)
        at com.intellij.rt.testng.IDEARemoteTestNG.run(IDEARemoteTestNG.java:66)
        at com.intellij.rt.testng.RemoteTestNGStarter.main(RemoteTestNGStarter.java:109)
        Caused by: java.io.UncheckedIOException: java.net.ConnectException: Connection refused: no further information:
        localhost/0:0:0:0:0:0:0:1:50668
        at org.openqa.selenium.remote.http.netty.NettyHttpHandler.makeCall(NettyHttpHandler.java:73)
        at org.openqa.selenium.remote.http.AddSeleniumUserAgent.lambda$apply$0(AddSeleniumUserAgent.java:42)
        at org.openqa.selenium.remote.http.Filter.lambda$andFinally$1(Filter.java:56)
        at org.openqa.selenium.remote.http.netty.NettyHttpHandler.execute(NettyHttpHandler.java:49)
        at org.openqa.selenium.remote.http.AddSeleniumUserAgent.lambda$apply$0(AddSeleniumUserAgent.java:42)
        at org.openqa.selenium.remote.http.Filter.lambda$andFinally$1(Filter.java:56)
        at org.openqa.selenium.remote.http.netty.NettyClient.execute(NettyClient.java:98)
        at org.openqa.selenium.remote.HttpCommandExecutor.execute(HttpCommandExecutor.java:181)
        at org.openqa.selenium.remote.service.DriverCommandExecutor.invokeExecute(DriverCommandExecutor.java:167)
        at org.openqa.selenium.remote.service.DriverCommandExecutor.execute(DriverCommandExecutor.java:142)
        at org.openqa.selenium.remote.RemoteWebDriver.execute(RemoteWebDriver.java:547)
        ... 32 more
        Caused by: java.net.ConnectException: Connection refused: no further information:
        localhost/0:0:0:0:0:0:0:1:50668
        at org.asynchttpclient.netty.channel.NettyConnectListener.onFailure(NettyConnectListener.java:179)
        at org.asynchttpclient.netty.channel.NettyChannelConnector$1.onFailure(NettyChannelConnector.java:108)
        at org.asynchttpclient.netty.SimpleChannelFutureListener.operationComplete(SimpleChannelFutureListener.java:28)
        at org.asynchttpclient.netty.SimpleChannelFutureListener.operationComplete(SimpleChannelFutureListener.java:20)
        at io.netty.util.concurrent.DefaultPromise.notifyListener0(DefaultPromise.java:578)
        at io.netty.util.concurrent.DefaultPromise.notifyListeners0(DefaultPromise.java:571)
        at io.netty.util.concurrent.DefaultPromise.notifyListenersNow(DefaultPromise.java:550)
        at io.netty.util.concurrent.DefaultPromise.notifyListeners(DefaultPromise.java:491)
        at io.netty.util.concurrent.DefaultPromise.setValue0(DefaultPromise.java:616)
        at io.netty.util.concurrent.DefaultPromise.setFailure0(DefaultPromise.java:609)
        at io.netty.util.concurrent.DefaultPromise.tryFailure(DefaultPromise.java:117)
        at io.netty.channel.nio.AbstractNioChannel$AbstractNioUnsafe.fulfillConnectPromise(AbstractNioChannel.java:321)
        at io.netty.channel.nio.AbstractNioChannel$AbstractNioUnsafe.finishConnect(AbstractNioChannel.java:337)
        at io.netty.channel.nio.NioEventLoop.processSelectedKey(NioEventLoop.java:710)
        at io.netty.channel.nio.NioEventLoop.processSelectedKeysOptimized(NioEventLoop.java:658)
        at io.netty.channel.nio.NioEventLoop.processSelectedKeys(NioEventLoop.java:584)
        at io.netty.channel.nio.NioEventLoop.run(NioEventLoop.java:496)
        at io.netty.util.concurrent.SingleThreadEventExecutor$4.run(SingleThreadEventExecutor.java:997)
        at io.netty.util.internal.ThreadExecutorMap$2.run(ThreadExecutorMap.java:74)
        at io.netty.util.concurrent.FastThreadLocalRunnable.run(FastThreadLocalRunnable.java:30)
        at java.base/java.lang.Thread.run(Thread.java:834)
        Caused by: io.netty.channel.AbstractChannel$AnnotatedConnectException: Connection refused: no further
        information: localhost/0:0:0:0:0:0:0:1:50668
        Caused by: java.net.ConnectException: Connection refused: no further information
        at java.base/sun.nio.ch.SocketChannelImpl.checkConnect(Native Method)
        at java.base/sun.nio.ch.SocketChannelImpl.finishConnect(SocketChannelImpl.java:779)
        at io.netty.channel.socket.nio.NioSocketChannel.doFinishConnect(NioSocketChannel.java:337)
        at io.netty.channel.nio.AbstractNioChannel$AbstractNioUnsafe.finishConnect(AbstractNioChannel.java:334)
        at io.netty.channel.nio.NioEventLoop.processSelectedKey(NioEventLoop.java:710)
        at io.netty.channel.nio.NioEventLoop.processSelectedKeysOptimized(NioEventLoop.java:658)
        at io.netty.channel.nio.NioEventLoop.processSelectedKeys(NioEventLoop.java:584)
        at io.netty.channel.nio.NioEventLoop.run(NioEventLoop.java:496)
        at io.netty.util.concurrent.SingleThreadEventExecutor$4.run(SingleThreadEventExecutor.java:997)
        at io.netty.util.internal.ThreadExecutorMap$2.run(ThreadExecutorMap.java:74)
        at io.netty.util.concurrent.FastThreadLocalRunnable.run(FastThreadLocalRunnable.java:30)
        at java.base/java.lang.Thread.run(Thread.java:834)
    </div>
</div>
<p class="totop"><a href="#summary">back to summary</a></p>
<h2 id="m18">AutoPack1.CompareString:launchBrowser</h2>
<div>
    <div class="stacktrace">java.lang.IllegalArgumentException: Extension must exist:
        C:\Users\user\OneDrive\Desktop\MetaMask.crx
        at org.openqa.selenium.internal.Require$FileChecker.isFile(Require.java:267)
        at org.openqa.selenium.chromium.ChromiumOptions.lambda$addExtensions$0(ChromiumOptions.java:148)
        at java.base/java.util.Arrays$ArrayList.forEach(Arrays.java:4390)
        at org.openqa.selenium.chromium.ChromiumOptions.addExtensions(ChromiumOptions.java:148)
        at org.openqa.selenium.chromium.ChromiumOptions.addExtensions(ChromiumOptions.java:137)
        at AutoPack1.CompareString.launchBrowser(CompareString.java:22)
        at java.base/jdk.internal.reflect.NativeMethodAccessorImpl.invoke0(Native Method)
        at java.base/jdk.internal.reflect.NativeMethodAccessorImpl.invoke(NativeMethodAccessorImpl.java:62)
        at java.base/jdk.internal.reflect.DelegatingMethodAccessorImpl.invoke(DelegatingMethodAccessorImpl.java:43)
        at java.base/java.lang.reflect.Method.invoke(Method.java:566)
        at org.testng.internal.MethodInvocationHelper.invokeMethod(MethodInvocationHelper.java:133)
        at org.testng.internal.TestInvoker.invokeMethod(TestInvoker.java:598)
        at org.testng.internal.TestInvoker.invokeTestMethod(TestInvoker.java:173)
        at org.testng.internal.MethodRunner.runInSequence(MethodRunner.java:46)
        at org.testng.internal.TestInvoker$MethodInvocationAgent.invoke(TestInvoker.java:824)
        at org.testng.internal.TestInvoker.invokeTestMethods(TestInvoker.java:146)
        at org.testng.internal.TestMethodWorker.invokeTestMethods(TestMethodWorker.java:146)
        at org.testng.internal.TestMethodWorker.run(TestMethodWorker.java:128)
        at java.base/java.util.ArrayList.forEach(ArrayList.java:1541)
        at org.testng.TestRunner.privateRun(TestRunner.java:794)
        at org.testng.TestRunner.run(TestRunner.java:596)
        at org.testng.SuiteRunner.runTest(SuiteRunner.java:377)
        at org.testng.SuiteRunner.runSequentially(SuiteRunner.java:371)
        at org.testng.SuiteRunner.privateRun(SuiteRunner.java:332)
        at org.testng.SuiteRunner.run(SuiteRunner.java:276)
        at org.testng.SuiteRunnerWorker.runSuite(SuiteRunnerWorker.java:53)
        at org.testng.SuiteRunnerWorker.run(SuiteRunnerWorker.java:96)
        at org.testng.TestNG.runSuitesSequentially(TestNG.java:1212)
        at org.testng.TestNG.runSuitesLocally(TestNG.java:1134)
        at org.testng.TestNG.runSuites(TestNG.java:1063)
        at org.testng.TestNG.run(TestNG.java:1031)
        at com.intellij.rt.testng.IDEARemoteTestNG.run(IDEARemoteTestNG.java:66)
        at com.intellij.rt.testng.RemoteTestNGStarter.main(RemoteTestNGStarter.java:109)
    </div>
</div>
<p class="totop"><a href="#summary">back to summary</a></p>
<h2 id="m19">AutoPack1.test0812:openUrl</h2>
<div>
    <div class="stacktrace">org.openqa.selenium.remote.UnreachableBrowserException: Error communicating with the remote
        browser. It may have died.
        Build info: version: &apos;4.4.0&apos;, revision: &apos;e5c75ed026a&apos;
        System info: host: &apos;ANT-SIMRANJIT-A&apos;, ip: &apos;10.1.8.104&apos;, os.name: &apos;Windows 11&apos;,
        os.arch: &apos;amd64&apos;, os.version: &apos;10.0&apos;, java.version: &apos;11.0.16.1&apos;
        Driver info: org.openqa.selenium.chrome.ChromeDriver
        Command: [7d7448cd6ce317565429d7c334009ee4, get
        {url=https://opensource-demo.orangehrmlive.com/web/index.php/auth/login}]
        Capabilities {acceptInsecureCerts: false, browserName: chrome, browserVersion: 109.0.5414.119, chrome:
        {chromedriverVersion: 109.0.5414.74 (e7c5703604da..., userDataDir: C:\Users\user\AppData\Local...},
        goog:chromeOptions: {debuggerAddress: localhost:62048}, networkConnectionEnabled: false, pageLoadStrategy:
        normal, platformName: WINDOWS, proxy: Proxy(), se:cdp: ws://localhost:62048/devtoo..., se:cdpVersion:
        109.0.5414.119, setWindowRect: true, strictFileInteractability: false, timeouts: {implicit: 0, pageLoad: 300000,
        script: 30000}, unhandledPromptBehavior: dismiss and notify, webauthn:extension:credBlob: true,
        webauthn:extension:largeBlob: true, webauthn:virtualAuthenticators: true}
        Session ID: 7d7448cd6ce317565429d7c334009ee4
        at org.openqa.selenium.remote.RemoteWebDriver.execute(RemoteWebDriver.java:571)
        at org.openqa.selenium.remote.RemoteWebDriver.get(RemoteWebDriver.java:310)
        at AutoPack1.test0812.openUrl(test0812.java:19)
        at java.base/jdk.internal.reflect.NativeMethodAccessorImpl.invoke0(Native Method)
        at java.base/jdk.internal.reflect.NativeMethodAccessorImpl.invoke(NativeMethodAccessorImpl.java:62)
        at java.base/jdk.internal.reflect.DelegatingMethodAccessorImpl.invoke(DelegatingMethodAccessorImpl.java:43)
        at java.base/java.lang.reflect.Method.invoke(Method.java:566)
        at org.testng.internal.MethodInvocationHelper.invokeMethod(MethodInvocationHelper.java:133)
        at org.testng.internal.TestInvoker.invokeMethod(TestInvoker.java:598)
        at org.testng.internal.TestInvoker.invokeTestMethod(TestInvoker.java:173)
        at org.testng.internal.MethodRunner.runInSequence(MethodRunner.java:46)
        at org.testng.internal.TestInvoker$MethodInvocationAgent.invoke(TestInvoker.java:824)
        at org.testng.internal.TestInvoker.invokeTestMethods(TestInvoker.java:146)
        at org.testng.internal.TestMethodWorker.invokeTestMethods(TestMethodWorker.java:146)
        at org.testng.internal.TestMethodWorker.run(TestMethodWorker.java:128)
        at java.base/java.util.ArrayList.forEach(ArrayList.java:1541)
        at org.testng.TestRunner.privateRun(TestRunner.java:794)
        at org.testng.TestRunner.run(TestRunner.java:596)
        at org.testng.SuiteRunner.runTest(SuiteRunner.java:377)
        at org.testng.SuiteRunner.runSequentially(SuiteRunner.java:371)
        at org.testng.SuiteRunner.privateRun(SuiteRunner.java:332)
        at org.testng.SuiteRunner.run(SuiteRunner.java:276)
        at org.testng.SuiteRunnerWorker.runSuite(SuiteRunnerWorker.java:53)
        at org.testng.SuiteRunnerWorker.run(SuiteRunnerWorker.java:96)
        at org.testng.TestNG.runSuitesSequentially(TestNG.java:1212)
        at org.testng.TestNG.runSuitesLocally(TestNG.java:1134)
        at org.testng.TestNG.runSuites(TestNG.java:1063)
        at org.testng.TestNG.run(TestNG.java:1031)
        at com.intellij.rt.testng.IDEARemoteTestNG.run(IDEARemoteTestNG.java:66)
        at com.intellij.rt.testng.RemoteTestNGStarter.main(RemoteTestNGStarter.java:109)
        Caused by: java.io.UncheckedIOException: java.io.IOException: An existing connection was forcibly closed by the
        remote host
        at org.openqa.selenium.remote.http.netty.NettyHttpHandler.makeCall(NettyHttpHandler.java:73)
        at org.openqa.selenium.remote.http.AddSeleniumUserAgent.lambda$apply$0(AddSeleniumUserAgent.java:42)
        at org.openqa.selenium.remote.http.Filter.lambda$andFinally$1(Filter.java:56)
        at org.openqa.selenium.remote.http.netty.NettyHttpHandler.execute(NettyHttpHandler.java:49)
        at org.openqa.selenium.remote.http.AddSeleniumUserAgent.lambda$apply$0(AddSeleniumUserAgent.java:42)
        at org.openqa.selenium.remote.http.Filter.lambda$andFinally$1(Filter.java:56)
        at org.openqa.selenium.remote.http.netty.NettyClient.execute(NettyClient.java:98)
        at org.openqa.selenium.remote.HttpCommandExecutor.execute(HttpCommandExecutor.java:181)
        at org.openqa.selenium.remote.service.DriverCommandExecutor.invokeExecute(DriverCommandExecutor.java:167)
        at org.openqa.selenium.remote.service.DriverCommandExecutor.execute(DriverCommandExecutor.java:142)
        at org.openqa.selenium.remote.RemoteWebDriver.execute(RemoteWebDriver.java:547)
        ... 29 more
        Caused by: java.io.IOException: An existing connection was forcibly closed by the remote host
        at java.base/sun.nio.ch.SocketDispatcher.read0(Native Method)
        at java.base/sun.nio.ch.SocketDispatcher.read(SocketDispatcher.java:43)
        at java.base/sun.nio.ch.IOUtil.readIntoNativeBuffer(IOUtil.java:276)
        at java.base/sun.nio.ch.IOUtil.read(IOUtil.java:233)
        at java.base/sun.nio.ch.IOUtil.read(IOUtil.java:223)
        at java.base/sun.nio.ch.SocketChannelImpl.read(SocketChannelImpl.java:358)
        at io.netty.buffer.PooledByteBuf.setBytes(PooledByteBuf.java:258)
        at io.netty.buffer.AbstractByteBuf.writeBytes(AbstractByteBuf.java:1132)
        at io.netty.channel.socket.nio.NioSocketChannel.doReadBytes(NioSocketChannel.java:357)
        at io.netty.channel.nio.AbstractNioByteChannel$NioByteUnsafe.read(AbstractNioByteChannel.java:151)
        at io.netty.channel.nio.NioEventLoop.processSelectedKey(NioEventLoop.java:722)
        at io.netty.channel.nio.NioEventLoop.processSelectedKeysOptimized(NioEventLoop.java:658)
        at io.netty.channel.nio.NioEventLoop.processSelectedKeys(NioEventLoop.java:584)
        at io.netty.channel.nio.NioEventLoop.run(NioEventLoop.java:496)
        at io.netty.util.concurrent.SingleThreadEventExecutor$4.run(SingleThreadEventExecutor.java:997)
        at io.netty.util.internal.ThreadExecutorMap$2.run(ThreadExecutorMap.java:74)
        at io.netty.util.concurrent.FastThreadLocalRunnable.run(FastThreadLocalRunnable.java:30)
        at java.base/java.lang.Thread.run(Thread.java:834)
    </div>
</div>
<p class="totop"><a href="#summary">back to summary</a></p>
<h2 id="m20">AutoPack1.ExchangeExcelOrders:OpenWebsite</h2>
<div>
    <div class="stacktrace">org.openqa.selenium.remote.UnreachableBrowserException: Error communicating with the remote
        browser. It may have died.
        Build info: version: &apos;4.4.0&apos;, revision: &apos;e5c75ed026a&apos;
        System info: host: &apos;ANT-SIMRANJIT-A&apos;, ip: &apos;10.1.8.104&apos;, os.name: &apos;Windows 11&apos;,
        os.arch: &apos;amd64&apos;, os.version: &apos;10.0&apos;, java.version: &apos;11.0.16.1&apos;
        Driver info: org.openqa.selenium.chrome.ChromeDriver
        Command: [bab3d1788d0e14dc9b11443cebd27413, get {url=https://exchange.stage-coingeb.com/login}]
        Capabilities {acceptInsecureCerts: false, browserName: chrome, browserVersion: 109.0.5414.119, chrome:
        {chromedriverVersion: 109.0.5414.74 (e7c5703604da..., userDataDir: C:\Users\user\AppData\Local...},
        goog:chromeOptions: {debuggerAddress: localhost:61965}, networkConnectionEnabled: false, pageLoadStrategy:
        normal, platformName: WINDOWS, proxy: Proxy(), se:cdp: ws://localhost:61965/devtoo..., se:cdpVersion:
        109.0.5414.119, setWindowRect: true, strictFileInteractability: false, timeouts: {implicit: 0, pageLoad: 300000,
        script: 30000}, unhandledPromptBehavior: dismiss and notify, webauthn:extension:credBlob: true,
        webauthn:extension:largeBlob: true, webauthn:virtualAuthenticators: true}
        Session ID: bab3d1788d0e14dc9b11443cebd27413
        at org.openqa.selenium.remote.RemoteWebDriver.execute(RemoteWebDriver.java:571)
        at org.openqa.selenium.remote.RemoteWebDriver.get(RemoteWebDriver.java:310)
        at AutoPack1.ExchangeExcelOrders.OpenWebsite(ExchangeExcelOrders.java:29)
        at java.base/jdk.internal.reflect.NativeMethodAccessorImpl.invoke0(Native Method)
        at java.base/jdk.internal.reflect.NativeMethodAccessorImpl.invoke(NativeMethodAccessorImpl.java:62)
        at java.base/jdk.internal.reflect.DelegatingMethodAccessorImpl.invoke(DelegatingMethodAccessorImpl.java:43)
        at java.base/java.lang.reflect.Method.invoke(Method.java:566)
        at org.testng.internal.MethodInvocationHelper.invokeMethod(MethodInvocationHelper.java:133)
        at org.testng.internal.TestInvoker.invokeMethod(TestInvoker.java:598)
        at org.testng.internal.TestInvoker.invokeTestMethod(TestInvoker.java:173)
        at org.testng.internal.MethodRunner.runInSequence(MethodRunner.java:46)
        at org.testng.internal.TestInvoker$MethodInvocationAgent.invoke(TestInvoker.java:824)
        at org.testng.internal.TestInvoker.invokeTestMethods(TestInvoker.java:146)
        at org.testng.internal.TestMethodWorker.invokeTestMethods(TestMethodWorker.java:146)
        at org.testng.internal.TestMethodWorker.run(TestMethodWorker.java:128)
        at java.base/java.util.ArrayList.forEach(ArrayList.java:1541)
        at org.testng.TestRunner.privateRun(TestRunner.java:794)
        at org.testng.TestRunner.run(TestRunner.java:596)
        at org.testng.SuiteRunner.runTest(SuiteRunner.java:377)
        at org.testng.SuiteRunner.runSequentially(SuiteRunner.java:371)
        at org.testng.SuiteRunner.privateRun(SuiteRunner.java:332)
        at org.testng.SuiteRunner.run(SuiteRunner.java:276)
        at org.testng.SuiteRunnerWorker.runSuite(SuiteRunnerWorker.java:53)
        at org.testng.SuiteRunnerWorker.run(SuiteRunnerWorker.java:96)
        at org.testng.TestNG.runSuitesSequentially(TestNG.java:1212)
        at org.testng.TestNG.runSuitesLocally(TestNG.java:1134)
        at org.testng.TestNG.runSuites(TestNG.java:1063)
        at org.testng.TestNG.run(TestNG.java:1031)
        at com.intellij.rt.testng.IDEARemoteTestNG.run(IDEARemoteTestNG.java:66)
        at com.intellij.rt.testng.RemoteTestNGStarter.main(RemoteTestNGStarter.java:109)
        Caused by: java.io.UncheckedIOException: java.io.IOException: An existing connection was forcibly closed by the
        remote host
        at org.openqa.selenium.remote.http.netty.NettyHttpHandler.makeCall(NettyHttpHandler.java:73)
        at org.openqa.selenium.remote.http.AddSeleniumUserAgent.lambda$apply$0(AddSeleniumUserAgent.java:42)
        at org.openqa.selenium.remote.http.Filter.lambda$andFinally$1(Filter.java:56)
        at org.openqa.selenium.remote.http.netty.NettyHttpHandler.execute(NettyHttpHandler.java:49)
        at org.openqa.selenium.remote.http.AddSeleniumUserAgent.lambda$apply$0(AddSeleniumUserAgent.java:42)
        at org.openqa.selenium.remote.http.Filter.lambda$andFinally$1(Filter.java:56)
        at org.openqa.selenium.remote.http.netty.NettyClient.execute(NettyClient.java:98)
        at org.openqa.selenium.remote.HttpCommandExecutor.execute(HttpCommandExecutor.java:181)
        at org.openqa.selenium.remote.service.DriverCommandExecutor.invokeExecute(DriverCommandExecutor.java:167)
        at org.openqa.selenium.remote.service.DriverCommandExecutor.execute(DriverCommandExecutor.java:142)
        at org.openqa.selenium.remote.RemoteWebDriver.execute(RemoteWebDriver.java:547)
        ... 29 more
        Caused by: java.io.IOException: An existing connection was forcibly closed by the remote host
        at java.base/sun.nio.ch.SocketDispatcher.read0(Native Method)
        at java.base/sun.nio.ch.SocketDispatcher.read(SocketDispatcher.java:43)
        at java.base/sun.nio.ch.IOUtil.readIntoNativeBuffer(IOUtil.java:276)
        at java.base/sun.nio.ch.IOUtil.read(IOUtil.java:233)
        at java.base/sun.nio.ch.IOUtil.read(IOUtil.java:223)
        at java.base/sun.nio.ch.SocketChannelImpl.read(SocketChannelImpl.java:358)
        at io.netty.buffer.PooledByteBuf.setBytes(PooledByteBuf.java:258)
        at io.netty.buffer.AbstractByteBuf.writeBytes(AbstractByteBuf.java:1132)
        at io.netty.channel.socket.nio.NioSocketChannel.doReadBytes(NioSocketChannel.java:357)
        at io.netty.channel.nio.AbstractNioByteChannel$NioByteUnsafe.read(AbstractNioByteChannel.java:151)
        at io.netty.channel.nio.NioEventLoop.processSelectedKey(NioEventLoop.java:722)
        at io.netty.channel.nio.NioEventLoop.processSelectedKeysOptimized(NioEventLoop.java:658)
        at io.netty.channel.nio.NioEventLoop.processSelectedKeys(NioEventLoop.java:584)
        at io.netty.channel.nio.NioEventLoop.run(NioEventLoop.java:496)
        at io.netty.util.concurrent.SingleThreadEventExecutor$4.run(SingleThreadEventExecutor.java:997)
        at io.netty.util.internal.ThreadExecutorMap$2.run(ThreadExecutorMap.java:74)
        at io.netty.util.concurrent.FastThreadLocalRunnable.run(FastThreadLocalRunnable.java:30)
        at java.base/java.lang.Thread.run(Thread.java:834)
    </div>
</div>
<p class="totop"><a href="#summary">back to summary</a></p>
<h2 id="m21">AutoPack1.MetaMask:launchBrowser</h2>
<div>
    <div class="stacktrace">java.lang.IllegalArgumentException: Extension must exist:
        C:\Users\user\OneDrive\Desktop\MetaMask.crx
        at org.openqa.selenium.internal.Require$FileChecker.isFile(Require.java:267)
        at org.openqa.selenium.chromium.ChromiumOptions.lambda$addExtensions$0(ChromiumOptions.java:148)
        at java.base/java.util.Arrays$ArrayList.forEach(Arrays.java:4390)
        at org.openqa.selenium.chromium.ChromiumOptions.addExtensions(ChromiumOptions.java:148)
        at org.openqa.selenium.chromium.ChromiumOptions.addExtensions(ChromiumOptions.java:137)
        at AutoPack1.MetaMask.launchBrowser(MetaMask.java:18)
        at java.base/jdk.internal.reflect.NativeMethodAccessorImpl.invoke0(Native Method)
        at java.base/jdk.internal.reflect.NativeMethodAccessorImpl.invoke(NativeMethodAccessorImpl.java:62)
        at java.base/jdk.internal.reflect.DelegatingMethodAccessorImpl.invoke(DelegatingMethodAccessorImpl.java:43)
        at java.base/java.lang.reflect.Method.invoke(Method.java:566)
        at org.testng.internal.MethodInvocationHelper.invokeMethod(MethodInvocationHelper.java:133)
        at org.testng.internal.TestInvoker.invokeMethod(TestInvoker.java:598)
        at org.testng.internal.TestInvoker.invokeTestMethod(TestInvoker.java:173)
        at org.testng.internal.MethodRunner.runInSequence(MethodRunner.java:46)
        at org.testng.internal.TestInvoker$MethodInvocationAgent.invoke(TestInvoker.java:824)
        at org.testng.internal.TestInvoker.invokeTestMethods(TestInvoker.java:146)
        at org.testng.internal.TestMethodWorker.invokeTestMethods(TestMethodWorker.java:146)
        at org.testng.internal.TestMethodWorker.run(TestMethodWorker.java:128)
        at java.base/java.util.ArrayList.forEach(ArrayList.java:1541)
        at org.testng.TestRunner.privateRun(TestRunner.java:794)
        at org.testng.TestRunner.run(TestRunner.java:596)
        at org.testng.SuiteRunner.runTest(SuiteRunner.java:377)
        at org.testng.SuiteRunner.runSequentially(SuiteRunner.java:371)
        at org.testng.SuiteRunner.privateRun(SuiteRunner.java:332)
        at org.testng.SuiteRunner.run(SuiteRunner.java:276)
        at org.testng.SuiteRunnerWorker.runSuite(SuiteRunnerWorker.java:53)
        at org.testng.SuiteRunnerWorker.run(SuiteRunnerWorker.java:96)
        at org.testng.TestNG.runSuitesSequentially(TestNG.java:1212)
        at org.testng.TestNG.runSuitesLocally(TestNG.java:1134)
        at org.testng.TestNG.runSuites(TestNG.java:1063)
        at org.testng.TestNG.run(TestNG.java:1031)
        at com.intellij.rt.testng.IDEARemoteTestNG.run(IDEARemoteTestNG.java:66)
        at com.intellij.rt.testng.RemoteTestNGStarter.main(RemoteTestNGStarter.java:109)
    </div>
</div>
<p class="totop"><a href="#summary">back to summary</a></p>
<h2 id="m22">AutoPack1.AutoClass1:getTitle</h2>
<div>
    <div class="stacktrace">org.openqa.selenium.NoSuchWindowException: no such window: target window already closed
        from unknown error: web view not found
        (Session info: chrome=109.0.5414.119)
        Build info: version: &apos;4.4.0&apos;, revision: &apos;e5c75ed026a&apos;
        System info: host: &apos;ANT-SIMRANJIT-A&apos;, ip: &apos;10.1.8.104&apos;, os.name: &apos;Windows 11&apos;,
        os.arch: &apos;amd64&apos;, os.version: &apos;10.0&apos;, java.version: &apos;11.0.16.1&apos;
        Driver info: org.openqa.selenium.chrome.ChromeDriver
        Command: [5c6732dcbd281441ff2e4e0ae0a1f884, getTitle {}]
        Capabilities {acceptInsecureCerts: false, browserName: chrome, browserVersion: 109.0.5414.119, chrome:
        {chromedriverVersion: 109.0.5414.74 (e7c5703604da..., userDataDir: C:\Users\user\AppData\Local...},
        goog:chromeOptions: {debuggerAddress: localhost:61914}, networkConnectionEnabled: false, pageLoadStrategy:
        normal, platformName: WINDOWS, proxy: Proxy(), se:cdp: ws://localhost:61914/devtoo..., se:cdpVersion:
        109.0.5414.119, setWindowRect: true, strictFileInteractability: false, timeouts: {implicit: 0, pageLoad: 300000,
        script: 30000}, unhandledPromptBehavior: dismiss and notify, webauthn:extension:credBlob: true,
        webauthn:extension:largeBlob: true, webauthn:virtualAuthenticators: true}
        Session ID: 5c6732dcbd281441ff2e4e0ae0a1f884
        at java.base/jdk.internal.reflect.NativeConstructorAccessorImpl.newInstance0(Native Method)
        at
        java.base/jdk.internal.reflect.NativeConstructorAccessorImpl.newInstance(NativeConstructorAccessorImpl.java:62)
        at
        java.base/jdk.internal.reflect.DelegatingConstructorAccessorImpl.newInstance(DelegatingConstructorAccessorImpl.java:45)
        at java.base/java.lang.reflect.Constructor.newInstance(Constructor.java:490)
        at org.openqa.selenium.remote.codec.w3c.W3CHttpResponseCodec.createException(W3CHttpResponseCodec.java:200)
        at org.openqa.selenium.remote.codec.w3c.W3CHttpResponseCodec.decode(W3CHttpResponseCodec.java:133)
        at org.openqa.selenium.remote.codec.w3c.W3CHttpResponseCodec.decode(W3CHttpResponseCodec.java:53)
        at org.openqa.selenium.remote.HttpCommandExecutor.execute(HttpCommandExecutor.java:184)
        at org.openqa.selenium.remote.service.DriverCommandExecutor.invokeExecute(DriverCommandExecutor.java:167)
        at org.openqa.selenium.remote.service.DriverCommandExecutor.execute(DriverCommandExecutor.java:142)
        at org.openqa.selenium.remote.RemoteWebDriver.execute(RemoteWebDriver.java:547)
        at org.openqa.selenium.remote.RemoteWebDriver.execute(RemoteWebDriver.java:602)
        at org.openqa.selenium.remote.RemoteWebDriver.execute(RemoteWebDriver.java:606)
        at org.openqa.selenium.remote.RemoteWebDriver.getTitle(RemoteWebDriver.java:315)
        at AutoPack1.AutoClass1.getTitle(AutoClass1.java:29)
        at java.base/jdk.internal.reflect.NativeMethodAccessorImpl.invoke0(Native Method)
        at java.base/jdk.internal.reflect.NativeMethodAccessorImpl.invoke(NativeMethodAccessorImpl.java:62)
        at java.base/jdk.internal.reflect.DelegatingMethodAccessorImpl.invoke(DelegatingMethodAccessorImpl.java:43)
        at java.base/java.lang.reflect.Method.invoke(Method.java:566)
        at org.testng.internal.MethodInvocationHelper.invokeMethod(MethodInvocationHelper.java:133)
        at org.testng.internal.TestInvoker.invokeMethod(TestInvoker.java:598)
        at org.testng.internal.TestInvoker.invokeTestMethod(TestInvoker.java:173)
        at org.testng.internal.MethodRunner.runInSequence(MethodRunner.java:46)
        at org.testng.internal.TestInvoker$MethodInvocationAgent.invoke(TestInvoker.java:824)
        at org.testng.internal.TestInvoker.invokeTestMethods(TestInvoker.java:146)
        at org.testng.internal.TestMethodWorker.invokeTestMethods(TestMethodWorker.java:146)
        at org.testng.internal.TestMethodWorker.run(TestMethodWorker.java:128)
        at java.base/java.util.ArrayList.forEach(ArrayList.java:1541)
        at org.testng.TestRunner.privateRun(TestRunner.java:794)
        at org.testng.TestRunner.run(TestRunner.java:596)
        at org.testng.SuiteRunner.runTest(SuiteRunner.java:377)
        at org.testng.SuiteRunner.runSequentially(SuiteRunner.java:371)
        at org.testng.SuiteRunner.privateRun(SuiteRunner.java:332)
        at org.testng.SuiteRunner.run(SuiteRunner.java:276)
        at org.testng.SuiteRunnerWorker.runSuite(SuiteRunnerWorker.java:53)
        at org.testng.SuiteRunnerWorker.run(SuiteRunnerWorker.java:96)
        at org.testng.TestNG.runSuitesSequentially(TestNG.java:1212)
        at org.testng.TestNG.runSuitesLocally(TestNG.java:1134)
        at org.testng.TestNG.runSuites(TestNG.java:1063)
        at org.testng.TestNG.run(TestNG.java:1031)
        at com.intellij.rt.testng.IDEARemoteTestNG.run(IDEARemoteTestNG.java:66)
        at com.intellij.rt.testng.RemoteTestNGStarter.main(RemoteTestNGStarter.java:109)
    </div>
</div>
<p class="totop"><a href="#summary">back to summary</a></p>
<h2 id="m23">AutoPack1.ExchangeExcelOrders:Captcha</h2>
<div>
    <div class="stacktrace">org.openqa.selenium.remote.UnreachableBrowserException: Error communicating with the remote
        browser. It may have died.
        Build info: version: &apos;4.4.0&apos;, revision: &apos;e5c75ed026a&apos;
        System info: host: &apos;ANT-SIMRANJIT-A&apos;, ip: &apos;10.1.8.104&apos;, os.name: &apos;Windows 11&apos;,
        os.arch: &apos;amd64&apos;, os.version: &apos;10.0&apos;, java.version: &apos;11.0.16.1&apos;
        Driver info: org.openqa.selenium.chrome.ChromeDriver
        Command: [bab3d1788d0e14dc9b11443cebd27413, switchToFrame {id=0}]
        Capabilities {acceptInsecureCerts: false, browserName: chrome, browserVersion: 109.0.5414.119, chrome:
        {chromedriverVersion: 109.0.5414.74 (e7c5703604da..., userDataDir: C:\Users\user\AppData\Local...},
        goog:chromeOptions: {debuggerAddress: localhost:61965}, networkConnectionEnabled: false, pageLoadStrategy:
        normal, platformName: WINDOWS, proxy: Proxy(), se:cdp: ws://localhost:61965/devtoo..., se:cdpVersion:
        109.0.5414.119, setWindowRect: true, strictFileInteractability: false, timeouts: {implicit: 0, pageLoad: 300000,
        script: 30000}, unhandledPromptBehavior: dismiss and notify, webauthn:extension:credBlob: true,
        webauthn:extension:largeBlob: true, webauthn:virtualAuthenticators: true}
        Session ID: bab3d1788d0e14dc9b11443cebd27413
        at org.openqa.selenium.remote.RemoteWebDriver.execute(RemoteWebDriver.java:571)
        at org.openqa.selenium.remote.RemoteWebDriver$RemoteTargetLocator.frame(RemoteWebDriver.java:1049)
        at AutoPack1.ExchangeExcelOrders.Captcha(ExchangeExcelOrders.java:45)
        at java.base/jdk.internal.reflect.NativeMethodAccessorImpl.invoke0(Native Method)
        at java.base/jdk.internal.reflect.NativeMethodAccessorImpl.invoke(NativeMethodAccessorImpl.java:62)
        at java.base/jdk.internal.reflect.DelegatingMethodAccessorImpl.invoke(DelegatingMethodAccessorImpl.java:43)
        at java.base/java.lang.reflect.Method.invoke(Method.java:566)
        at org.testng.internal.MethodInvocationHelper.invokeMethod(MethodInvocationHelper.java:133)
        at org.testng.internal.TestInvoker.invokeMethod(TestInvoker.java:598)
        at org.testng.internal.TestInvoker.invokeTestMethod(TestInvoker.java:173)
        at org.testng.internal.MethodRunner.runInSequence(MethodRunner.java:46)
        at org.testng.internal.TestInvoker$MethodInvocationAgent.invoke(TestInvoker.java:824)
        at org.testng.internal.TestInvoker.invokeTestMethods(TestInvoker.java:146)
        at org.testng.internal.TestMethodWorker.invokeTestMethods(TestMethodWorker.java:146)
        at org.testng.internal.TestMethodWorker.run(TestMethodWorker.java:128)
        at java.base/java.util.ArrayList.forEach(ArrayList.java:1541)
        at org.testng.TestRunner.privateRun(TestRunner.java:794)
        at org.testng.TestRunner.run(TestRunner.java:596)
        at org.testng.SuiteRunner.runTest(SuiteRunner.java:377)
        at org.testng.SuiteRunner.runSequentially(SuiteRunner.java:371)
        at org.testng.SuiteRunner.privateRun(SuiteRunner.java:332)
        at org.testng.SuiteRunner.run(SuiteRunner.java:276)
        at org.testng.SuiteRunnerWorker.runSuite(SuiteRunnerWorker.java:53)
        at org.testng.SuiteRunnerWorker.run(SuiteRunnerWorker.java:96)
        at org.testng.TestNG.runSuitesSequentially(TestNG.java:1212)
        at org.testng.TestNG.runSuitesLocally(TestNG.java:1134)
        at org.testng.TestNG.runSuites(TestNG.java:1063)
        at org.testng.TestNG.run(TestNG.java:1031)
        at com.intellij.rt.testng.IDEARemoteTestNG.run(IDEARemoteTestNG.java:66)
        at com.intellij.rt.testng.RemoteTestNGStarter.main(RemoteTestNGStarter.java:109)
        Caused by: java.io.UncheckedIOException: java.net.ConnectException: Connection refused: no further information:
        localhost/0:0:0:0:0:0:0:1:52579
        at org.openqa.selenium.remote.http.netty.NettyHttpHandler.makeCall(NettyHttpHandler.java:73)
        at org.openqa.selenium.remote.http.AddSeleniumUserAgent.lambda$apply$0(AddSeleniumUserAgent.java:42)
        at org.openqa.selenium.remote.http.Filter.lambda$andFinally$1(Filter.java:56)
        at org.openqa.selenium.remote.http.netty.NettyHttpHandler.execute(NettyHttpHandler.java:49)
        at org.openqa.selenium.remote.http.AddSeleniumUserAgent.lambda$apply$0(AddSeleniumUserAgent.java:42)
        at org.openqa.selenium.remote.http.Filter.lambda$andFinally$1(Filter.java:56)
        at org.openqa.selenium.remote.http.netty.NettyClient.execute(NettyClient.java:98)
        at org.openqa.selenium.remote.HttpCommandExecutor.execute(HttpCommandExecutor.java:181)
        at org.openqa.selenium.remote.service.DriverCommandExecutor.invokeExecute(DriverCommandExecutor.java:167)
        at org.openqa.selenium.remote.service.DriverCommandExecutor.execute(DriverCommandExecutor.java:142)
        at org.openqa.selenium.remote.RemoteWebDriver.execute(RemoteWebDriver.java:547)
        ... 29 more
        Caused by: java.net.ConnectException: Connection refused: no further information:
        localhost/0:0:0:0:0:0:0:1:52579
        at org.asynchttpclient.netty.channel.NettyConnectListener.onFailure(NettyConnectListener.java:179)
        at org.asynchttpclient.netty.channel.NettyChannelConnector$1.onFailure(NettyChannelConnector.java:108)
        at org.asynchttpclient.netty.SimpleChannelFutureListener.operationComplete(SimpleChannelFutureListener.java:28)
        at org.asynchttpclient.netty.SimpleChannelFutureListener.operationComplete(SimpleChannelFutureListener.java:20)
        at io.netty.util.concurrent.DefaultPromise.notifyListener0(DefaultPromise.java:578)
        at io.netty.util.concurrent.DefaultPromise.notifyListeners0(DefaultPromise.java:571)
        at io.netty.util.concurrent.DefaultPromise.notifyListenersNow(DefaultPromise.java:550)
        at io.netty.util.concurrent.DefaultPromise.notifyListeners(DefaultPromise.java:491)
        at io.netty.util.concurrent.DefaultPromise.setValue0(DefaultPromise.java:616)
        at io.netty.util.concurrent.DefaultPromise.setFailure0(DefaultPromise.java:609)
        at io.netty.util.concurrent.DefaultPromise.tryFailure(DefaultPromise.java:117)
        at io.netty.channel.nio.AbstractNioChannel$AbstractNioUnsafe.fulfillConnectPromise(AbstractNioChannel.java:321)
        at io.netty.channel.nio.AbstractNioChannel$AbstractNioUnsafe.finishConnect(AbstractNioChannel.java:337)
        at io.netty.channel.nio.NioEventLoop.processSelectedKey(NioEventLoop.java:710)
        at io.netty.channel.nio.NioEventLoop.processSelectedKeysOptimized(NioEventLoop.java:658)
        at io.netty.channel.nio.NioEventLoop.processSelectedKeys(NioEventLoop.java:584)
        at io.netty.channel.nio.NioEventLoop.run(NioEventLoop.java:496)
        at io.netty.util.concurrent.SingleThreadEventExecutor$4.run(SingleThreadEventExecutor.java:997)
        at io.netty.util.internal.ThreadExecutorMap$2.run(ThreadExecutorMap.java:74)
        at io.netty.util.concurrent.FastThreadLocalRunnable.run(FastThreadLocalRunnable.java:30)
        at java.base/java.lang.Thread.run(Thread.java:834)
        Caused by: io.netty.channel.AbstractChannel$AnnotatedConnectException: Connection refused: no further
        information: localhost/0:0:0:0:0:0:0:1:52579
        Caused by: java.net.ConnectException: Connection refused: no further information
        at java.base/sun.nio.ch.SocketChannelImpl.checkConnect(Native Method)
        at java.base/sun.nio.ch.SocketChannelImpl.finishConnect(SocketChannelImpl.java:779)
        at io.netty.channel.socket.nio.NioSocketChannel.doFinishConnect(NioSocketChannel.java:337)
        at io.netty.channel.nio.AbstractNioChannel$AbstractNioUnsafe.finishConnect(AbstractNioChannel.java:334)
        at io.netty.channel.nio.NioEventLoop.processSelectedKey(NioEventLoop.java:710)
        at io.netty.channel.nio.NioEventLoop.processSelectedKeysOptimized(NioEventLoop.java:658)
        at io.netty.channel.nio.NioEventLoop.processSelectedKeys(NioEventLoop.java:584)
        at io.netty.channel.nio.NioEventLoop.run(NioEventLoop.java:496)
        at io.netty.util.concurrent.SingleThreadEventExecutor$4.run(SingleThreadEventExecutor.java:997)
        at io.netty.util.internal.ThreadExecutorMap$2.run(ThreadExecutorMap.java:74)
        at io.netty.util.concurrent.FastThreadLocalRunnable.run(FastThreadLocalRunnable.java:30)
        at java.base/java.lang.Thread.run(Thread.java:834)
    </div>
</div>
<p class="totop"><a href="#summary">back to summary</a></p>
<h2 id="m24">AutoPack1.Test1912:NaviGateToExchange</h2>
<div>
    <div class="stacktrace">org.openqa.selenium.NoSuchWindowException: no such window: target window already closed
        from unknown error: web view not found
        (Session info: chrome=109.0.5414.119)
        Build info: version: &apos;4.4.0&apos;, revision: &apos;e5c75ed026a&apos;
        System info: host: &apos;ANT-SIMRANJIT-A&apos;, ip: &apos;10.1.8.104&apos;, os.name: &apos;Windows 11&apos;,
        os.arch: &apos;amd64&apos;, os.version: &apos;10.0&apos;, java.version: &apos;11.0.16.1&apos;
        Driver info: org.openqa.selenium.chrome.ChromeDriver
        Command: [fa88ed07302988cee2cfb065d8c82cbc, get {url=https://exchange.stage-coingeb.com/trading/sxpbtc}]
        Capabilities {acceptInsecureCerts: false, browserName: chrome, browserVersion: 109.0.5414.119, chrome:
        {chromedriverVersion: 109.0.5414.74 (e7c5703604da..., userDataDir: C:\Users\user\AppData\Local...},
        goog:chromeOptions: {debuggerAddress: localhost:61999}, networkConnectionEnabled: false, pageLoadStrategy:
        normal, platformName: WINDOWS, proxy: Proxy(), se:cdp: ws://localhost:61999/devtoo..., se:cdpVersion:
        109.0.5414.119, setWindowRect: true, strictFileInteractability: false, timeouts: {implicit: 0, pageLoad: 300000,
        script: 30000}, unhandledPromptBehavior: dismiss and notify, webauthn:extension:credBlob: true,
        webauthn:extension:largeBlob: true, webauthn:virtualAuthenticators: true}
        Session ID: fa88ed07302988cee2cfb065d8c82cbc
        at java.base/jdk.internal.reflect.NativeConstructorAccessorImpl.newInstance0(Native Method)
        at
        java.base/jdk.internal.reflect.NativeConstructorAccessorImpl.newInstance(NativeConstructorAccessorImpl.java:62)
        at
        java.base/jdk.internal.reflect.DelegatingConstructorAccessorImpl.newInstance(DelegatingConstructorAccessorImpl.java:45)
        at java.base/java.lang.reflect.Constructor.newInstance(Constructor.java:490)
        at org.openqa.selenium.remote.codec.w3c.W3CHttpResponseCodec.createException(W3CHttpResponseCodec.java:200)
        at org.openqa.selenium.remote.codec.w3c.W3CHttpResponseCodec.decode(W3CHttpResponseCodec.java:133)
        at org.openqa.selenium.remote.codec.w3c.W3CHttpResponseCodec.decode(W3CHttpResponseCodec.java:53)
        at org.openqa.selenium.remote.HttpCommandExecutor.execute(HttpCommandExecutor.java:184)
        at org.openqa.selenium.remote.service.DriverCommandExecutor.invokeExecute(DriverCommandExecutor.java:167)
        at org.openqa.selenium.remote.service.DriverCommandExecutor.execute(DriverCommandExecutor.java:142)
        at org.openqa.selenium.remote.RemoteWebDriver.execute(RemoteWebDriver.java:547)
        at org.openqa.selenium.remote.RemoteWebDriver.get(RemoteWebDriver.java:310)
        at org.openqa.selenium.remote.RemoteWebDriver$RemoteNavigation.to(RemoteWebDriver.java:1031)
        at AutoPack1.Test1912.NaviGateToExchange(Test1912.java:86)
        at java.base/jdk.internal.reflect.NativeMethodAccessorImpl.invoke0(Native Method)
        at java.base/jdk.internal.reflect.NativeMethodAccessorImpl.invoke(NativeMethodAccessorImpl.java:62)
        at java.base/jdk.internal.reflect.DelegatingMethodAccessorImpl.invoke(DelegatingMethodAccessorImpl.java:43)
        at java.base/java.lang.reflect.Method.invoke(Method.java:566)
        at org.testng.internal.MethodInvocationHelper.invokeMethod(MethodInvocationHelper.java:133)
        at org.testng.internal.TestInvoker.invokeMethod(TestInvoker.java:598)
        at org.testng.internal.TestInvoker.invokeTestMethod(TestInvoker.java:173)
        at org.testng.internal.MethodRunner.runInSequence(MethodRunner.java:46)
        at org.testng.internal.TestInvoker$MethodInvocationAgent.invoke(TestInvoker.java:824)
        at org.testng.internal.TestInvoker.invokeTestMethods(TestInvoker.java:146)
        at org.testng.internal.TestMethodWorker.invokeTestMethods(TestMethodWorker.java:146)
        at org.testng.internal.TestMethodWorker.run(TestMethodWorker.java:128)
        at java.base/java.util.ArrayList.forEach(ArrayList.java:1541)
        at org.testng.TestRunner.privateRun(TestRunner.java:794)
        at org.testng.TestRunner.run(TestRunner.java:596)
        at org.testng.SuiteRunner.runTest(SuiteRunner.java:377)
        at org.testng.SuiteRunner.runSequentially(SuiteRunner.java:371)
        at org.testng.SuiteRunner.privateRun(SuiteRunner.java:332)
        at org.testng.SuiteRunner.run(SuiteRunner.java:276)
        at org.testng.SuiteRunnerWorker.runSuite(SuiteRunnerWorker.java:53)
        at org.testng.SuiteRunnerWorker.run(SuiteRunnerWorker.java:96)
        at org.testng.TestNG.runSuitesSequentially(TestNG.java:1212)
        at org.testng.TestNG.runSuitesLocally(TestNG.java:1134)
        at org.testng.TestNG.runSuites(TestNG.java:1063)
        at org.testng.TestNG.run(TestNG.java:1031)
        at com.intellij.rt.testng.IDEARemoteTestNG.run(IDEARemoteTestNG.java:66)
        at com.intellij.rt.testng.RemoteTestNGStarter.main(RemoteTestNGStarter.java:109)
    </div>
</div>
<p class="totop"><a href="#summary">back to summary</a></p>
<h2 id="m25">AutoPack1.MetaMask:getMnemonic</h2>
<div>
    <div class="stacktrace">java.lang.NullPointerException
        at AutoPack1.MetaMask.getMnemonic(MetaMask.java:39)
        at java.base/jdk.internal.reflect.NativeMethodAccessorImpl.invoke0(Native Method)
        at java.base/jdk.internal.reflect.NativeMethodAccessorImpl.invoke(NativeMethodAccessorImpl.java:62)
        at java.base/jdk.internal.reflect.DelegatingMethodAccessorImpl.invoke(DelegatingMethodAccessorImpl.java:43)
        at java.base/java.lang.reflect.Method.invoke(Method.java:566)
        at org.testng.internal.MethodInvocationHelper.invokeMethod(MethodInvocationHelper.java:133)
        at org.testng.internal.TestInvoker.invokeMethod(TestInvoker.java:598)
        at org.testng.internal.TestInvoker.invokeTestMethod(TestInvoker.java:173)
        at org.testng.internal.MethodRunner.runInSequence(MethodRunner.java:46)
        at org.testng.internal.TestInvoker$MethodInvocationAgent.invoke(TestInvoker.java:824)
        at org.testng.internal.TestInvoker.invokeTestMethods(TestInvoker.java:146)
        at org.testng.internal.TestMethodWorker.invokeTestMethods(TestMethodWorker.java:146)
        at org.testng.internal.TestMethodWorker.run(TestMethodWorker.java:128)
        at java.base/java.util.ArrayList.forEach(ArrayList.java:1541)
        at org.testng.TestRunner.privateRun(TestRunner.java:794)
        at org.testng.TestRunner.run(TestRunner.java:596)
        at org.testng.SuiteRunner.runTest(SuiteRunner.java:377)
        at org.testng.SuiteRunner.runSequentially(SuiteRunner.java:371)
        at org.testng.SuiteRunner.privateRun(SuiteRunner.java:332)
        at org.testng.SuiteRunner.run(SuiteRunner.java:276)
        at org.testng.SuiteRunnerWorker.runSuite(SuiteRunnerWorker.java:53)
        at org.testng.SuiteRunnerWorker.run(SuiteRunnerWorker.java:96)
        at org.testng.TestNG.runSuitesSequentially(TestNG.java:1212)
        at org.testng.TestNG.runSuitesLocally(TestNG.java:1134)
        at org.testng.TestNG.runSuites(TestNG.java:1063)
        at org.testng.TestNG.run(TestNG.java:1031)
        at com.intellij.rt.testng.IDEARemoteTestNG.run(IDEARemoteTestNG.java:66)
        at com.intellij.rt.testng.RemoteTestNGStarter.main(RemoteTestNGStarter.java:109)
    </div>
</div>
<p class="totop"><a href="#summary">back to summary</a></p>
<h2 id="m26">AutoPack1.Test1912:Captcha</h2>
<div>
    <div class="stacktrace">org.openqa.selenium.NoSuchWindowException: no such window: target window already closed
        from unknown error: web view not found
        (Session info: chrome=109.0.5414.119)
        Build info: version: &apos;4.4.0&apos;, revision: &apos;e5c75ed026a&apos;
        System info: host: &apos;ANT-SIMRANJIT-A&apos;, ip: &apos;10.1.8.104&apos;, os.name: &apos;Windows 11&apos;,
        os.arch: &apos;amd64&apos;, os.version: &apos;10.0&apos;, java.version: &apos;11.0.16.1&apos;
        Driver info: org.openqa.selenium.chrome.ChromeDriver
        Command: [fa88ed07302988cee2cfb065d8c82cbc, switchToFrame {id=0}]
        Capabilities {acceptInsecureCerts: false, browserName: chrome, browserVersion: 109.0.5414.119, chrome:
        {chromedriverVersion: 109.0.5414.74 (e7c5703604da..., userDataDir: C:\Users\user\AppData\Local...},
        goog:chromeOptions: {debuggerAddress: localhost:61999}, networkConnectionEnabled: false, pageLoadStrategy:
        normal, platformName: WINDOWS, proxy: Proxy(), se:cdp: ws://localhost:61999/devtoo..., se:cdpVersion:
        109.0.5414.119, setWindowRect: true, strictFileInteractability: false, timeouts: {implicit: 0, pageLoad: 300000,
        script: 30000}, unhandledPromptBehavior: dismiss and notify, webauthn:extension:credBlob: true,
        webauthn:extension:largeBlob: true, webauthn:virtualAuthenticators: true}
        Session ID: fa88ed07302988cee2cfb065d8c82cbc
        at java.base/jdk.internal.reflect.NativeConstructorAccessorImpl.newInstance0(Native Method)
        at
        java.base/jdk.internal.reflect.NativeConstructorAccessorImpl.newInstance(NativeConstructorAccessorImpl.java:62)
        at
        java.base/jdk.internal.reflect.DelegatingConstructorAccessorImpl.newInstance(DelegatingConstructorAccessorImpl.java:45)
        at java.base/java.lang.reflect.Constructor.newInstance(Constructor.java:490)
        at org.openqa.selenium.remote.codec.w3c.W3CHttpResponseCodec.createException(W3CHttpResponseCodec.java:200)
        at org.openqa.selenium.remote.codec.w3c.W3CHttpResponseCodec.decode(W3CHttpResponseCodec.java:133)
        at org.openqa.selenium.remote.codec.w3c.W3CHttpResponseCodec.decode(W3CHttpResponseCodec.java:53)
        at org.openqa.selenium.remote.HttpCommandExecutor.execute(HttpCommandExecutor.java:184)
        at org.openqa.selenium.remote.service.DriverCommandExecutor.invokeExecute(DriverCommandExecutor.java:167)
        at org.openqa.selenium.remote.service.DriverCommandExecutor.execute(DriverCommandExecutor.java:142)
        at org.openqa.selenium.remote.RemoteWebDriver.execute(RemoteWebDriver.java:547)
        at org.openqa.selenium.remote.RemoteWebDriver$RemoteTargetLocator.frame(RemoteWebDriver.java:1049)
        at AutoPack1.Test1912.Captcha(Test1912.java:47)
        at java.base/jdk.internal.reflect.NativeMethodAccessorImpl.invoke0(Native Method)
        at java.base/jdk.internal.reflect.NativeMethodAccessorImpl.invoke(NativeMethodAccessorImpl.java:62)
        at java.base/jdk.internal.reflect.DelegatingMethodAccessorImpl.invoke(DelegatingMethodAccessorImpl.java:43)
        at java.base/java.lang.reflect.Method.invoke(Method.java:566)
        at org.testng.internal.MethodInvocationHelper.invokeMethod(MethodInvocationHelper.java:133)
        at org.testng.internal.TestInvoker.invokeMethod(TestInvoker.java:598)
        at org.testng.internal.TestInvoker.invokeTestMethod(TestInvoker.java:173)
        at org.testng.internal.MethodRunner.runInSequence(MethodRunner.java:46)
        at org.testng.internal.TestInvoker$MethodInvocationAgent.invoke(TestInvoker.java:824)
        at org.testng.internal.TestInvoker.invokeTestMethods(TestInvoker.java:146)
        at org.testng.internal.TestMethodWorker.invokeTestMethods(TestMethodWorker.java:146)
        at org.testng.internal.TestMethodWorker.run(TestMethodWorker.java:128)
        at java.base/java.util.ArrayList.forEach(ArrayList.java:1541)
        at org.testng.TestRunner.privateRun(TestRunner.java:794)
        at org.testng.TestRunner.run(TestRunner.java:596)
        at org.testng.SuiteRunner.runTest(SuiteRunner.java:377)
        at org.testng.SuiteRunner.runSequentially(SuiteRunner.java:371)
        at org.testng.SuiteRunner.privateRun(SuiteRunner.java:332)
        at org.testng.SuiteRunner.run(SuiteRunner.java:276)
        at org.testng.SuiteRunnerWorker.runSuite(SuiteRunnerWorker.java:53)
        at org.testng.SuiteRunnerWorker.run(SuiteRunnerWorker.java:96)
        at org.testng.TestNG.runSuitesSequentially(TestNG.java:1212)
        at org.testng.TestNG.runSuitesLocally(TestNG.java:1134)
        at org.testng.TestNG.runSuites(TestNG.java:1063)
        at org.testng.TestNG.run(TestNG.java:1031)
        at com.intellij.rt.testng.IDEARemoteTestNG.run(IDEARemoteTestNG.java:66)
        at com.intellij.rt.testng.RemoteTestNGStarter.main(RemoteTestNGStarter.java:109)
    </div>
</div>
<p class="totop"><a href="#summary">back to summary</a></p>
<h2 id="m27">AutoPack1.CompareString:getMnemonic</h2>
<div>
    <div class="stacktrace">java.lang.NullPointerException
        at AutoPack1.CompareString.getMnemonic(CompareString.java:43)
        at java.base/jdk.internal.reflect.NativeMethodAccessorImpl.invoke0(Native Method)
        at java.base/jdk.internal.reflect.NativeMethodAccessorImpl.invoke(NativeMethodAccessorImpl.java:62)
        at java.base/jdk.internal.reflect.DelegatingMethodAccessorImpl.invoke(DelegatingMethodAccessorImpl.java:43)
        at java.base/java.lang.reflect.Method.invoke(Method.java:566)
        at org.testng.internal.MethodInvocationHelper.invokeMethod(MethodInvocationHelper.java:133)
        at org.testng.internal.TestInvoker.invokeMethod(TestInvoker.java:598)
        at org.testng.internal.TestInvoker.invokeTestMethod(TestInvoker.java:173)
        at org.testng.internal.MethodRunner.runInSequence(MethodRunner.java:46)
        at org.testng.internal.TestInvoker$MethodInvocationAgent.invoke(TestInvoker.java:824)
        at org.testng.internal.TestInvoker.invokeTestMethods(TestInvoker.java:146)
        at org.testng.internal.TestMethodWorker.invokeTestMethods(TestMethodWorker.java:146)
        at org.testng.internal.TestMethodWorker.run(TestMethodWorker.java:128)
        at java.base/java.util.ArrayList.forEach(ArrayList.java:1541)
        at org.testng.TestRunner.privateRun(TestRunner.java:794)
        at org.testng.TestRunner.run(TestRunner.java:596)
        at org.testng.SuiteRunner.runTest(SuiteRunner.java:377)
        at org.testng.SuiteRunner.runSequentially(SuiteRunner.java:371)
        at org.testng.SuiteRunner.privateRun(SuiteRunner.java:332)
        at org.testng.SuiteRunner.run(SuiteRunner.java:276)
        at org.testng.SuiteRunnerWorker.runSuite(SuiteRunnerWorker.java:53)
        at org.testng.SuiteRunnerWorker.run(SuiteRunnerWorker.java:96)
        at org.testng.TestNG.runSuitesSequentially(TestNG.java:1212)
        at org.testng.TestNG.runSuitesLocally(TestNG.java:1134)
        at org.testng.TestNG.runSuites(TestNG.java:1063)
        at org.testng.TestNG.run(TestNG.java:1031)
        at com.intellij.rt.testng.IDEARemoteTestNG.run(IDEARemoteTestNG.java:66)
        at com.intellij.rt.testng.RemoteTestNGStarter.main(RemoteTestNGStarter.java:109)
    </div>
</div>
<p class="totop"><a href="#summary">back to summary</a></p>
<h2 id="m28">AutoPack1.DropDownsPractice:InvokeChrome</h2>
<p class="totop"><a href="#summary">back to summary</a></p>
<h2 id="m29">AutoPack1.AutoClass1:openBrowser</h2>
<p class="totop"><a href="#summary">back to summary</a></p>
<h2 id="m30">AutoPack1.Test1912:OpenWebsite</h2>
<p class="totop"><a href="#summary">back to summary</a></p>
<h2 id="m31">AutoPack1.TestFire0901:InvokeChrome</h2>
<p class="totop"><a href="#summary">back to summary</a></p>
<h2 id="m32">AutoPack1.AutoClass1:OpenLink</h2>
<p class="totop"><a href="#summary">back to summary</a></p>
<h2 id="m33">AutoPack1.ExchangeExcelOrders:InvokeChrome</h2>
<p class="totop"><a href="#summary">back to summary</a></p>
<h2 id="m34">AutoPack1.Test1912:InvokeChrome</h2>
<p class="totop"><a href="#summary">back to summary</a></p>
<h2 id="m35">AutoPack1.test0812:openBrowser</h2>
<p class="totop"><a href="#summary">back to summary</a></p>
</body>
</html>
